{"/home/travis/build/npmtest/node-npmtest-gh/test.js":{"path":"/home/travis/build/npmtest/node-npmtest-gh/test.js","s":{"1":2,"2":2,"3":2,"4":2,"5":2,"6":2,"7":2,"8":1,"9":2,"10":2,"11":1,"12":1,"13":1,"14":1,"15":2,"16":2,"17":2,"18":2,"19":1,"20":1,"21":2,"22":2,"23":2,"24":1,"25":1,"26":1,"27":1,"28":1,"29":1,"30":1,"31":1,"32":1,"33":1,"34":1,"35":1,"36":1,"37":1,"38":1,"39":2,"40":2,"41":1,"42":2,"43":2,"44":1,"45":2,"46":2,"47":1,"48":2,"49":2,"50":1,"51":1,"52":1,"53":1,"54":1},"b":{"1":[2,1,1,1],"2":[1,1,1,1],"3":[1,1],"4":[1,1],"5":[1,1],"6":[1,1],"7":[1,1],"8":[1,1],"9":[1,1],"10":[1,1,1],"11":[1,1],"12":[1,1],"13":[1,1],"14":[1,1],"15":[1,1],"16":[1,1],"17":[1,1]},"f":{"1":2,"2":2,"3":2,"4":2,"5":2,"6":1,"7":1,"8":1,"9":2,"10":2,"11":2,"12":2,"13":1},"fnMap":{"1":{"name":"(anonymous_1)","line":12,"loc":{"start":{"line":12,"column":1},"end":{"line":12,"column":13}}},"2":{"name":"(anonymous_2)","line":19,"loc":{"start":{"line":19,"column":5},"end":{"line":19,"column":17}}},"3":{"name":"(anonymous_3)","line":23,"loc":{"start":{"line":23,"column":24},"end":{"line":23,"column":36}}},"4":{"name":"(anonymous_4)","line":61,"loc":{"start":{"line":61,"column":5},"end":{"line":61,"column":17}}},"5":{"name":"(anonymous_5)","line":82,"loc":{"start":{"line":82,"column":5},"end":{"line":82,"column":17}}},"6":{"name":"(anonymous_6)","line":91,"loc":{"start":{"line":91,"column":77},"end":{"line":94,"column":10}}},"7":{"name":"(anonymous_7)","line":112,"loc":{"start":{"line":112,"column":83},"end":{"line":115,"column":10}},"skip":true},"8":{"name":"(anonymous_8)","line":123,"loc":{"start":{"line":123,"column":77},"end":{"line":126,"column":10}},"skip":true},"9":{"name":"(anonymous_9)","line":139,"loc":{"start":{"line":139,"column":12},"end":{"line":139,"column":40}},"skip":true},"10":{"name":"(anonymous_10)","line":147,"loc":{"start":{"line":147,"column":77},"end":{"line":150,"column":10}},"skip":true},"11":{"name":"(anonymous_11)","line":158,"loc":{"start":{"line":158,"column":83},"end":{"line":161,"column":10}},"skip":true},"12":{"name":"(anonymous_12)","line":169,"loc":{"start":{"line":169,"column":79},"end":{"line":172,"column":10}},"skip":true},"13":{"name":"(anonymous_13)","line":180,"loc":{"start":{"line":180,"column":75},"end":{"line":183,"column":10}},"skip":true}},"statementMap":{"1":{"start":{"line":12,"column":0},"end":{"line":195,"column":5}},"2":{"start":{"line":14,"column":4},"end":{"line":14,"column":14}},"3":{"start":{"line":19,"column":4},"end":{"line":56,"column":9}},"4":{"start":{"line":21,"column":8},"end":{"line":21,"column":19}},"5":{"start":{"line":23,"column":8},"end":{"line":35,"column":13}},"6":{"start":{"line":24,"column":12},"end":{"line":34,"column":13}},"7":{"start":{"line":25,"column":16},"end":{"line":28,"column":30}},"8":{"start":{"line":30,"column":16},"end":{"line":33,"column":27}},"9":{"start":{"line":37,"column":8},"end":{"line":39,"column":21}},"10":{"start":{"line":40,"column":8},"end":{"line":53,"column":9}},"11":{"start":{"line":43,"column":12},"end":{"line":46,"column":14}},"12":{"start":{"line":47,"column":12},"end":{"line":47,"column":18}},"13":{"start":{"line":50,"column":12},"end":{"line":51,"column":33}},"14":{"start":{"line":52,"column":12},"end":{"line":52,"column":18}},"15":{"start":{"line":55,"column":8},"end":{"line":55,"column":35}},"16":{"start":{"line":61,"column":4},"end":{"line":63,"column":9}},"17":{"start":{"line":62,"column":8},"end":{"line":62,"column":15}},"18":{"start":{"line":64,"column":4},"end":{"line":77,"column":5}},"19":{"start":{"line":70,"column":8},"end":{"line":70,"column":14}},"20":{"start":{"line":76,"column":8},"end":{"line":76,"column":14}},"21":{"start":{"line":82,"column":4},"end":{"line":84,"column":9}},"22":{"start":{"line":83,"column":8},"end":{"line":83,"column":15}},"23":{"start":{"line":85,"column":4},"end":{"line":194,"column":5}},"24":{"start":{"line":91,"column":8},"end":{"line":99,"column":10}},"25":{"start":{"line":98,"column":12},"end":{"line":98,"column":35}},"26":{"start":{"line":102,"column":8},"end":{"line":104,"column":63}},"27":{"start":{"line":105,"column":8},"end":{"line":105,"column":14}},"28":{"start":{"line":112,"column":8},"end":{"line":121,"column":10},"skip":true},"29":{"start":{"line":119,"column":12},"end":{"line":119,"column":55},"skip":true},"30":{"start":{"line":120,"column":12},"end":{"line":120,"column":48},"skip":true},"31":{"start":{"line":123,"column":8},"end":{"line":136,"column":10},"skip":true},"32":{"start":{"line":130,"column":12},"end":{"line":130,"column":76},"skip":true},"33":{"start":{"line":131,"column":12},"end":{"line":131,"column":73},"skip":true},"34":{"start":{"line":132,"column":12},"end":{"line":132,"column":74},"skip":true},"35":{"start":{"line":133,"column":12},"end":{"line":133,"column":79},"skip":true},"36":{"start":{"line":134,"column":12},"end":{"line":134,"column":25},"skip":true},"37":{"start":{"line":135,"column":12},"end":{"line":135,"column":45},"skip":true},"38":{"start":{"line":138,"column":8},"end":{"line":145,"column":14},"skip":true},"39":{"start":{"line":143,"column":16},"end":{"line":143,"column":29},"skip":true},"40":{"start":{"line":144,"column":16},"end":{"line":144,"column":55},"skip":true},"41":{"start":{"line":147,"column":8},"end":{"line":156,"column":10},"skip":true},"42":{"start":{"line":154,"column":12},"end":{"line":154,"column":25},"skip":true},"43":{"start":{"line":155,"column":12},"end":{"line":155,"column":45},"skip":true},"44":{"start":{"line":158,"column":8},"end":{"line":167,"column":10},"skip":true},"45":{"start":{"line":165,"column":12},"end":{"line":165,"column":25},"skip":true},"46":{"start":{"line":166,"column":12},"end":{"line":166,"column":48},"skip":true},"47":{"start":{"line":169,"column":8},"end":{"line":178,"column":10},"skip":true},"48":{"start":{"line":176,"column":12},"end":{"line":176,"column":25},"skip":true},"49":{"start":{"line":177,"column":12},"end":{"line":177,"column":46},"skip":true},"50":{"start":{"line":180,"column":8},"end":{"line":189,"column":10},"skip":true},"51":{"start":{"line":187,"column":12},"end":{"line":187,"column":94},"skip":true},"52":{"start":{"line":188,"column":12},"end":{"line":188,"column":48},"skip":true},"53":{"start":{"line":192,"column":8},"end":{"line":192,"column":35},"skip":true},"54":{"start":{"line":193,"column":8},"end":{"line":193,"column":14},"skip":true}},"branchMap":{"1":{"line":25,"type":"binary-expr","locations":[{"start":{"line":25,"column":23},"end":{"line":25,"column":62}},{"start":{"line":26,"column":20},"end":{"line":26,"column":70}},{"start":{"line":27,"column":20},"end":{"line":27,"column":71}},{"start":{"line":28,"column":20},"end":{"line":28,"column":29}}]},"2":{"line":30,"type":"binary-expr","locations":[{"start":{"line":30,"column":23},"end":{"line":30,"column":37}},{"start":{"line":31,"column":20},"end":{"line":31,"column":61}},{"start":{"line":32,"column":20},"end":{"line":32,"column":70}},{"start":{"line":33,"column":20},"end":{"line":33,"column":26}}]},"3":{"line":37,"type":"cond-expr","locations":[{"start":{"line":38,"column":14},"end":{"line":38,"column":20}},{"start":{"line":39,"column":14},"end":{"line":39,"column":20}}]},"4":{"line":40,"type":"switch","locations":[{"start":{"line":42,"column":8},"end":{"line":47,"column":18}},{"start":{"line":49,"column":8},"end":{"line":52,"column":18}}]},"5":{"line":44,"type":"binary-expr","locations":[{"start":{"line":44,"column":16},"end":{"line":44,"column":44}},{"start":{"line":44,"column":48},"end":{"line":44,"column":66}}]},"6":{"line":50,"type":"binary-expr","locations":[{"start":{"line":50,"column":21},"end":{"line":50,"column":49}},{"start":{"line":50,"column":53},"end":{"line":50,"column":72}}]},"7":{"line":64,"type":"switch","locations":[{"start":{"line":69,"column":4},"end":{"line":70,"column":14}},{"start":{"line":75,"column":4},"end":{"line":76,"column":14}}]},"8":{"line":85,"type":"switch","locations":[{"start":{"line":90,"column":4},"end":{"line":105,"column":14}},{"start":{"line":111,"column":4},"end":{"line":193,"column":14},"skip":true}]},"9":{"line":91,"type":"binary-expr","locations":[{"start":{"line":91,"column":42},"end":{"line":91,"column":73}},{"start":{"line":91,"column":77},"end":{"line":99,"column":9}}]},"10":{"line":102,"type":"binary-expr","locations":[{"start":{"line":102,"column":18},"end":{"line":102,"column":32}},{"start":{"line":103,"column":12},"end":{"line":103,"column":53}},{"start":{"line":104,"column":12},"end":{"line":104,"column":61}}]},"11":{"line":112,"type":"binary-expr","locations":[{"start":{"line":112,"column":45},"end":{"line":112,"column":79},"skip":true},{"start":{"line":112,"column":83},"end":{"line":121,"column":9},"skip":true}]},"12":{"line":123,"type":"binary-expr","locations":[{"start":{"line":123,"column":42},"end":{"line":123,"column":73},"skip":true},{"start":{"line":123,"column":77},"end":{"line":136,"column":9},"skip":true}]},"13":{"line":138,"type":"binary-expr","locations":[{"start":{"line":138,"column":48},"end":{"line":138,"column":85},"skip":true},{"start":{"line":139,"column":12},"end":{"line":145,"column":13},"skip":true}]},"14":{"line":147,"type":"binary-expr","locations":[{"start":{"line":147,"column":42},"end":{"line":147,"column":73},"skip":true},{"start":{"line":147,"column":77},"end":{"line":156,"column":9},"skip":true}]},"15":{"line":158,"type":"binary-expr","locations":[{"start":{"line":158,"column":45},"end":{"line":158,"column":79},"skip":true},{"start":{"line":158,"column":83},"end":{"line":167,"column":9},"skip":true}]},"16":{"line":169,"type":"binary-expr","locations":[{"start":{"line":169,"column":43},"end":{"line":169,"column":75},"skip":true},{"start":{"line":169,"column":79},"end":{"line":178,"column":9},"skip":true}]},"17":{"line":180,"type":"binary-expr","locations":[{"start":{"line":180,"column":41},"end":{"line":180,"column":71},"skip":true},{"start":{"line":180,"column":75},"end":{"line":189,"column":9},"skip":true}]}},"code":["/* istanbul instrument in package npmtest_gh */","/*jslint","    bitwise: true,","    browser: true,","    maxerr: 8,","    maxlen: 96,","    node: true,","    nomen: true,","    regexp: true,","    stupid: true","*/","(function () {","    'use strict';","    var local;","","","","    // run shared js-env code - init-before","    (function () {","        // init local","        local = {};","        // init modeJs","        local.modeJs = (function () {","            try {","                return typeof navigator.userAgent === 'string' &&","                    typeof document.querySelector('body') === 'object' &&","                    typeof XMLHttpRequest.prototype.open === 'function' &&","                    'browser';","            } catch (errorCaughtBrowser) {","                return module.exports &&","                    typeof process.versions.node === 'string' &&","                    typeof require('http').createServer === 'function' &&","                    'node';","            }","        }());","        // init global","        local.global = local.modeJs === 'browser'","            ? window","            : global;","        switch (local.modeJs) {","        // re-init local from window.local","        case 'browser':","            local = local.global.utility2.objectSetDefault(","                local.global.utility2_rollup || local.global.local,","                local.global.utility2","            );","            break;","        // re-init local from example.js","        case 'node':","            local = (local.global.utility2_rollup || require('utility2'))","                .requireReadme();","            break;","        }","        // export local","        local.global.local = local;","    }());","","","","    // run shared js-env code - function","    (function () {","        return;","    }());","    switch (local.modeJs) {","","","","    // run browser js-env code - function","    case 'browser':","        break;","","","","    // run node js-env code - function","    case 'node':","        break;","    }","","","","    // run shared js-env code - init-after","    (function () {","        return;","    }());","    switch (local.modeJs) {","","","","    // run browser js-env code - init-after","    case 'browser':","        local.testCase_browser_nullCase = local.testCase_browser_nullCase || function (","            options,","            onError","        ) {","        /*","         * this function will test browsers's null-case handling-behavior-behavior","         */","            onError(null, options);","        };","","        // run tests","        local.nop(local.modeTest &&","            document.querySelector('#testRunButton1') &&","            document.querySelector('#testRunButton1').click());","        break;","","","","    // run node js-env code - init-after","    /* istanbul ignore next */","    case 'node':","        local.testCase_buildApidoc_default = local.testCase_buildApidoc_default || function (","            options,","            onError","        ) {","        /*","         * this function will test buildApidoc's default handling-behavior-behavior","         */","            options = { modulePathList: module.paths };","            local.buildApidoc(options, onError);","        };","","        local.testCase_buildApp_default = local.testCase_buildApp_default || function (","            options,","            onError","        ) {","        /*","         * this function will test buildApp's default handling-behavior-behavior","         */","            local.testCase_buildReadme_default(options, local.onErrorThrow);","            local.testCase_buildLib_default(options, local.onErrorThrow);","            local.testCase_buildTest_default(options, local.onErrorThrow);","            local.testCase_buildCustomOrg_default(options, local.onErrorThrow);","            options = [];","            local.buildApp(options, onError);","        };","","        local.testCase_buildCustomOrg_default = local.testCase_buildCustomOrg_default ||","            function (options, onError) {","            /*","             * this function will test buildCustomOrg's default handling-behavior","             */","                options = {};","                local.buildCustomOrg(options, onError);","            };","","        local.testCase_buildLib_default = local.testCase_buildLib_default || function (","            options,","            onError","        ) {","        /*","         * this function will test buildLib's default handling-behavior","         */","            options = {};","            local.buildLib(options, onError);","        };","","        local.testCase_buildReadme_default = local.testCase_buildReadme_default || function (","            options,","            onError","        ) {","        /*","         * this function will test buildReadme's default handling-behavior-behavior","         */","            options = {};","            local.buildReadme(options, onError);","        };","","        local.testCase_buildTest_default = local.testCase_buildTest_default || function (","            options,","            onError","        ) {","        /*","         * this function will test buildTest's default handling-behavior","         */","            options = {};","            local.buildTest(options, onError);","        };","","        local.testCase_webpage_default = local.testCase_webpage_default || function (","            options,","            onError","        ) {","        /*","         * this function will test webpage's default handling-behavior","         */","            options = { modeCoverageMerge: true, url: local.serverLocalHost + '?modeTest=1' };","            local.browserTest(options, onError);","        };","","        // run test-server","        local.testRunServer(local);","        break;","    }","}());",""],"l":{"12":2,"14":2,"19":2,"21":2,"23":2,"24":2,"25":2,"30":1,"37":2,"40":2,"43":1,"47":1,"50":1,"52":1,"55":2,"61":2,"62":2,"64":2,"70":1,"76":1,"82":2,"83":2,"85":2,"91":1,"98":1,"102":1,"105":1,"112":1,"119":1,"120":1,"123":1,"130":1,"131":1,"132":1,"133":1,"134":1,"135":1,"138":1,"143":2,"144":2,"147":1,"154":2,"155":2,"158":1,"165":2,"166":2,"169":1,"176":2,"177":2,"180":1,"187":1,"188":1,"192":1,"193":1}},"/home/travis/build/npmtest/node-npmtest-gh/lib.npmtest_gh.js":{"path":"/home/travis/build/npmtest/node-npmtest-gh/lib.npmtest_gh.js","s":{"1":2,"2":2,"3":2,"4":2,"5":2,"6":2,"7":2,"8":1,"9":2,"10":2,"11":2,"12":2,"13":1,"14":1,"15":1,"16":1},"b":{"1":[2,1,1,1],"2":[1,1,1,1],"3":[1,1],"4":[2,2],"5":[1,1]},"f":{"1":2,"2":2,"3":2},"fnMap":{"1":{"name":"(anonymous_1)","line":12,"loc":{"start":{"line":12,"column":1},"end":{"line":12,"column":13}}},"2":{"name":"(anonymous_2)","line":19,"loc":{"start":{"line":19,"column":5},"end":{"line":19,"column":17}}},"3":{"name":"(anonymous_3)","line":23,"loc":{"start":{"line":23,"column":24},"end":{"line":23,"column":36}}}},"statementMap":{"1":{"start":{"line":12,"column":0},"end":{"line":53,"column":5}},"2":{"start":{"line":14,"column":4},"end":{"line":14,"column":14}},"3":{"start":{"line":19,"column":4},"end":{"line":52,"column":9}},"4":{"start":{"line":21,"column":8},"end":{"line":21,"column":19}},"5":{"start":{"line":23,"column":8},"end":{"line":35,"column":13}},"6":{"start":{"line":24,"column":12},"end":{"line":34,"column":13}},"7":{"start":{"line":25,"column":16},"end":{"line":28,"column":30}},"8":{"start":{"line":30,"column":16},"end":{"line":33,"column":27}},"9":{"start":{"line":37,"column":8},"end":{"line":39,"column":21}},"10":{"start":{"line":41,"column":8},"end":{"line":41,"column":54}},"11":{"start":{"line":43,"column":8},"end":{"line":43,"column":47}},"12":{"start":{"line":45,"column":8},"end":{"line":51,"column":9}},"13":{"start":{"line":46,"column":12},"end":{"line":46,"column":53}},"14":{"start":{"line":48,"column":12},"end":{"line":48,"column":35}},"15":{"start":{"line":49,"column":12},"end":{"line":49,"column":49}},"16":{"start":{"line":50,"column":12},"end":{"line":50,"column":43}}},"branchMap":{"1":{"line":25,"type":"binary-expr","locations":[{"start":{"line":25,"column":23},"end":{"line":25,"column":62}},{"start":{"line":26,"column":20},"end":{"line":26,"column":70}},{"start":{"line":27,"column":20},"end":{"line":27,"column":71}},{"start":{"line":28,"column":20},"end":{"line":28,"column":29}}]},"2":{"line":30,"type":"binary-expr","locations":[{"start":{"line":30,"column":23},"end":{"line":30,"column":37}},{"start":{"line":31,"column":20},"end":{"line":31,"column":61}},{"start":{"line":32,"column":20},"end":{"line":32,"column":70}},{"start":{"line":33,"column":20},"end":{"line":33,"column":26}}]},"3":{"line":37,"type":"cond-expr","locations":[{"start":{"line":38,"column":14},"end":{"line":38,"column":20}},{"start":{"line":39,"column":14},"end":{"line":39,"column":20}}]},"4":{"line":41,"type":"binary-expr","locations":[{"start":{"line":41,"column":16},"end":{"line":41,"column":44}},{"start":{"line":41,"column":48},"end":{"line":41,"column":53}}]},"5":{"line":45,"type":"if","locations":[{"start":{"line":45,"column":8},"end":{"line":45,"column":8}},{"start":{"line":45,"column":8},"end":{"line":45,"column":8}}]}},"code":["/* istanbul instrument in package npmtest_gh */","/*jslint","    bitwise: true,","    browser: true,","    maxerr: 8,","    maxlen: 96,","    node: true,","    nomen: true,","    regexp: true,","    stupid: true","*/","(function () {","    'use strict';","    var local;","","","","    // run shared js-env code - init-before","    (function () {","        // init local","        local = {};","        // init modeJs","        local.modeJs = (function () {","            try {","                return typeof navigator.userAgent === 'string' &&","                    typeof document.querySelector('body') === 'object' &&","                    typeof XMLHttpRequest.prototype.open === 'function' &&","                    'browser';","            } catch (errorCaughtBrowser) {","                return module.exports &&","                    typeof process.versions.node === 'string' &&","                    typeof require('http').createServer === 'function' &&","                    'node';","            }","        }());","        // init global","        local.global = local.modeJs === 'browser'","            ? window","            : global;","        // init utility2_rollup","        local = local.global.utility2_rollup || local;","        // init lib","        local.local = local.npmtest_gh = local;","        // init exports","        if (local.modeJs === 'browser') {","            local.global.utility2_npmtest_gh = local;","        } else {","            module.exports = local;","            module.exports.__dirname = __dirname;","            module.exports.module = module;","        }","    }());","}());",""],"l":{"12":2,"14":2,"19":2,"21":2,"23":2,"24":2,"25":2,"30":1,"37":2,"41":2,"43":2,"45":2,"46":1,"48":1,"49":1,"50":1}},"/home/travis/build/npmtest/node-npmtest-gh/example.js":{"path":"/home/travis/build/npmtest/node-npmtest-gh/example.js","s":{"1":2,"2":2,"3":2,"4":2,"5":2,"6":2,"7":2,"8":1,"9":2,"10":2,"11":2,"12":2,"13":1,"14":2,"15":2,"16":2,"17":2,"18":2,"19":0,"20":2,"21":1,"22":1,"23":1,"24":1,"25":1,"26":0,"27":0,"28":1,"29":1,"30":2,"31":0,"32":0,"33":0,"34":1,"35":2,"36":2,"37":3,"38":3,"39":3,"40":3,"41":0,"42":3,"43":3,"44":3,"45":1,"46":3,"47":1,"48":1,"49":1,"50":1,"51":1,"52":1,"53":1,"54":1,"55":1,"56":1,"57":0,"58":1,"59":6,"60":6,"61":1,"62":2,"63":0,"64":2,"65":1,"66":1,"67":0,"68":0,"69":0,"70":0,"71":0,"72":0,"73":0,"74":0,"75":0,"76":0,"77":0,"78":0,"79":0,"80":0,"81":0,"82":0,"83":0},"b":{"1":[2,1,1,1],"2":[1,1,1,1],"3":[1,1],"4":[2,2],"5":[1,1],"6":[1,1],"7":[2,0],"8":[2,1,1,1,1,1],"9":[0,2,0],"10":[1,1],"11":[2,1,1],"12":[1,0],"13":[0,2],"14":[2,0,0,0,0,0,0],"15":[0,3],"16":[3,0],"17":[1,1],"18":[0,1],"19":[1,2,0,2],"20":[1,0],"21":[1,1],"22":[0,0],"23":[0,0],"24":[0,0],"25":[0,0],"26":[0,0],"27":[0,0],"28":[0,0]},"f":{"1":2,"2":2,"3":2,"4":2,"5":2,"6":2,"7":3,"8":3,"9":3,"10":1,"11":6,"12":0},"fnMap":{"1":{"name":"(anonymous_1)","line":26,"loc":{"start":{"line":26,"column":1},"end":{"line":26,"column":13}}},"2":{"name":"(anonymous_2)","line":33,"loc":{"start":{"line":33,"column":5},"end":{"line":33,"column":17}}},"3":{"name":"(anonymous_3)","line":37,"loc":{"start":{"line":37,"column":24},"end":{"line":37,"column":36}}},"4":{"name":"(anonymous_4)","line":69,"loc":{"start":{"line":69,"column":31},"end":{"line":69,"column":48}},"skip":true},"5":{"name":"(anonymous_5)","line":78,"loc":{"start":{"line":78,"column":26},"end":{"line":78,"column":45}},"skip":true},"6":{"name":"(anonymous_6)","line":123,"loc":{"start":{"line":123,"column":33},"end":{"line":123,"column":48}},"skip":true},"7":{"name":"(anonymous_7)","line":125,"loc":{"start":{"line":125,"column":27},"end":{"line":125,"column":39}},"skip":true},"8":{"name":"(anonymous_8)","line":133,"loc":{"start":{"line":133,"column":59},"end":{"line":133,"column":74}},"skip":true},"9":{"name":"(anonymous_9)","line":143,"loc":{"start":{"line":143,"column":45},"end":{"line":143,"column":62}},"skip":true},"10":{"name":"(anonymous_10)","line":144,"loc":{"start":{"line":144,"column":73},"end":{"line":144,"column":92}},"skip":true},"11":{"name":"(anonymous_11)","line":272,"loc":{"start":{"line":272,"column":51},"end":{"line":272,"column":77}},"skip":true},"12":{"name":"(anonymous_12)","line":315,"loc":{"start":{"line":315,"column":32},"end":{"line":315,"column":61}},"skip":true}},"statementMap":{"1":{"start":{"line":26,"column":0},"end":{"line":326,"column":5}},"2":{"start":{"line":28,"column":4},"end":{"line":28,"column":14}},"3":{"start":{"line":33,"column":4},"end":{"line":60,"column":9}},"4":{"start":{"line":35,"column":8},"end":{"line":35,"column":19}},"5":{"start":{"line":37,"column":8},"end":{"line":49,"column":13}},"6":{"start":{"line":38,"column":12},"end":{"line":48,"column":13}},"7":{"start":{"line":39,"column":16},"end":{"line":42,"column":30}},"8":{"start":{"line":44,"column":16},"end":{"line":47,"column":27}},"9":{"start":{"line":51,"column":8},"end":{"line":53,"column":21}},"10":{"start":{"line":55,"column":8},"end":{"line":57,"column":45}},"11":{"start":{"line":59,"column":8},"end":{"line":59,"column":35}},"12":{"start":{"line":61,"column":4},"end":{"line":325,"column":5}},"13":{"start":{"line":69,"column":8},"end":{"line":121,"column":10},"skip":true},"14":{"start":{"line":70,"column":12},"end":{"line":88,"column":13},"skip":true},"15":{"start":{"line":76,"column":16},"end":{"line":87,"column":19},"skip":true},"16":{"start":{"line":79,"column":20},"end":{"line":86,"column":21},"skip":true},"17":{"start":{"line":82,"column":24},"end":{"line":82,"column":43},"skip":true},"18":{"start":{"line":83,"column":24},"end":{"line":83,"column":30},"skip":true},"19":{"start":{"line":85,"column":24},"end":{"line":85,"column":49},"skip":true},"20":{"start":{"line":89,"column":12},"end":{"line":107,"column":13},"skip":true},"21":{"start":{"line":92,"column":16},"end":{"line":102,"column":17},"skip":true},"22":{"start":{"line":93,"column":20},"end":{"line":93,"column":86},"skip":true},"23":{"start":{"line":94,"column":20},"end":{"line":95,"column":45},"skip":true},"24":{"start":{"line":96,"column":20},"end":{"line":96,"column":42},"skip":true},"25":{"start":{"line":97,"column":20},"end":{"line":97,"column":48},"skip":true},"26":{"start":{"line":100,"column":20},"end":{"line":100,"column":85},"skip":true},"27":{"start":{"line":101,"column":20},"end":{"line":101,"column":96},"skip":true},"28":{"start":{"line":103,"column":16},"end":{"line":103,"column":22},"skip":true},"29":{"start":{"line":106,"column":16},"end":{"line":106,"column":22},"skip":true},"30":{"start":{"line":108,"column":12},"end":{"line":120,"column":13},"skip":true},"31":{"start":{"line":114,"column":16},"end":{"line":119,"column":17},"skip":true},"32":{"start":{"line":116,"column":20},"end":{"line":116,"column":78},"skip":true},"33":{"start":{"line":118,"column":20},"end":{"line":118,"column":47},"skip":true},"34":{"start":{"line":123,"column":8},"end":{"line":141,"column":11},"skip":true},"35":{"start":{"line":124,"column":12},"end":{"line":124,"column":54},"skip":true},"36":{"start":{"line":125,"column":12},"end":{"line":140,"column":14},"skip":true},"37":{"start":{"line":126,"column":16},"end":{"line":126,"column":28},"skip":true},"38":{"start":{"line":127,"column":16},"end":{"line":127,"column":69},"skip":true},"39":{"start":{"line":128,"column":16},"end":{"line":128,"column":75},"skip":true},"40":{"start":{"line":129,"column":16},"end":{"line":131,"column":17},"skip":true},"41":{"start":{"line":130,"column":20},"end":{"line":130,"column":27},"skip":true},"42":{"start":{"line":133,"column":16},"end":{"line":137,"column":36},"skip":true},"43":{"start":{"line":134,"column":20},"end":{"line":136,"column":55},"skip":true},"44":{"start":{"line":139,"column":16},"end":{"line":139,"column":57},"skip":true},"45":{"start":{"line":143,"column":8},"end":{"line":147,"column":11},"skip":true},"46":{"start":{"line":144,"column":12},"end":{"line":146,"column":15},"skip":true},"47":{"start":{"line":145,"column":16},"end":{"line":145,"column":70},"skip":true},"48":{"start":{"line":149,"column":8},"end":{"line":149,"column":31},"skip":true},"49":{"start":{"line":150,"column":8},"end":{"line":150,"column":14},"skip":true},"50":{"start":{"line":158,"column":8},"end":{"line":158,"column":31},"skip":true},"51":{"start":{"line":160,"column":8},"end":{"line":160,"column":33},"skip":true},"52":{"start":{"line":161,"column":8},"end":{"line":161,"column":37},"skip":true},"53":{"start":{"line":162,"column":8},"end":{"line":162,"column":35},"skip":true},"54":{"start":{"line":164,"column":8},"end":{"line":164,"column":50},"skip":true},"55":{"start":{"line":166,"column":8},"end":{"line":256,"column":2},"skip":true},"56":{"start":{"line":258,"column":8},"end":{"line":286,"column":9},"skip":true},"57":{"start":{"line":259,"column":12},"end":{"line":269,"column":14},"skip":true},"58":{"start":{"line":271,"column":12},"end":{"line":285,"column":19},"skip":true},"59":{"start":{"line":274,"column":20},"end":{"line":274,"column":35},"skip":true},"60":{"start":{"line":275,"column":20},"end":{"line":284,"column":21},"skip":true},"61":{"start":{"line":277,"column":24},"end":{"line":277,"column":64},"skip":true},"62":{"start":{"line":279,"column":24},"end":{"line":279,"column":40},"skip":true},"63":{"start":{"line":281,"column":24},"end":{"line":281,"column":40},"skip":true},"64":{"start":{"line":283,"column":24},"end":{"line":283,"column":39},"skip":true},"65":{"start":{"line":288,"column":8},"end":{"line":290,"column":9},"skip":true},"66":{"start":{"line":289,"column":12},"end":{"line":289,"column":18},"skip":true},"67":{"start":{"line":291,"column":8},"end":{"line":293,"column":54},"skip":true},"68":{"start":{"line":296,"column":8},"end":{"line":301,"column":37},"skip":true},"69":{"start":{"line":303,"column":8},"end":{"line":303,"column":82},"skip":true},"70":{"start":{"line":306,"column":8},"end":{"line":308,"column":9},"skip":true},"71":{"start":{"line":307,"column":12},"end":{"line":307,"column":82},"skip":true},"72":{"start":{"line":310,"column":8},"end":{"line":312,"column":9},"skip":true},"73":{"start":{"line":311,"column":12},"end":{"line":311,"column":18},"skip":true},"74":{"start":{"line":313,"column":8},"end":{"line":313,"column":54},"skip":true},"75":{"start":{"line":314,"column":8},"end":{"line":314,"column":69},"skip":true},"76":{"start":{"line":315,"column":8},"end":{"line":323,"column":36},"skip":true},"77":{"start":{"line":316,"column":12},"end":{"line":316,"column":61},"skip":true},"78":{"start":{"line":317,"column":12},"end":{"line":320,"column":13},"skip":true},"79":{"start":{"line":318,"column":16},"end":{"line":318,"column":75},"skip":true},"80":{"start":{"line":319,"column":16},"end":{"line":319,"column":23},"skip":true},"81":{"start":{"line":321,"column":12},"end":{"line":321,"column":38},"skip":true},"82":{"start":{"line":322,"column":12},"end":{"line":322,"column":27},"skip":true},"83":{"start":{"line":324,"column":8},"end":{"line":324,"column":14},"skip":true}},"branchMap":{"1":{"line":39,"type":"binary-expr","locations":[{"start":{"line":39,"column":23},"end":{"line":39,"column":62}},{"start":{"line":40,"column":20},"end":{"line":40,"column":70}},{"start":{"line":41,"column":20},"end":{"line":41,"column":71}},{"start":{"line":42,"column":20},"end":{"line":42,"column":29}}]},"2":{"line":44,"type":"binary-expr","locations":[{"start":{"line":44,"column":23},"end":{"line":44,"column":37}},{"start":{"line":45,"column":20},"end":{"line":45,"column":61}},{"start":{"line":46,"column":20},"end":{"line":46,"column":70}},{"start":{"line":47,"column":20},"end":{"line":47,"column":26}}]},"3":{"line":51,"type":"cond-expr","locations":[{"start":{"line":52,"column":14},"end":{"line":52,"column":20}},{"start":{"line":53,"column":14},"end":{"line":53,"column":20}}]},"4":{"line":55,"type":"binary-expr","locations":[{"start":{"line":55,"column":16},"end":{"line":55,"column":44}},{"start":{"line":55,"column":49},"end":{"line":57,"column":43}}]},"5":{"line":55,"type":"cond-expr","locations":[{"start":{"line":56,"column":14},"end":{"line":56,"column":46}},{"start":{"line":57,"column":14},"end":{"line":57,"column":43}}]},"6":{"line":61,"type":"switch","locations":[{"start":{"line":68,"column":4},"end":{"line":150,"column":14},"skip":true},{"start":{"line":156,"column":4},"end":{"line":324,"column":14},"skip":true}]},"7":{"line":70,"type":"if","locations":[{"start":{"line":70,"column":12},"end":{"line":70,"column":12},"skip":true},{"start":{"line":70,"column":12},"end":{"line":70,"column":12},"skip":true}]},"8":{"line":70,"type":"binary-expr","locations":[{"start":{"line":70,"column":16},"end":{"line":70,"column":22},"skip":true},{"start":{"line":70,"column":27},"end":{"line":70,"column":32},"skip":true},{"start":{"line":71,"column":20},"end":{"line":71,"column":39},"skip":true},{"start":{"line":72,"column":20},"end":{"line":72,"column":49},"skip":true},{"start":{"line":73,"column":20},"end":{"line":73,"column":58},"skip":true},{"start":{"line":74,"column":20},"end":{"line":74,"column":69},"skip":true}]},"9":{"line":79,"type":"switch","locations":[{"start":{"line":80,"column":20},"end":{"line":80,"column":33},"skip":true},{"start":{"line":81,"column":20},"end":{"line":83,"column":30},"skip":true},{"start":{"line":84,"column":20},"end":{"line":85,"column":49},"skip":true}]},"10":{"line":89,"type":"switch","locations":[{"start":{"line":90,"column":12},"end":{"line":103,"column":22},"skip":true},{"start":{"line":105,"column":12},"end":{"line":106,"column":22},"skip":true}]},"11":{"line":89,"type":"binary-expr","locations":[{"start":{"line":89,"column":20},"end":{"line":89,"column":25},"skip":true},{"start":{"line":89,"column":29},"end":{"line":89,"column":48},"skip":true},{"start":{"line":89,"column":52},"end":{"line":89,"column":74},"skip":true}]},"12":{"line":92,"type":"if","locations":[{"start":{"line":92,"column":16},"end":{"line":92,"column":16},"skip":true},{"start":{"line":92,"column":16},"end":{"line":92,"column":16},"skip":true}]},"13":{"line":108,"type":"if","locations":[{"start":{"line":108,"column":12},"end":{"line":108,"column":12},"skip":true},{"start":{"line":108,"column":12},"end":{"line":108,"column":12},"skip":true}]},"14":{"line":108,"type":"binary-expr","locations":[{"start":{"line":108,"column":16},"end":{"line":108,"column":61},"skip":true},{"start":{"line":108,"column":66},"end":{"line":108,"column":72},"skip":true},{"start":{"line":108,"column":77},"end":{"line":108,"column":82},"skip":true},{"start":{"line":109,"column":20},"end":{"line":109,"column":39},"skip":true},{"start":{"line":110,"column":20},"end":{"line":110,"column":49},"skip":true},{"start":{"line":111,"column":20},"end":{"line":111,"column":58},"skip":true},{"start":{"line":112,"column":20},"end":{"line":112,"column":68},"skip":true}]},"15":{"line":129,"type":"if","locations":[{"start":{"line":129,"column":16},"end":{"line":129,"column":16},"skip":true},{"start":{"line":129,"column":16},"end":{"line":129,"column":16},"skip":true}]},"16":{"line":134,"type":"cond-expr","locations":[{"start":{"line":135,"column":26},"end":{"line":135,"column":29},"skip":true},{"start":{"line":136,"column":26},"end":{"line":136,"column":54},"skip":true}]},"17":{"line":164,"type":"binary-expr","locations":[{"start":{"line":164,"column":27},"end":{"line":164,"column":43},"skip":true},{"start":{"line":164,"column":47},"end":{"line":164,"column":49},"skip":true}]},"18":{"line":258,"type":"if","locations":[{"start":{"line":258,"column":8},"end":{"line":258,"column":8},"skip":true},{"start":{"line":258,"column":8},"end":{"line":258,"column":8},"skip":true}]},"19":{"line":275,"type":"switch","locations":[{"start":{"line":276,"column":20},"end":{"line":277,"column":64},"skip":true},{"start":{"line":278,"column":20},"end":{"line":279,"column":40},"skip":true},{"start":{"line":280,"column":20},"end":{"line":281,"column":40},"skip":true},{"start":{"line":282,"column":20},"end":{"line":283,"column":39},"skip":true}]},"20":{"line":288,"type":"if","locations":[{"start":{"line":288,"column":8},"end":{"line":288,"column":8},"skip":true},{"start":{"line":288,"column":8},"end":{"line":288,"column":8},"skip":true}]},"21":{"line":288,"type":"binary-expr","locations":[{"start":{"line":288,"column":12},"end":{"line":288,"column":40},"skip":true},{"start":{"line":288,"column":44},"end":{"line":288,"column":67},"skip":true}]},"22":{"line":292,"type":"binary-expr","locations":[{"start":{"line":292,"column":12},"end":{"line":292,"column":50},"skip":true},{"start":{"line":293,"column":12},"end":{"line":293,"column":53},"skip":true}]},"23":{"line":297,"type":"binary-expr","locations":[{"start":{"line":297,"column":12},"end":{"line":297,"column":60},"skip":true},{"start":{"line":298,"column":12},"end":{"line":301,"column":36},"skip":true}]},"24":{"line":303,"type":"binary-expr","locations":[{"start":{"line":303,"column":43},"end":{"line":303,"column":75},"skip":true},{"start":{"line":303,"column":79},"end":{"line":303,"column":81},"skip":true}]},"25":{"line":306,"type":"if","locations":[{"start":{"line":306,"column":8},"end":{"line":306,"column":8},"skip":true},{"start":{"line":306,"column":8},"end":{"line":306,"column":8},"skip":true}]},"26":{"line":310,"type":"if","locations":[{"start":{"line":310,"column":8},"end":{"line":310,"column":8},"skip":true},{"start":{"line":310,"column":8},"end":{"line":310,"column":8},"skip":true}]},"27":{"line":313,"type":"binary-expr","locations":[{"start":{"line":313,"column":27},"end":{"line":313,"column":43},"skip":true},{"start":{"line":313,"column":47},"end":{"line":313,"column":53},"skip":true}]},"28":{"line":317,"type":"if","locations":[{"start":{"line":317,"column":12},"end":{"line":317,"column":12},"skip":true},{"start":{"line":317,"column":12},"end":{"line":317,"column":12},"skip":true}]}},"code":["/*","example.js","","quickstart example","","instruction","    1. save this script as example.js","    2. run the shell command:","        $ npm install npmtest-gh && PORT=8081 node example.js","    3. play with the browser-demo on http://127.0.0.1:8081","*/","","","","/* istanbul instrument in package npmtest_gh */","/*jslint","    bitwise: true,","    browser: true,","    maxerr: 8,","    maxlen: 96,","    node: true,","    nomen: true,","    regexp: true,","    stupid: true","*/","(function () {","    'use strict';","    var local;","","","","    // run shared js-env code - init-before","    (function () {","        // init local","        local = {};","        // init modeJs","        local.modeJs = (function () {","            try {","                return typeof navigator.userAgent === 'string' &&","                    typeof document.querySelector('body') === 'object' &&","                    typeof XMLHttpRequest.prototype.open === 'function' &&","                    'browser';","            } catch (errorCaughtBrowser) {","                return module.exports &&","                    typeof process.versions.node === 'string' &&","                    typeof require('http').createServer === 'function' &&","                    'node';","            }","        }());","        // init global","        local.global = local.modeJs === 'browser'","            ? window","            : global;","        // init utility2_rollup","        local = local.global.utility2_rollup || (local.modeJs === 'browser'","            ? local.global.utility2_npmtest_gh","            : global.utility2_moduleExports);","        // export local","        local.global.local = local;","    }());","    switch (local.modeJs) {","","","","    // init-after","    // run browser js-env code - init-after","    /* istanbul ignore next */","    case 'browser':","        local.testRunBrowser = function (event) {","            if (!event || (event &&","                    event.currentTarget &&","                    event.currentTarget.className &&","                    event.currentTarget.className.includes &&","                    event.currentTarget.className.includes('onreset'))) {","                // reset output","                Array.from(","                    document.querySelectorAll('body > .resettable')","                ).forEach(function (element) {","                    switch (element.tagName) {","                    case 'INPUT':","                    case 'TEXTAREA':","                        element.value = '';","                        break;","                    default:","                        element.textContent = '';","                    }","                });","            }","            switch (event && event.currentTarget && event.currentTarget.id) {","            case 'testRunButton1':","                // show tests","                if (document.querySelector('#testReportDiv1').style.display === 'none') {","                    document.querySelector('#testReportDiv1').style.display = 'block';","                    document.querySelector('#testRunButton1').textContent =","                        'hide internal test';","                    local.modeTest = true;","                    local.testRunDefault(local);","                // hide tests","                } else {","                    document.querySelector('#testReportDiv1').style.display = 'none';","                    document.querySelector('#testRunButton1').textContent = 'run internal test';","                }","                break;","            // custom-case","            default:","                break;","            }","            if (document.querySelector('#inputTextareaEval1') && (!event || (event &&","                    event.currentTarget &&","                    event.currentTarget.className &&","                    event.currentTarget.className.includes &&","                    event.currentTarget.className.includes('oneval')))) {","                // try to eval input-code","                try {","                    /*jslint evil: true*/","                    eval(document.querySelector('#inputTextareaEval1').value);","                } catch (errorCaught) {","                    console.error(errorCaught);","                }","            }","        };","        // log stderr and stdout to #outputTextareaStdout1","        ['error', 'log'].forEach(function (key) {","            console[key + '_original'] = console[key];","            console[key] = function () {","                var element;","                console[key + '_original'].apply(console, arguments);","                element = document.querySelector('#outputTextareaStdout1');","                if (!element) {","                    return;","                }","                // append text to #outputTextareaStdout1","                element.value += Array.from(arguments).map(function (arg) {","                    return typeof arg === 'string'","                        ? arg","                        : JSON.stringify(arg, null, 4);","                }).join(' ') + '\\n';","                // scroll textarea to bottom","                element.scrollTop = element.scrollHeight;","            };","        });","        // init event-handling","        ['change', 'click', 'keyup'].forEach(function (event) {","            Array.from(document.querySelectorAll('.on' + event)).forEach(function (element) {","                element.addEventListener(event, local.testRunBrowser);","            });","        });","        // run tests","        local.testRunBrowser();","        break;","","","","    // run node js-env code - init-after","    /* istanbul ignore next */","    case 'node':","        // export local","        module.exports = local;","        // require modules","        local.fs = require('fs');","        local.http = require('http');","        local.url = require('url');","        // init assets","        local.assetsDict = local.assetsDict || {};","        /* jslint-ignore-begin */","        local.assetsDict['/assets.index.template.html'] = '\\","<!doctype html>\\n\\","<html lang=\"en\">\\n\\","<head>\\n\\","<meta charset=\"UTF-8\">\\n\\","<meta name=\"viewport\" content=\"width=device-width, initial-scale=1\">\\n\\","<title>{{env.npm_package_name}} (v{{env.npm_package_version}})</title>\\n\\","<style>\\n\\","/*csslint\\n\\","    box-sizing: false,\\n\\","    universal-selector: false\\n\\","*/\\n\\","* {\\n\\","    box-sizing: border-box;\\n\\","}\\n\\","body {\\n\\","    background: #dde;\\n\\","    font-family: Arial, Helvetica, sans-serif;\\n\\","    margin: 2rem;\\n\\","}\\n\\","body > * {\\n\\","    margin-bottom: 1rem;\\n\\","}\\n\\",".utility2FooterDiv {\\n\\","    margin-top: 20px;\\n\\","    text-align: center;\\n\\","}\\n\\","</style>\\n\\","<style>\\n\\","/*csslint\\n\\","*/\\n\\","textarea {\\n\\","    font-family: monospace;\\n\\","    height: 10rem;\\n\\","    width: 100%;\\n\\","}\\n\\","textarea[readonly] {\\n\\","    background: #ddd;\\n\\","}\\n\\","</style>\\n\\","</head>\\n\\","<body>\\n\\","<!-- utility2-comment\\n\\","<div id=\"ajaxProgressDiv1\" style=\"background: #d00; height: 2px; left: 0; margin: 0; padding: 0; position: fixed; top: 0; transition: background 0.5s, width 1.5s; width: 25%;\"></div>\\n\\","utility2-comment -->\\n\\","<h1>\\n\\","<!-- utility2-comment\\n\\","    <a\\n\\","        {{#if env.npm_package_homepage}}\\n\\","        href=\"{{env.npm_package_homepage}}\"\\n\\","        {{/if env.npm_package_homepage}}\\n\\","        target=\"_blank\"\\n\\","    >\\n\\","utility2-comment -->\\n\\","        {{env.npm_package_name}} (v{{env.npm_package_version}})\\n\\","<!-- utility2-comment\\n\\","    </a>\\n\\","utility2-comment -->\\n\\","</h1>\\n\\","<h3>{{env.npm_package_description}}</h3>\\n\\","<!-- utility2-comment\\n\\","<h4><a download href=\"assets.app.js\">download standalone app</a></h4>\\n\\","<button class=\"onclick onreset\" id=\"testRunButton1\">run internal test</button><br>\\n\\","<div id=\"testReportDiv1\" style=\"display: none;\"></div>\\n\\","utility2-comment -->\\n\\","\\n\\","\\n\\","\\n\\","<label>stderr and stdout</label>\\n\\","<textarea class=\"resettable\" id=\"outputTextareaStdout1\" readonly></textarea>\\n\\","<!-- utility2-comment\\n\\","{{#if isRollup}}\\n\\","<script src=\"assets.app.js\"></script>\\n\\","{{#unless isRollup}}\\n\\","utility2-comment -->\\n\\","<script src=\"assets.utility2.rollup.js\"></script>\\n\\","<script src=\"jsonp.utility2._stateInit?callback=window.utility2._stateInit\"></script>\\n\\","<script src=\"assets.npmtest_gh.rollup.js\"></script>\\n\\","<script src=\"assets.example.js\"></script>\\n\\","<script src=\"assets.test.js\"></script>\\n\\","<!-- utility2-comment\\n\\","{{/if isRollup}}\\n\\","utility2-comment -->\\n\\","<div class=\"utility2FooterDiv\">\\n\\","    [ this app was created with\\n\\","    <a href=\"https://github.com/kaizhu256/node-utility2\" target=\"_blank\">utility2</a>\\n\\","    ]\\n\\","</div>\\n\\","</body>\\n\\","</html>\\n\\","';","        /* jslint-ignore-end */","        if (local.templateRender) {","            local.assetsDict['/'] = local.templateRender(","                local.assetsDict['/assets.index.template.html'],","                {","                    env: local.objectSetDefault(local.env, {","                        npm_package_description: 'the greatest app in the world!',","                        npm_package_name: 'my-app',","                        npm_package_nameAlias: 'my_app',","                        npm_package_version: '0.0.1'","                    })","                }","            );","        } else {","            local.assetsDict['/'] = local.assetsDict['/assets.index.template.html']","                .replace((/\\{\\{env\\.(\\w+?)\\}\\}/g), function (match0, match1) {","                    // jslint-hack","                    String(match0);","                    switch (match1) {","                    case 'npm_package_description':","                        return 'the greatest app in the world!';","                    case 'npm_package_name':","                        return 'my-app';","                    case 'npm_package_nameAlias':","                        return 'my_app';","                    case 'npm_package_version':","                        return '0.0.1';","                    }","                });","        }","        // run the cli","        if (local.global.utility2_rollup || module !== require.main) {","            break;","        }","        local.assetsDict['/assets.example.js'] =","            local.assetsDict['/assets.example.js'] ||","            local.fs.readFileSync(__filename, 'utf8');","        // bug-workaround - long $npm_package_buildCustomOrg","        /* jslint-ignore-begin */","        local.assetsDict['/assets.npmtest_gh.rollup.js'] =","            local.assetsDict['/assets.npmtest_gh.rollup.js'] ||","            local.fs.readFileSync(","                local.npmtest_gh.__dirname + '/lib.npmtest_gh.js',","                'utf8'","            ).replace((/^#!/), '//');","        /* jslint-ignore-end */","        local.assetsDict['/favicon.ico'] = local.assetsDict['/favicon.ico'] || '';","        // if $npm_config_timeout_exit exists,","        // then exit this process after $npm_config_timeout_exit ms","        if (Number(process.env.npm_config_timeout_exit)) {","            setTimeout(process.exit, Number(process.env.npm_config_timeout_exit));","        }","        // start server","        if (local.global.utility2_serverHttp1) {","            break;","        }","        process.env.PORT = process.env.PORT || '8081';","        console.error('server starting on port ' + process.env.PORT);","        local.http.createServer(function (request, response) {","            request.urlParsed = local.url.parse(request.url);","            if (local.assetsDict[request.urlParsed.pathname] !== undefined) {","                response.end(local.assetsDict[request.urlParsed.pathname]);","                return;","            }","            response.statusCode = 404;","            response.end();","        }).listen(process.env.PORT);","        break;","    }","}());",""],"l":{"26":2,"28":2,"33":2,"35":2,"37":2,"38":2,"39":2,"44":1,"51":2,"55":2,"59":2,"61":2,"69":1,"70":2,"76":2,"79":2,"82":2,"83":2,"85":1,"89":2,"92":1,"93":1,"94":1,"96":1,"97":1,"100":1,"101":1,"103":1,"106":1,"108":2,"114":1,"116":1,"118":1,"123":1,"124":2,"125":2,"126":3,"127":3,"128":3,"129":3,"130":1,"133":3,"134":3,"139":3,"143":1,"144":3,"145":1,"149":1,"150":1,"158":1,"160":1,"161":1,"162":1,"164":1,"166":1,"258":1,"259":1,"271":1,"274":6,"275":6,"277":1,"279":2,"281":1,"283":2,"288":1,"289":1,"291":1,"296":1,"303":1,"306":1,"307":1,"310":1,"311":1,"313":1,"314":1,"315":1,"316":1,"317":1,"318":1,"319":1,"321":1,"322":1,"324":1}},"/home/travis/build/npmtest/node-npmtest-gh/node_modules/gh/bin/gh.js":{"path":"/home/travis/build/npmtest/node-npmtest-gh/node_modules/gh/bin/gh.js","s":{"1":4,"2":4,"3":4,"4":0,"5":4,"6":0,"7":4},"b":{"1":[0,4],"2":[4,4],"3":[0,4]},"f":{},"fnMap":{},"statementMap":{"1":{"start":{"line":14,"column":0},"end":{"line":14,"column":55}},"2":{"start":{"line":15,"column":0},"end":{"line":15,"column":53}},"3":{"start":{"line":17,"column":0},"end":{"line":19,"column":1}},"4":{"start":{"line":18,"column":4},"end":{"line":18,"column":34}},"5":{"start":{"line":21,"column":0},"end":{"line":23,"column":1}},"6":{"start":{"line":22,"column":4},"end":{"line":22,"column":41}},"7":{"start":{"line":25,"column":0},"end":{"line":25,"column":31}}},"branchMap":{"1":{"line":17,"type":"if","locations":[{"start":{"line":17,"column":0},"end":{"line":17,"column":0}},{"start":{"line":17,"column":0},"end":{"line":17,"column":0}}]},"2":{"line":17,"type":"binary-expr","locations":[{"start":{"line":17,"column":4},"end":{"line":17,"column":11}},{"start":{"line":17,"column":15},"end":{"line":17,"column":21}}]},"3":{"line":21,"type":"if","locations":[{"start":{"line":21,"column":0},"end":{"line":21,"column":0}},{"start":{"line":21,"column":0},"end":{"line":21,"column":0}}]}},"code":["//#!/usr/bin/env node","","/*"," * Copyright 2013-2015, All Rights Reserved."," *"," * Code licensed under the BSD License:"," * https://github.com/node-gh/gh/blob/master/LICENSE.md"," *"," * @author Eduardo Lundgren <edu@rdo.io>"," */","","'use strict';","","var verbose = process.argv.indexOf('--verbose') !== -1;","var insane = process.argv.indexOf('--insane') !== -1;","","if (verbose || insane) {","    process.env.GH_VERBOSE = true;","}","","if (insane) {","    process.env.GH_VERBOSE_INSANE = true;","}","","require('../lib/cmd.js').run();",""],"l":{"14":4,"15":4,"17":4,"18":0,"21":4,"22":0,"25":4}},"/home/travis/build/npmtest/node-npmtest-gh/node_modules/gh/lib/cmd.js":{"path":"/home/travis/build/npmtest/node-npmtest-gh/node_modules/gh/lib/cmd.js","s":{"1":6,"2":6,"3":1,"4":0,"5":0,"6":0,"7":0,"8":1,"9":0,"10":0,"11":0,"12":0,"13":0,"14":1,"15":0,"16":0,"17":0,"18":0,"19":0,"20":0,"21":0,"22":0,"23":0,"24":0,"25":0,"26":0,"27":0,"28":0,"29":1,"30":0,"31":0,"32":0,"33":0,"34":0,"35":0,"36":0,"37":0,"38":0,"39":0,"40":0,"41":0,"42":0,"43":0,"44":0,"45":0,"46":0,"47":0,"48":0,"49":0,"50":0,"51":0,"52":0,"53":0,"54":0,"55":0,"56":0,"57":0,"58":0,"59":0,"60":0,"61":0,"62":0,"63":0,"64":0,"65":0,"66":0,"67":0,"68":0,"69":0,"70":0,"71":0,"72":0,"73":0,"74":0,"75":0,"76":0,"77":0,"78":0,"79":0,"80":0,"81":0,"82":0,"83":0,"84":0,"85":0,"86":0,"87":0,"88":0,"89":0,"90":0,"91":0,"92":0,"93":0,"94":0,"95":0,"96":0,"97":0,"98":0,"99":0,"100":0,"101":0},"b":{"1":[0,0],"2":[0,0],"3":[0,0],"4":[0,0],"5":[0,0],"6":[0,0],"7":[0,0],"8":[0,0],"9":[0,0],"10":[0,0],"11":[0,0,0],"12":[0,0],"13":[0,0],"14":[0,0],"15":[0,0],"16":[0,0],"17":[0,0],"18":[0,0],"19":[0,0],"20":[0,0],"21":[0,0],"22":[0,0],"23":[0,0],"24":[0,0],"25":[0,0]},"f":{"1":0,"2":0,"3":0,"4":0,"5":0,"6":0,"7":0,"8":0,"9":0,"10":0,"11":0,"12":0,"13":0},"fnMap":{"1":{"name":"hasCommandInOptions","line":30,"loc":{"start":{"line":30,"column":0},"end":{"line":30,"column":48}}},"2":{"name":"(anonymous_2)","line":32,"loc":{"start":{"line":32,"column":29},"end":{"line":32,"column":42}}},"3":{"name":"invokePayload","line":41,"loc":{"start":{"line":41,"column":0},"end":{"line":41,"column":57}}},"4":{"name":"findCommand","line":51,"loc":{"start":{"line":51,"column":0},"end":{"line":51,"column":27}}},"5":{"name":"(anonymous_5)","line":65,"loc":{"start":{"line":65,"column":27},"end":{"line":65,"column":43}}},"6":{"name":"loadCommand","line":81,"loc":{"start":{"line":81,"column":0},"end":{"line":81,"column":27}}},"7":{"name":"(anonymous_7)","line":104,"loc":{"start":{"line":104,"column":16},"end":{"line":104,"column":28}}},"8":{"name":"(anonymous_8)","line":113,"loc":{"start":{"line":113,"column":20},"end":{"line":113,"column":40}}},"9":{"name":"(anonymous_9)","line":121,"loc":{"start":{"line":121,"column":36},"end":{"line":121,"column":48}}},"10":{"name":"(anonymous_10)","line":126,"loc":{"start":{"line":126,"column":20},"end":{"line":126,"column":40}}},"11":{"name":"(anonymous_11)","line":166,"loc":{"start":{"line":166,"column":29},"end":{"line":166,"column":41}}},"12":{"name":"(anonymous_12)","line":197,"loc":{"start":{"line":197,"column":32},"end":{"line":197,"column":49}}},"13":{"name":"(anonymous_13)","line":213,"loc":{"start":{"line":213,"column":14},"end":{"line":213,"column":26}}}},"statementMap":{"1":{"start":{"line":14,"column":0},"end":{"line":14,"column":26}},"2":{"start":{"line":16,"column":0},"end":{"line":26,"column":33}},"3":{"start":{"line":30,"column":0},"end":{"line":38,"column":1}},"4":{"start":{"line":31,"column":4},"end":{"line":35,"column":5}},"5":{"start":{"line":32,"column":8},"end":{"line":34,"column":11}},"6":{"start":{"line":33,"column":12},"end":{"line":33,"column":44}},"7":{"start":{"line":37,"column":4},"end":{"line":37,"column":17}},"8":{"start":{"line":41,"column":0},"end":{"line":49,"column":1}},"9":{"start":{"line":42,"column":4},"end":{"line":42,"column":16}},"10":{"start":{"line":44,"column":4},"end":{"line":48,"column":5}},"11":{"start":{"line":45,"column":8},"end":{"line":45,"column":34}},"12":{"start":{"line":46,"column":8},"end":{"line":46,"column":24}},"13":{"start":{"line":47,"column":8},"end":{"line":47,"column":50}},"14":{"start":{"line":51,"column":0},"end":{"line":79,"column":1}},"15":{"start":{"line":52,"column":4},"end":{"line":55,"column":20}},"16":{"start":{"line":57,"column":4},"end":{"line":57,"column":46}},"17":{"start":{"line":58,"column":4},"end":{"line":58,"column":54}},"18":{"start":{"line":60,"column":4},"end":{"line":76,"column":5}},"19":{"start":{"line":61,"column":8},"end":{"line":61,"column":44}},"20":{"start":{"line":64,"column":8},"end":{"line":64,"column":55}},"21":{"start":{"line":65,"column":8},"end":{"line":75,"column":11}},"22":{"start":{"line":66,"column":12},"end":{"line":66,"column":54}},"23":{"start":{"line":67,"column":12},"end":{"line":67,"column":48}},"24":{"start":{"line":69,"column":12},"end":{"line":71,"column":13}},"25":{"start":{"line":70,"column":16},"end":{"line":70,"column":29}},"26":{"start":{"line":73,"column":12},"end":{"line":73,"column":27}},"27":{"start":{"line":74,"column":12},"end":{"line":74,"column":24}},"28":{"start":{"line":78,"column":4},"end":{"line":78,"column":19}},"29":{"start":{"line":81,"column":0},"end":{"line":102,"column":1}},"30":{"start":{"line":82,"column":4},"end":{"line":83,"column":15}},"31":{"start":{"line":86,"column":4},"end":{"line":99,"column":5}},"32":{"start":{"line":87,"column":8},"end":{"line":92,"column":9}},"33":{"start":{"line":88,"column":12},"end":{"line":88,"column":45}},"34":{"start":{"line":91,"column":12},"end":{"line":91,"column":24}},"35":{"start":{"line":94,"column":8},"end":{"line":94,"column":30}},"36":{"start":{"line":98,"column":8},"end":{"line":98,"column":41}},"37":{"start":{"line":101,"column":4},"end":{"line":101,"column":19}},"38":{"start":{"line":104,"column":0},"end":{"line":211,"column":2}},"39":{"start":{"line":105,"column":4},"end":{"line":111,"column":36}},"40":{"start":{"line":113,"column":4},"end":{"line":124,"column":7}},"41":{"start":{"line":114,"column":8},"end":{"line":114,"column":28}},"42":{"start":{"line":116,"column":8},"end":{"line":119,"column":9}},"43":{"start":{"line":117,"column":12},"end":{"line":117,"column":23}},"44":{"start":{"line":118,"column":12},"end":{"line":118,"column":19}},"45":{"start":{"line":121,"column":8},"end":{"line":123,"column":11}},"46":{"start":{"line":122,"column":12},"end":{"line":122,"column":23}},"47":{"start":{"line":126,"column":4},"end":{"line":164,"column":7}},"48":{"start":{"line":127,"column":8},"end":{"line":127,"column":31}},"49":{"start":{"line":129,"column":8},"end":{"line":136,"column":9}},"50":{"start":{"line":130,"column":12},"end":{"line":130,"column":31}},"51":{"start":{"line":132,"column":13},"end":{"line":136,"column":9}},"52":{"start":{"line":135,"column":12},"end":{"line":135,"column":28}},"53":{"start":{"line":138,"column":8},"end":{"line":138,"column":38}},"54":{"start":{"line":140,"column":8},"end":{"line":144,"column":9}},"55":{"start":{"line":141,"column":12},"end":{"line":141,"column":41}},"56":{"start":{"line":142,"column":12},"end":{"line":142,"column":46}},"57":{"start":{"line":143,"column":12},"end":{"line":143,"column":19}},"58":{"start":{"line":146,"column":8},"end":{"line":148,"column":57}},"59":{"start":{"line":150,"column":8},"end":{"line":150,"column":46}},"60":{"start":{"line":152,"column":8},"end":{"line":152,"column":37}},"61":{"start":{"line":153,"column":8},"end":{"line":153,"column":37}},"62":{"start":{"line":155,"column":8},"end":{"line":155,"column":55}},"63":{"start":{"line":156,"column":8},"end":{"line":156,"column":65}},"64":{"start":{"line":158,"column":8},"end":{"line":163,"column":9}},"65":{"start":{"line":159,"column":12},"end":{"line":159,"column":23}},"66":{"start":{"line":162,"column":12},"end":{"line":162,"column":33}},"67":{"start":{"line":166,"column":4},"end":{"line":210,"column":7}},"68":{"start":{"line":167,"column":8},"end":{"line":168,"column":57}},"69":{"start":{"line":170,"column":8},"end":{"line":170,"column":27}},"70":{"start":{"line":171,"column":8},"end":{"line":171,"column":56}},"71":{"start":{"line":172,"column":8},"end":{"line":172,"column":58}},"72":{"start":{"line":173,"column":8},"end":{"line":173,"column":44}},"73":{"start":{"line":174,"column":8},"end":{"line":174,"column":65}},"74":{"start":{"line":176,"column":8},"end":{"line":183,"column":9}},"75":{"start":{"line":177,"column":12},"end":{"line":182,"column":13}},"76":{"start":{"line":178,"column":16},"end":{"line":178,"column":50}},"77":{"start":{"line":181,"column":16},"end":{"line":181,"column":72}},"78":{"start":{"line":185,"column":8},"end":{"line":185,"column":75}},"79":{"start":{"line":186,"column":8},"end":{"line":186,"column":80}},"80":{"start":{"line":188,"column":8},"end":{"line":188,"column":36}},"81":{"start":{"line":189,"column":8},"end":{"line":189,"column":49}},"82":{"start":{"line":190,"column":8},"end":{"line":190,"column":59}},"83":{"start":{"line":195,"column":8},"end":{"line":195,"column":60}},"84":{"start":{"line":197,"column":8},"end":{"line":209,"column":11}},"85":{"start":{"line":198,"column":12},"end":{"line":198,"column":42}},"86":{"start":{"line":202,"column":12},"end":{"line":202,"column":39}},"87":{"start":{"line":204,"column":12},"end":{"line":204,"column":60}},"88":{"start":{"line":206,"column":12},"end":{"line":206,"column":39}},"89":{"start":{"line":208,"column":12},"end":{"line":208,"column":73}},"90":{"start":{"line":213,"column":0},"end":{"line":235,"column":2}},"91":{"start":{"line":214,"column":4},"end":{"line":216,"column":5}},"92":{"start":{"line":215,"column":8},"end":{"line":215,"column":37}},"93":{"start":{"line":218,"column":4},"end":{"line":218,"column":16}},"94":{"start":{"line":219,"column":4},"end":{"line":219,"column":24}},"95":{"start":{"line":222,"column":4},"end":{"line":224,"column":5}},"96":{"start":{"line":223,"column":8},"end":{"line":223,"column":43}},"97":{"start":{"line":226,"column":4},"end":{"line":233,"column":5}},"98":{"start":{"line":227,"column":8},"end":{"line":227,"column":58}},"99":{"start":{"line":229,"column":8},"end":{"line":229,"column":21}},"100":{"start":{"line":231,"column":8},"end":{"line":231,"column":31}},"101":{"start":{"line":232,"column":8},"end":{"line":232,"column":36}}},"branchMap":{"1":{"line":31,"type":"if","locations":[{"start":{"line":31,"column":4},"end":{"line":31,"column":4}},{"start":{"line":31,"column":4},"end":{"line":31,"column":4}}]},"2":{"line":44,"type":"if","locations":[{"start":{"line":44,"column":4},"end":{"line":44,"column":4}},{"start":{"line":44,"column":4},"end":{"line":44,"column":4}}]},"3":{"line":44,"type":"binary-expr","locations":[{"start":{"line":44,"column":8},"end":{"line":44,"column":31}},{"start":{"line":44,"column":35},"end":{"line":44,"column":90}}]},"4":{"line":60,"type":"if","locations":[{"start":{"line":60,"column":4},"end":{"line":60,"column":4}},{"start":{"line":60,"column":4},"end":{"line":60,"column":4}}]},"5":{"line":69,"type":"if","locations":[{"start":{"line":69,"column":12},"end":{"line":69,"column":12}},{"start":{"line":69,"column":12},"end":{"line":69,"column":12}}]},"6":{"line":86,"type":"if","locations":[{"start":{"line":86,"column":4},"end":{"line":86,"column":4}},{"start":{"line":86,"column":4},"end":{"line":86,"column":4}}]},"7":{"line":116,"type":"if","locations":[{"start":{"line":116,"column":8},"end":{"line":116,"column":8}},{"start":{"line":116,"column":8},"end":{"line":116,"column":8}}]},"8":{"line":129,"type":"if","locations":[{"start":{"line":129,"column":8},"end":{"line":129,"column":8}},{"start":{"line":129,"column":8},"end":{"line":129,"column":8}}]},"9":{"line":129,"type":"binary-expr","locations":[{"start":{"line":129,"column":12},"end":{"line":129,"column":37}},{"start":{"line":129,"column":41},"end":{"line":129,"column":59}}]},"10":{"line":132,"type":"if","locations":[{"start":{"line":132,"column":13},"end":{"line":132,"column":13}},{"start":{"line":132,"column":13},"end":{"line":132,"column":13}}]},"11":{"line":132,"type":"binary-expr","locations":[{"start":{"line":132,"column":17},"end":{"line":132,"column":31}},{"start":{"line":133,"column":13},"end":{"line":133,"column":38}},{"start":{"line":134,"column":13},"end":{"line":134,"column":42}}]},"12":{"line":140,"type":"if","locations":[{"start":{"line":140,"column":8},"end":{"line":140,"column":8}},{"start":{"line":140,"column":8},"end":{"line":140,"column":8}}]},"13":{"line":155,"type":"binary-expr","locations":[{"start":{"line":155,"column":25},"end":{"line":155,"column":39}},{"start":{"line":155,"column":43},"end":{"line":155,"column":54}}]},"14":{"line":156,"type":"binary-expr","locations":[{"start":{"line":156,"column":25},"end":{"line":156,"column":39}},{"start":{"line":156,"column":43},"end":{"line":156,"column":64}}]},"15":{"line":158,"type":"if","locations":[{"start":{"line":158,"column":8},"end":{"line":158,"column":8}},{"start":{"line":158,"column":8},"end":{"line":158,"column":8}}]},"16":{"line":176,"type":"if","locations":[{"start":{"line":176,"column":8},"end":{"line":176,"column":8}},{"start":{"line":176,"column":8},"end":{"line":176,"column":8}}]},"17":{"line":177,"type":"if","locations":[{"start":{"line":177,"column":12},"end":{"line":177,"column":12}},{"start":{"line":177,"column":12},"end":{"line":177,"column":12}}]},"18":{"line":177,"type":"binary-expr","locations":[{"start":{"line":177,"column":16},"end":{"line":177,"column":28}},{"start":{"line":177,"column":32},"end":{"line":177,"column":43}}]},"19":{"line":181,"type":"binary-expr","locations":[{"start":{"line":181,"column":31},"end":{"line":181,"column":49}},{"start":{"line":181,"column":53},"end":{"line":181,"column":71}}]},"20":{"line":185,"type":"binary-expr","locations":[{"start":{"line":185,"column":23},"end":{"line":185,"column":35}},{"start":{"line":185,"column":39},"end":{"line":185,"column":74}}]},"21":{"line":186,"type":"binary-expr","locations":[{"start":{"line":186,"column":32},"end":{"line":186,"column":53}},{"start":{"line":186,"column":57},"end":{"line":186,"column":79}}]},"22":{"line":195,"type":"binary-expr","locations":[{"start":{"line":195,"column":26},"end":{"line":195,"column":44}},{"start":{"line":195,"column":48},"end":{"line":195,"column":59}}]},"23":{"line":214,"type":"if","locations":[{"start":{"line":214,"column":4},"end":{"line":214,"column":4}},{"start":{"line":214,"column":4},"end":{"line":214,"column":4}}]},"24":{"line":222,"type":"if","locations":[{"start":{"line":222,"column":4},"end":{"line":222,"column":4}},{"start":{"line":222,"column":4},"end":{"line":222,"column":4}}]},"25":{"line":232,"type":"binary-expr","locations":[{"start":{"line":232,"column":22},"end":{"line":232,"column":29}},{"start":{"line":232,"column":33},"end":{"line":232,"column":34}}]}},"code":["/*"," * Copyright 2013-2015, All Rights Reserved."," *"," * Code licensed under the BSD License:"," * https://github.com/node-gh/gh/blob/master/LICENSE.md"," *"," * @author Eduardo Lundgren <edu@rdo.io>"," */","","'use strict';","","// -- Requires -------------------------------------------------------------------------------------","","require('babel-polyfill');","","var async = require('async'),","    base = require('./base'),","    configs = require('./configs'),","    fs = require('fs'),","    git = require('./git'),","    logger = require('./logger'),","    nopt = require('nopt'),","    path = require('path'),","    tracker = require('./tracker'),","    User = require('./cmds/user').Impl,","    config = configs.getConfig();","","// -- Utils ----------------------------------------------------------------------------------------","","function hasCommandInOptions(commands, options) {","    if (commands) {","        return commands.some(function (c) {","            return options[c] !== undefined;","        });","    }","","    return false;","}","","","function invokePayload(options, command, cooked, remain) {","    var payload;","","    if (command.DETAILS.payload && !hasCommandInOptions(command.DETAILS.commands, options)) {","        payload = remain.concat();","        payload.shift();","        command.DETAILS.payload(payload, options);","    }","}","","function findCommand(name) {","    var Command,","        commandDir,","        commandFiles,","        commandPath;","","    commandDir = path.join(__dirname, 'cmds');","    commandPath = path.join(commandDir, name + '.js');","","    if (fs.existsSync(commandPath)) {","        Command = require(commandPath).Impl;","    }","    else {","        commandFiles = base.find(commandDir, /\\.js$/i);","        commandFiles.every(function (file) {","            commandPath = path.join(commandDir, file);","            Command = require(commandPath).Impl;","","            if (Command.DETAILS.alias === name) {","                return false;","            }","","            Command = null;","            return true;","        });","    }","","    return Command;","}","","function loadCommand(name) {","    var Command = findCommand(name),","        plugin;","","    // If command was not found, check if it is registered as a plugin.","    if (!Command) {","        try {","            plugin = configs.getPlugin(name);","        }","        catch(e) {","            return null;","        }","","        Command = plugin.Impl;","","        // If plugin command exists, register the executed plugin name on","        // process.env. This may simplify core plugin infrastructure.","        process.env.NODEGH_PLUGIN = name;","    }","","    return Command;","}","","exports.setUp = function () {","    var Command,","        iterative,","        operations = [],","        options,","        parsed = nopt(process.argv),","        remain = parsed.argv.remain,","        cooked = parsed.argv.cooked;","","    operations.push(function (callback) {","        base.checkVersion();","","        if (tracker.optOut !== undefined) {","            callback();","            return;","        }","","        tracker.askPermission(null, function () {","            callback();","        });","    });","","    operations.push(function (callback) {","        var module = remain[0];","","        if (cooked[0] === '--version' || cooked[0] === '-v') {","            module = 'version';","        }","        else if (!remain.length ||","            (cooked.indexOf('-h') >= 0) ||","            (cooked.indexOf('--help') >= 0)) {","            module = 'help';","        }","","        Command = loadCommand(module);","","        if (!Command) {","            tracker.trackCommand(remain);","            logger.error('Command not found');","            return;","        }","","        options = nopt(","            Command.DETAILS.options,","            Command.DETAILS.shorthands, process.argv, 2);","","        iterative = Command.DETAILS.iterative;","","        cooked = options.argv.cooked;","        remain = options.argv.remain;","","        options.number = options.number || [remain[1]];","        options.remote = options.remote || config.default_remote;","","        if (module === 'help') {","            callback();","        }","        else {","            User.login(callback);","        }","    });","","    async.series(operations, function () {","        var iterativeValues,","            remoteUrl = git.getRemoteUrl(options.remote);","","        options.isTTY = {};","        options.isTTY.in = Boolean(process.stdin.isTTY);","        options.isTTY.out = Boolean(process.stdout.isTTY);","        options.loggedUser = base.getUser();","        options.remoteUser = git.getUserFromRemoteUrl(remoteUrl);","","        if (!options.user) {","            if (options.repo || options.all) {","                options.user = options.loggedUser;","            }","            else {","                options.user = options.remoteUser || options.loggedUser;","            }","        }","","        options.repo = options.repo || git.getRepoFromRemoteURL(remoteUrl);","        options.currentBranch = options.currentBranch || git.getCurrentBranch();","","        base.expandAliases(options);","        options.github_host = config.github_host;","        options.github_gist_host = config.github_gist_host;","","        // Try to retrieve iterative values from iterative option key,","        // e.g. option['number'] === [1,2,3]. If iterative option key is not","        // present, assume [undefined] in order to initialize the loop.","        iterativeValues = options[iterative] || [undefined];","","        iterativeValues.forEach(function (value) {","            options = base.clone(options);","","            // Value can be undefined when the command doesn't have a iterative","            // option.","            options[iterative] = value;","","            invokePayload(options, Command, cooked, remain);","","            new Command(options).run();","","            tracker.trackCommand(options.argv.original, Command.DETAILS);","        });","    });","};","","exports.run = function () {","    if (!fs.existsSync(configs.getUserHomePath())) {","        configs.createGlobalConfig();","    }","","    base.load();","    configs.getConfig();","","    // If configs.PLUGINS_PATH_KEY is undefined, try to cache it before proceeding.","    if (configs.getConfig()[configs.PLUGINS_PATH_KEY] === undefined) {","        configs.getNodeModulesGlobalPath();","    }","","    try {","        process.env.GH_PATH = path.join(__dirname, '../');","","        this.setUp();","    } catch (e) {","        tracker.track('error');","        console.error(e.stack || e);","    }","","};",""],"l":{"14":6,"16":6,"30":1,"31":0,"32":0,"33":0,"37":0,"41":1,"42":0,"44":0,"45":0,"46":0,"47":0,"51":1,"52":0,"57":0,"58":0,"60":0,"61":0,"64":0,"65":0,"66":0,"67":0,"69":0,"70":0,"73":0,"74":0,"78":0,"81":1,"82":0,"86":0,"87":0,"88":0,"91":0,"94":0,"98":0,"101":0,"104":0,"105":0,"113":0,"114":0,"116":0,"117":0,"118":0,"121":0,"122":0,"126":0,"127":0,"129":0,"130":0,"132":0,"135":0,"138":0,"140":0,"141":0,"142":0,"143":0,"146":0,"150":0,"152":0,"153":0,"155":0,"156":0,"158":0,"159":0,"162":0,"166":0,"167":0,"170":0,"171":0,"172":0,"173":0,"174":0,"176":0,"177":0,"178":0,"181":0,"185":0,"186":0,"188":0,"189":0,"190":0,"195":0,"197":0,"198":0,"202":0,"204":0,"206":0,"208":0,"213":0,"214":0,"215":0,"218":0,"219":0,"222":0,"223":0,"226":0,"227":0,"229":0,"231":0,"232":0}},"/home/travis/build/npmtest/node-npmtest-gh/node_modules/gh/lib/base.js":{"path":"/home/travis/build/npmtest/node-npmtest-gh/node_modules/gh/lib/base.js","s":{"1":1,"2":1,"3":0,"4":1,"5":0,"6":0,"7":1,"8":1,"9":0,"10":0,"11":0,"12":0,"13":0,"14":0,"15":1,"16":0,"17":0,"18":0,"19":0,"20":0,"21":0,"22":1,"23":0,"24":1,"25":0,"26":0,"27":0,"28":0,"29":0,"30":1,"31":0,"32":0,"33":1,"34":0,"35":1,"36":1},"b":{"1":[0,0],"2":[0,0],"3":[0,0],"4":[0,0],"5":[0,0],"6":[0,0],"7":[0,0]},"f":{"1":0,"2":0,"3":0,"4":0,"5":0,"6":0,"7":0,"8":0,"9":0,"10":0,"11":0},"fnMap":{"1":{"name":"(anonymous_1)","line":21,"loc":{"start":{"line":21,"column":16},"end":{"line":21,"column":29}}},"2":{"name":"(anonymous_2)","line":27,"loc":{"start":{"line":27,"column":15},"end":{"line":27,"column":27}}},"3":{"name":"(anonymous_3)","line":39,"loc":{"start":{"line":39,"column":28},"end":{"line":39,"column":48}}},"4":{"name":"async","line":40,"loc":{"start":{"line":40,"column":4},"end":{"line":40,"column":30}}},"5":{"name":"(anonymous_5)","line":50,"loc":{"start":{"line":50,"column":33},"end":{"line":50,"column":51}}},"6":{"name":"(anonymous_6)","line":56,"loc":{"start":{"line":56,"column":24},"end":{"line":56,"column":39}}},"7":{"name":"(anonymous_7)","line":72,"loc":{"start":{"line":72,"column":23},"end":{"line":72,"column":35}}},"8":{"name":"(anonymous_8)","line":76,"loc":{"start":{"line":76,"column":24},"end":{"line":76,"column":43}}},"9":{"name":"(anonymous_9)","line":86,"loc":{"start":{"line":86,"column":15},"end":{"line":86,"column":48}}},"10":{"name":"(anonymous_10)","line":87,"loc":{"start":{"line":87,"column":43},"end":{"line":87,"column":59}}},"11":{"name":"(anonymous_11)","line":92,"loc":{"start":{"line":92,"column":18},"end":{"line":92,"column":30}}}},"statementMap":{"1":{"start":{"line":12,"column":0},"end":{"line":17,"column":48}},"2":{"start":{"line":21,"column":0},"end":{"line":23,"column":2}},"3":{"start":{"line":22,"column":4},"end":{"line":22,"column":41}},"4":{"start":{"line":27,"column":0},"end":{"line":37,"column":2}},"5":{"start":{"line":28,"column":4},"end":{"line":28,"column":37}},"6":{"start":{"line":30,"column":4},"end":{"line":36,"column":7}},"7":{"start":{"line":39,"column":0},"end":{"line":54,"column":2}},"8":{"start":{"line":40,"column":4},"end":{"line":46,"column":5}},"9":{"start":{"line":41,"column":8},"end":{"line":43,"column":9}},"10":{"start":{"line":42,"column":12},"end":{"line":42,"column":22}},"11":{"start":{"line":45,"column":8},"end":{"line":45,"column":35}},"12":{"start":{"line":48,"column":4},"end":{"line":48,"column":67}},"13":{"start":{"line":50,"column":4},"end":{"line":53,"column":7}},"14":{"start":{"line":51,"column":8},"end":{"line":52,"column":80}},"15":{"start":{"line":56,"column":0},"end":{"line":70,"column":2}},"16":{"start":{"line":57,"column":4},"end":{"line":59,"column":26}},"17":{"start":{"line":61,"column":4},"end":{"line":69,"column":5}},"18":{"start":{"line":62,"column":8},"end":{"line":62,"column":33}},"19":{"start":{"line":64,"column":8},"end":{"line":64,"column":79}},"20":{"start":{"line":66,"column":8},"end":{"line":66,"column":29}},"21":{"start":{"line":68,"column":8},"end":{"line":68,"column":26}},"22":{"start":{"line":72,"column":0},"end":{"line":74,"column":2}},"23":{"start":{"line":73,"column":4},"end":{"line":73,"column":53}},"24":{"start":{"line":76,"column":0},"end":{"line":84,"column":2}},"25":{"start":{"line":77,"column":4},"end":{"line":77,"column":37}},"26":{"start":{"line":79,"column":4},"end":{"line":83,"column":5}},"27":{"start":{"line":80,"column":8},"end":{"line":80,"column":63}},"28":{"start":{"line":81,"column":8},"end":{"line":81,"column":72}},"29":{"start":{"line":82,"column":8},"end":{"line":82,"column":66}},"30":{"start":{"line":86,"column":0},"end":{"line":90,"column":2}},"31":{"start":{"line":87,"column":4},"end":{"line":89,"column":7}},"32":{"start":{"line":88,"column":8},"end":{"line":88,"column":48}},"33":{"start":{"line":92,"column":0},"end":{"line":94,"column":2}},"34":{"start":{"line":93,"column":4},"end":{"line":93,"column":43}},"35":{"start":{"line":97,"column":0},"end":{"line":97,"column":38}},"36":{"start":{"line":98,"column":0},"end":{"line":98,"column":54}}},"branchMap":{"1":{"line":41,"type":"if","locations":[{"start":{"line":41,"column":8},"end":{"line":41,"column":8}},{"start":{"line":41,"column":8},"end":{"line":41,"column":8}}]},"2":{"line":61,"type":"if","locations":[{"start":{"line":61,"column":4},"end":{"line":61,"column":4}},{"start":{"line":61,"column":4},"end":{"line":61,"column":4}}]},"3":{"line":79,"type":"if","locations":[{"start":{"line":79,"column":4},"end":{"line":79,"column":4}},{"start":{"line":79,"column":4},"end":{"line":79,"column":4}}]},"4":{"line":80,"type":"binary-expr","locations":[{"start":{"line":80,"column":22},"end":{"line":80,"column":47}},{"start":{"line":80,"column":51},"end":{"line":80,"column":62}}]},"5":{"line":81,"type":"binary-expr","locations":[{"start":{"line":81,"column":25},"end":{"line":81,"column":53}},{"start":{"line":81,"column":57},"end":{"line":81,"column":71}}]},"6":{"line":82,"type":"binary-expr","locations":[{"start":{"line":82,"column":23},"end":{"line":82,"column":49}},{"start":{"line":82,"column":53},"end":{"line":82,"column":65}}]},"7":{"line":88,"type":"binary-expr","locations":[{"start":{"line":88,"column":16},"end":{"line":88,"column":27}},{"start":{"line":88,"column":31},"end":{"line":88,"column":35}}]}},"code":["/*"," * Copyright 2013-2015, All Rights Reserved."," *"," * Code licensed under the BSD License:"," * https://github.com/node-gh/gh/blob/master/LICENSE.md"," *"," * @author Eduardo Lundgren <edu@rdo.io>"," */","","'use strict';","","var configs = require('./configs'),","    fs = require('fs'),","    Github = require('github'),","    path = require('path'),","    tracker = require('./tracker'),","    updateNotifier = require('update-notifier');","","// -- Config -------------------------------------------------------------------","","exports.clone = function (o) {","    return JSON.parse(JSON.stringify(o));","};","","// -- Utils --------------------------------------------------------------------","","exports.load = function () {","    var config = configs.getConfig();","","    exports.github = new Github({","        debug: false,","        host: config.api.host,","        protocol: config.api.protocol,","        version: config.api.version,","        pathPrefix: config.api.pathPrefix","    });","};","","exports.asyncReadPa
[...]
:328,"column":41}},{"start":{"line":328,"column":45},"end":{"line":328,"column":47}}]},"40":{"line":329,"type":"binary-expr","locations":[{"start":{"line":329,"column":23},"end":{"line":329,"column":39}},{"start":{"line":329,"column":43},"end":{"line":329,"column":45}}]},"41":{"line":330,"type":"binary-expr","locations":[{"start":{"line":330,"column":19},"end":{"line":330,"column":31}},{"start":{"line":330,"column":35},"end":{"line":330,"column":40}}]},"42":{"line":332,"type":"if","locations":[{"start":{"line":332,"column":4},"end":{"line":332,"column":4}},{"start":{"line":332,"column":4},"end":{"line":332,"column":4}}]},"43":{"line":336,"type":"binary-expr","locations":[{"start":{"line":336,"column":22},"end":{"line":336,"column":37}},{"start":{"line":336,"column":41},"end":{"line":336,"column":46}}]},"44":{"line":338,"type":"if","locations":[{"start":{"line":338,"column":4},"end":{"line":338,"column":4}},{"start":{"line":338,"column":4},"end":{"line":338,"column":4}}]},"45":{"line":351,"type":"if","locations":[{"start":{"line":351,"column":4},"end":{"line":351,"column":4}},{"start":{"line":351,"column":4},"end":{"line":351,"column":4}}]}},"code":["/*"," * Copyright 2013-2015, All Rights Reserved."," *"," * Code licensed under the BSD License:"," * https://github.com/node-gh/gh/blob/master/LICENSE.md"," *"," * @author Henrique Vicente <henriquevicente@gmail.com>"," * @author Eduardo Lundgren <eduardo.lundgren@gmail.com>"," * @author Zeno Rocha <zno.rocha@gmail.com>"," */","","'use strict';","","// -- Requires -------------------------------------------------------------------------------------","","var base = require('../base'),","    git = require('../git'),","    hooks = require('../hooks'),","    logger = require('../logger'),","    openUrl = require('open'),","    inquirer = require('inquirer'),","    url = require('url'),","    config = base.getConfig();","","// -- Constructor ----------------------------------------------------------------------------------","","function Repo(options) {","    this.options = options;","}","","// -- Constants ------------------------------------------------------------------------------------","","Repo.DETAILS = {","    alias: 're',","    description: 'Provides a set of util commands to work with Repositories.',","    commands: [","        'browser',","        'clone',","        'delete',","        'fork',","        'list',","        'new'","    ],","    options: {","        'browser': Boolean,","        'clone': Boolean,","        'delete': String,","        'description': String,","        'detailed': Boolean,","        'gitignore': String,","        'fork': String,","        'homepage': String,","        'init': Boolean,","        'list': Boolean,","        'new': String,","        'organization': String,","        'private': Boolean,","        'repo': String,","        'type': ['all', 'forks', 'member', 'owner', 'public', 'private', 'sources'],","        'user': String","    },","    shorthands: {","        'B': ['--browser'],","        'c': ['--clone'],","        'D': ['--delete'],","        'd': ['--detailed'],","        'f': ['--fork'],","        'l': ['--list'],","        'N': ['--new'],","        'O': ['--organization'],","        'p': ['--private'],","        'r': ['--repo'],","        't': ['--type'],","        'u': ['--user']","    },","    payload: function (payload, options) {","        if (options.browser !== false) {","            options.browser = true;","        }","    }","};","","Repo.TYPE_ALL = 'all';","Repo.TYPE_FORKS = 'forks';","Repo.TYPE_MEMBER = 'member';","Repo.TYPE_OWNER = 'owner';","Repo.TYPE_PRIVATE = 'private';","Repo.TYPE_PUBLIC = 'public';","Repo.TYPE_SOURCES = 'sources';","","// -- Commands -------------------------------------------------------------------------------------","","Repo.prototype.run = function () {","    var instance = this,","        options = instance.options,","        user = options.loggedUser;","","    instance.config = config;","","    if (options.browser) {","        instance.browser(options.user, options.repo);","    }","","    if (options.delete) {","        hooks.invoke('repo.delete', instance, function (afterHooksCallback) {","            logger.log('Deleting repo ' + logger.colors.green(options.user + '/' + options.delete));","","            inquirer.prompt(","                [","                    {","                        type: 'input',","                        message: 'Are you sure? This action CANNOT be undone. [y/N]',","                        name: 'confirmation'","                    }","                ], function (answers) {","                    if (answers.confirmation.toLowerCase() === 'y') {","                        instance.delete(options.user, options.delete, function (err) {","                            if (err) {","                                logger.error('Can\\'t delete repo.');","                                return;","                            }","","                            afterHooksCallback();","                        });","                    }","                    else {","                        logger.log('Not deleted.');","                    }","                });","        });","    }","","    if (options.fork) {","        hooks.invoke('repo.fork', instance, function (afterHooksCallback) {","            if (options.organization) {","                user = options.organization;","            }","","            options.repo = options.fork;","","            logger.log('Forking repo ' + logger.colors.green(options.user + '/' + options.repo) +","                ' on ' + logger.colors.green(user + '/' + options.repo));","","            instance.fork(function (err1, repo) {","                if (err1) {","                    logger.error('Can\\'t fork. ' + JSON.parse(err1).message);","                    return;","                }","","                logger.log(repo.html_url);","","                if (repo && options.clone) {","                    instance.clone_(options.loggedUser, options.repo, repo.ssh_url);","                }","","                afterHooksCallback();","            });","        });","    }","","    if (options.list) {","        if (options.organization) {","            user = options.organization;","            options.type = options.type || Repo.TYPE_ALL;","        } else {","            user = options.user;","            options.type = options.type || Repo.TYPE_OWNER;","        }","","        if (options.isTTY.out) {","            logger.log('Listing ' + logger.colors.green(options.type) + ' repos for ' +","                logger.colors.green(user));","        }","","","        instance.list(user, function (err) {","            if (err) {","                logger.error('Can\\'t list repos.');","            }","        });","    }","","    if (options.new) {","        hooks.invoke('repo.new', instance, function (afterHooksCallback) {","            options.repo = options.new;","","            if (options.organization) {","                options.user = options.organization;","            }","","            logger.log('Creating a new repo on ' + logger.colors.green(options.user + '/' + options.new));","","            instance.new(function (err1, repo) {","                if (err1) {","                    logger.error('Can\\'t create new repo. ' + JSON.parse(err1.message).message);","                    return;","                }","","                logger.log(repo.html_url);","","                if (repo && options.clone) {","                    instance.clone_(options.user, options.repo, repo.ssh_url);","                }","","                afterHooksCallback();","            });","        });","    }","};","","Repo.prototype.browser = function (user, repo) {","    openUrl(config.github_host + user + '/' + repo);","};","","Repo.prototype.clone_ = function (user, repo, repo_url) {","    logger.log('Cloning ' + logger.colors.green(user + '/' + repo));","    git.clone(url.parse(repo_url).href, repo);","};","","Repo.prototype.delete = function (user, repo, opt_callback) {","    var payload;","","    payload = {","        user: user,","        repo: repo","    };","","    base.github.repos.delete(payload, opt_callback);","};","","Repo.prototype.list = function (user, opt_callback) {","    var instance = this,","        method = 'getFromUser',","        options = instance.options,","        payload;","","    payload = {","        type: options.type,","        user: user,","        per_page: 1000","    };","","    if (options.organization) {","        method = 'getFromOrg';","        payload.org = options.organization;","    }","","    if (options.type === 'public' || options.type === 'private') {","        if (user === options.user) {","            method = 'getAll';","        }","        else {","            logger.error('You can only list your own public and private repos.');","            return;","        }","    }","","    base.github.repos[method](payload, function (err, repos) {","        instance.listCallback_(err, repos, opt_callback);","    });","};","","Repo.prototype.listCallback_ = function (err, repos, opt_callback) {","    var instance = this,","        options = instance.options,","        pos,","        repo;","","    if (err && !options.all) {","        logger.error(logger.getErrorMessage(err));","    }","","    if (repos && repos.length > 0) {","        for (pos in repos) {","            if (repos.hasOwnProperty(pos) && repos[pos].full_name) {","                repo = repos[pos];","                logger.log(repo.full_name);","","                if (options.detailed) {","                    logger.log(logger.colors.blue(repo.html_url));","","                    if (repo.description) {","                        logger.log(logger.colors.blue(repo.description));","                    }","","                    if (repo.homepage) {","                        logger.log(logger.colors.blue(repo.homepage));","                    }","","                    logger.log('last update ' + logger.getDuration(repo.updated_at));","                }","","                if (options.isTTY.out) {","                    logger.log(logger.colors.green('forks: ' + repo.forks +","                            ', stars: ' + repo.watchers + ', issues: ' + repo.open_issues) + '\\n');","                }","            }","        }","","        opt_callback && opt_callback(err);","    }","};","","Repo.prototype.fork = function (opt_callback) {","    var instance = this,","        options = instance.options,","        payload;","","    payload = {","        user: options.user,","        repo: options.repo","    };","","    if (options.organization) {","        payload.organization = options.organization;","    }","","    base.github.repos.fork(payload, opt_callback);","};","","Repo.prototype.new = function (opt_callback) {","    var instance = this,","        options = instance.options,","        payload,","        method = 'create';","","    options.description = options.description || '';","    options.gitignore = options.gitignore || '';","    options.homepage = options.homepage || '';","    options.init = options.init || false;","","    if (options.type === Repo.TYPE_PRIVATE) {","        options.private = true;","    }","","    options.private = options.private || false;","","    if (options.gitignore) {","        options.init = true;","    }","","    payload = {","        auto_init: options.init,","        description: options.description,","        gitignore_template: options.gitignore,","        homepage: options.homepage,","        name: options.new,","        private: options.private","    };","","    if (options.organization) {","        method = 'createFromOrg';","        payload.org = options.organization;","    }","","    base.github.repos[method](payload, opt_callback);","};","","exports.Impl = Repo;",""],"l":{"16":2,"27":1,"28":0,"33":0,"77":0,"78":0,"83":0,"84":0,"85":0,"86":0,"87":0,"88":0,"89":0,"93":0,"94":0,"98":0,"100":0,"101":0,"104":0,"105":0,"106":0,"108":0,"116":0,"117":0,"118":0,"119":0,"120":0,"123":0,"127":0,"133":0,"134":0,"135":0,"136":0,"139":0,"141":0,"144":0,"145":0,"146":0,"147":0,"150":0,"152":0,"153":0,"156":0,"161":0,"162":0,"163":0,"164":0,"166":0,"167":0,"170":0,"171":0,"176":0,"177":0,"178":0,"183":0,"184":0,"185":0,"187":0,"188":0,"191":0,"193":0,"194":0,"195":0,"196":0,"199":0,"201":0,"202":0,"205":0,"211":0,"212":0,"215":0,"216":0,"217":0,"220":0,"221":0,"223":0,"228":0,"231":0,"232":0,"237":0,"243":0,"244":0,"245":0,"248":0,"249":0,"250":0,"253":0,"254":0,"258":0,"259":0,"263":0,"264":0,"269":0,"270":0,"273":0,"274":0,"275":0,"276":0,"277":0,"279":0,"280":0,"282":0,"283":0,"286":0,"287":0,"290":0,"293":0,"294":0,"300":0,"304":0,"305":0,"309":0,"314":0,"315":0,"318":0,"321":0,"322":0,"327":0,"328":0,"329":0,"330":0,"332":0,"333":0,"336":0,"338":0,"339":0,"342":0,"351":0,"352":0,"353":0,"356":0,"359":0}},"/home/travis/build/npmtest/node-npmtest-gh/node_modules/gh/lib/cmds/track.js":{"path":"/home/travis/build/npmtest/node-npmtest-gh/node_modules/gh/lib/cmds/track.js","s":{"1":1,"2":1,"3":0,"4":1,"5":1,"6":0,"7":0,"8":0,"9":0,"10":0,"11":0,"12":1,"13":0,"14":0,"15":0,"16":0,"17":0,"18":0,"19":1,"20":0,"21":1,"22":0,"23":1},"b":{"1":[0,0],"2":[0,0],"3":[0,0]},"f":{"1":0,"2":0,"3":0,"4":0,"5":0},"fnMap":{"1":{"name":"Track","line":18,"loc":{"start":{"line":18,"column":0},"end":{"line":18,"column":24}}},"2":{"name":"(anonymous_2)","line":43,"loc":{"start":{"line":43,"column":22},"end":{"line":43,"column":34}}},"3":{"name":"(anonymous_3)","line":57,"loc":{"start":{"line":57,"column":29},"end":{"line":57,"column":41}}},"4":{"name":"(anonymous_4)","line":71,"loc":{"start":{"line":71,"column":24},"end":{"line":71,"column":36}}},"5":{"name":"(anonymous_5)","line":75,"loc":{"start":{"line":75,"column":25},"end":{"line":75,"column":37}}}},"statementMap":{"1":{"start":{"line":13,"column":0},"end":{"line":14,"column":36}},"2":{"start":{"line":18,"column":0},"end":{"line":20,"column":1}},"3":{"start":{"line":19,"column":4},"end":{"line":19,"column":27}},"4":{"start":{"line":24,"column":0},"end":{"line":39,"column":2}},"5":{"start":{"line":43,"column":0},"end":{"line":55,"column":2}},"6":{"start":{"line":44,"column":4},"end":{"line":44,"column":31}},"7":{"start":{"line":46,"column":4},"end":{"line":48,"column":5}},"8":{"start":{"line":47,"column":8},"end":{"line":47,"column":21}},"9":{"start":{"line":50,"column":4},"end":{"line":52,"column":5}},"10":{"start":{"line":51,"column":8},"end":{"line":51,"column":22}},"11":{"start":{"line":54,"column":4},"end":{"line":54,"column":22}},"12":{"start":{"line":57,"column":0},"end":{"line":69,"column":2}},"13":{"start":{"line":58,"column":4},"end":{"line":60,"column":43}},"14":{"start":{"line":62,"column":4},"end":{"line":65,"column":5}},"15":{"start":{"line":63,"column":8},"end":{"line":63,"column":27}},"16":{"start":{"line":64,"column":8},"end":{"line":64,"column":24}},"17":{"start":{"line":67,"column":4},"end":{"line":67,"column":98}},"18":{"start":{"line":68,"column":4},"end":{"line":68,"column":90}},"19":{"start":{"line":71,"column":0},"end":{"line":73,"column":2}},"20":{"start":{"line":72,"column":4},"end":{"line":72,"column":27}},"21":{"start":{"line":75,"column":0},"end":{"line":77,"column":2}},"22":{"start":{"line":76,"column":4},"end":{"line":76,"column":26}},"23":{"start":{"line":79,"column":0},"end":{"line":79,"column":21}}},"branchMap":{"1":{"line":46,"type":"if","locations":[{"start":{"line":46,"column":4},"end":{"line":46,"column":4}},{"start":{"line":46,"column":4},"end":{"line":46,"column":4}}]},"2":{"line":50,"type":"if","locations":[{"start":{"line":50,"column":4},"end":{"line":50,"column":4}},{"start":{"line":50,"column":4},"end":{"line":50,"column":4}}]},"3":{"line":62,"type":"if","locations":[{"start":{"line":62,"column":4},"end":{"line":62,"column":4}},{"start":{"line":62,"column":4},"end":{"line":62,"column":4}}]}},"code":["/*"," * Copyright 2013-2015, All Rights Reserved."," *"," * Code licensed under the BSD License:"," * https://github.com/node-gh/gh/blob/master/LICENSE.md"," *"," */","","'use strict';","","// -- Requires -------------------------------------------------------------------------------------","","var logger = require('../logger'),","    tracker = require('../tracker');","","// -- Constructor ----------------------------------------------------------------------------------","","function Track(options) {","    this.options = options;","}","","// -- Constants ------------------------------------------------------------------------------------","","Track.DETAILS = {","    alias: 'tk',","    description: 'Anonymous usage reporting control.',","    commands: [","        'opt-in',","        'opt-out'","    ],","    options: {","        'opt-in': Boolean,","        'opt-out': Boolean","    },","    shorthands: {","        'o': ['--opt-in'],","        'O': ['--opt-out']","    }","};","","// -- Commands -------------------------------------------------------------------------------------","","Track.prototype.run = function () {","    var options = this.options;","","    if (options['opt-in']) {","        this.optIn();","    }","","    if (options['opt-out']) {","        this.optOut();","    }","","    this.isTracking();","};","","Track.prototype.isTracking = function () {","    var status = 'enable',","        next = 'opt-out',","        current = tracker.optOut !== false;","","    if (current) {","        status = 'disable';","        next = 'opt-in';","    }","","    logger.log('Reporting anonymous usage statistics is ' + logger.bold.bold(status + 'd') + '.');","    logger.log('You can ' + next + ' it with: ' + logger.bold.cyan('gh track --' + next));","};","","Track.prototype.optIn = function () {","    tracker.optOut = false;","};","","Track.prototype.optOut = function () {","    tracker.optOut = true;","};","","exports.Impl = Track;",""],"l":{"13":1,"18":1,"19":0,"24":1,"43":1,"44":0,"46":0,"47":0,"50":0,"51":0,"54":0,"57":1,"58":0,"62":0,"63":0,"64":0,"67":0,"68":0,"71":1,"72":0,"75":1,"76":0,"79":1}},"/home/travis/build/npmtest/node-npmtest-gh/node_modules/gh/lib/cmds/version.js":{"path":"/home/travis/build/npmtest/node-npmtest-gh/node_modules/gh/lib/cmds/version.js","s":{"1":1,"2":1,"3":1,"4":1,"5":0,"6":1,"7":0,"8":1},"b":{},"f":{"1":0,"2":0,"3":0},"fnMap":{"1":{"name":"Version","line":15,"loc":{"start":{"line":15,"column":0},"end":{"line":15,"column":19}}},"2":{"name":"(anonymous_2)","line":23,"loc":{"start":{"line":23,"column":24},"end":{"line":23,"column":36}}},"3":{"name":"(anonymous_3)","line":27,"loc":{"start":{"line":27,"column":33},"end":{"line":27,"column":48}}}},"statementMap":{"1":{"start":{"line":12,"column":0},"end":{"line":13,"column":34}},"2":{"start":{"line":15,"column":0},"end":{"line":16,"column":1}},"3":{"start":{"line":18,"column":0},"end":{"line":21,"column":2}},"4":{"start":{"line":23,"column":0},"end":{"line":25,"column":2}},"5":{"start":{"line":24,"column":4},"end":{"line":24,"column":46}},"6":{"start":{"line":27,"column":0},"end":{"line":29,"column":2}},"7":{"start":{"line":28,"column":4},"end":{"line":28,"column":45}},"8":{"start":{"line":31,"column":0},"end":{"line":31,"column":23}}},"branchMap":{},"code":["/*"," * Copyright 2013-2015, All Rights Reserved."," *"," * Code licensed under the BSD License:"," * https://github.com/node-gh/gh/blob/master/LICENSE.md"," *"," * @author Henrique Vicente <henriquevicente@gmail.com>"," */","","'use strict';","","var base = require('../base'),","    logger = require('../logger');","","function Version() {","}","","Version.DETAILS = {","    alias: 'v',","    description: 'Print gh version.'","};","","Version.prototype.run = function () {","    base.asyncReadPackages(this.printVersion);","};","","Version.prototype.printVersion = function (pkg) {","    logger.log(pkg.name + ' ' + pkg.version);","};","","exports.Impl = Version;",""],"l":{"12":1,"15":1,"18":1,"23":1,"24":0,"27":1,"28":0,"31":1}}}