{"/home/travis/build/npmtest/node-npmtest-gh/test.js":{"path":"/home/travis/build/npmtest/node-npmtest-gh/test.js","s":{"1":2,"2":2,"3":2,"4":2,"5":2,"6":2,"7":2,"8":1,"9":2,"10":2,"11":1,"12":1,"13":1,"14":1,"15":2,"16":2,"17":2,"18":2,"19":1,"20":1,"21":2,"22":2,"23":2,"24":1,"25":1,"26":1,"27":1,"28":1,"29":1,"30":1,"31":1,"32":1,"33":1,"34":1,"35":1,"36":1,"37":1,"38":1,"39":2,"40":2,"41":1,"42":2,"43":2,"44":1,"45":2,"46":2,"47":1,"48":2,"49":2,"50":1,"51":1,"52":1,"53":1,"54":1},"b":{"1":[2,1,1,1],"2":[1,1,1,1],"3":[1,1],"4":[1,1],"5":[1,1],"6":[1,1],"7":[1,1],"8":[1,1],"9":[1,1],"10":[1,1,1],"11":[1,1],"12":[1,1],"13":[1,1],"14":[1,1],"15":[1,1],"16":[1,1],"17":[1,1]},"f":{"1":2,"2":2,"3":2,"4":2,"5":2,"6":1,"7":1,"8":1,"9":2,"10":2,"11":2,"12":2,"13":1},"fnMap":{"1":{"name":"(anonymous_1)","line":12,"loc":{"start":{"line":12,"column":1},"end":{"line":12,"column":13}}},"2":{"name":"(anonymous_2)","line":19,"loc":{"start":{"line":19,"column":5},"end":{"line":19,"column":17}}},"3":{"name":"(anonymous_3)","line":23,"loc":{"start":{"line":23,"column":24},"end":{"line":23,"column":36}}},"4":{"name":"(anonymous_4)","line":61,"loc":{"start":{"line":61,"column":5},"end":{"line":61,"column":17}}},"5":{"name":"(anonymous_5)","line":82,"loc":{"start":{"line":82,"column":5},"end":{"line":82,"column":17}}},"6":{"name":"(anonymous_6)","line":91,"loc":{"start":{"line":91,"column":77},"end":{"line":94,"column":10}}},"7":{"name":"(anonymous_7)","line":112,"loc":{"start":{"line":112,"column":83},"end":{"line":115,"column":10}},"skip":true},"8":{"name":"(anonymous_8)","line":123,"loc":{"start":{"line":123,"column":77},"end":{"line":126,"column":10}},"skip":true},"9":{"name":"(anonymous_9)","line":139,"loc":{"start":{"line":139,"column":12},"end":{"line":139,"column":40}},"skip":true},"10":{"name":"(anonymous_10)","line":147,"loc":{"start":{"line":147,"column":77},"end":{"line":150,"column":10}},"skip":true},"11":{"name":"(anonymous_11)","line":158,"loc":{"start":{"line":158,"column":83},"end":{"line":161,"column":10}},"skip":true},"12":{"name":"(anonymous_12)","line":169,"loc":{"start":{"line":169,"column":79},"end":{"line":172,"column":10}},"skip":true},"13":{"name":"(anonymous_13)","line":180,"loc":{"start":{"line":180,"column":75},"end":{"line":183,"column":10}},"skip":true}},"statementMap":{"1":{"start":{"line":12,"column":0},"end":{"line":195,"column":5}},"2":{"start":{"line":14,"column":4},"end":{"line":14,"column":14}},"3":{"start":{"line":19,"column":4},"end":{"line":56,"column":9}},"4":{"start":{"line":21,"column":8},"end":{"line":21,"column":19}},"5":{"start":{"line":23,"column":8},"end":{"line":35,"column":13}},"6":{"start":{"line":24,"column":12},"end":{"line":34,"column":13}},"7":{"start":{"line":25,"column":16},"end":{"line":28,"column":30}},"8":{"start":{"line":30,"column":16},"end":{"line":33,"column":27}},"9":{"start":{"line":37,"column":8},"end":{"line":39,"column":21}},"10":{"start":{"line":40,"column":8},"end":{"line":53,"column":9}},"11":{"start":{"line":43,"column":12},"end":{"line":46,"column":14}},"12":{"start":{"line":47,"column":12},"end":{"line":47,"column":18}},"13":{"start":{"line":50,"column":12},"end":{"line":51,"column":46}},"14":{"start":{"line":52,"column":12},"end":{"line":52,"column":18}},"15":{"start":{"line":55,"column":8},"end":{"line":55,"column":35}},"16":{"start":{"line":61,"column":4},"end":{"line":63,"column":9}},"17":{"start":{"line":62,"column":8},"end":{"line":62,"column":15}},"18":{"start":{"line":64,"column":4},"end":{"line":77,"column":5}},"19":{"start":{"line":70,"column":8},"end":{"line":70,"column":14}},"20":{"start":{"line":76,"column":8},"end":{"line":76,"column":14}},"21":{"start":{"line":82,"column":4},"end":{"line":84,"column":9}},"22":{"start":{"line":83,"column":8},"end":{"line":83,"column":15}},"23":{"start":{"line":85,"column":4},"end":{"line":194,"column":5}},"24":{"start":{"line":91,"column":8},"end":{"line":99,"column":10}},"25":{"start":{"line":98,"column":12},"end":{"line":98,"column":35}},"26":{"start":{"line":102,"column":8},"end":{"line":104,"column":63}},"27":{"start":{"line":105,"column":8},"end":{"line":105,"column":14}},"28":{"start":{"line":112,"column":8},"end":{"line":121,"column":10},"skip":true},"29":{"start":{"line":119,"column":12},"end":{"line":119,"column":55},"skip":true},"30":{"start":{"line":120,"column":12},"end":{"line":120,"column":48},"skip":true},"31":{"start":{"line":123,"column":8},"end":{"line":136,"column":10},"skip":true},"32":{"start":{"line":130,"column":12},"end":{"line":130,"column":76},"skip":true},"33":{"start":{"line":131,"column":12},"end":{"line":131,"column":73},"skip":true},"34":{"start":{"line":132,"column":12},"end":{"line":132,"column":74},"skip":true},"35":{"start":{"line":133,"column":12},"end":{"line":133,"column":79},"skip":true},"36":{"start":{"line":134,"column":12},"end":{"line":134,"column":25},"skip":true},"37":{"start":{"line":135,"column":12},"end":{"line":135,"column":45},"skip":true},"38":{"start":{"line":138,"column":8},"end":{"line":145,"column":14},"skip":true},"39":{"start":{"line":143,"column":16},"end":{"line":143,"column":29},"skip":true},"40":{"start":{"line":144,"column":16},"end":{"line":144,"column":55},"skip":true},"41":{"start":{"line":147,"column":8},"end":{"line":156,"column":10},"skip":true},"42":{"start":{"line":154,"column":12},"end":{"line":154,"column":25},"skip":true},"43":{"start":{"line":155,"column":12},"end":{"line":155,"column":45},"skip":true},"44":{"start":{"line":158,"column":8},"end":{"line":167,"column":10},"skip":true},"45":{"start":{"line":165,"column":12},"end":{"line":165,"column":25},"skip":true},"46":{"start":{"line":166,"column":12},"end":{"line":166,"column":48},"skip":true},"47":{"start":{"line":169,"column":8},"end":{"line":178,"column":10},"skip":true},"48":{"start":{"line":176,"column":12},"end":{"line":176,"column":25},"skip":true},"49":{"start":{"line":177,"column":12},"end":{"line":177,"column":46},"skip":true},"50":{"start":{"line":180,"column":8},"end":{"line":189,"column":10},"skip":true},"51":{"start":{"line":187,"column":12},"end":{"line":187,"column":94},"skip":true},"52":{"start":{"line":188,"column":12},"end":{"line":188,"column":48},"skip":true},"53":{"start":{"line":192,"column":8},"end":{"line":192,"column":35},"skip":true},"54":{"start":{"line":193,"column":8},"end":{"line":193,"column":14},"skip":true}},"branchMap":{"1":{"line":25,"type":"binary-expr","locations":[{"start":{"line":25,"column":23},"end":{"line":25,"column":62}},{"start":{"line":26,"column":20},"end":{"line":26,"column":70}},{"start":{"line":27,"column":20},"end":{"line":27,"column":71}},{"start":{"line":28,"column":20},"end":{"line":28,"column":29}}]},"2":{"line":30,"type":"binary-expr","locations":[{"start":{"line":30,"column":23},"end":{"line":30,"column":37}},{"start":{"line":31,"column":20},"end":{"line":31,"column":61}},{"start":{"line":32,"column":20},"end":{"line":32,"column":70}},{"start":{"line":33,"column":20},"end":{"line":33,"column":26}}]},"3":{"line":37,"type":"cond-expr","locations":[{"start":{"line":38,"column":14},"end":{"line":38,"column":20}},{"start":{"line":39,"column":14},"end":{"line":39,"column":20}}]},"4":{"line":40,"type":"switch","locations":[{"start":{"line":42,"column":8},"end":{"line":47,"column":18}},{"start":{"line":49,"column":8},"end":{"line":52,"column":18}}]},"5":{"line":44,"type":"binary-expr","locations":[{"start":{"line":44,"column":16},"end":{"line":44,"column":44}},{"start":{"line":44,"column":48},"end":{"line":44,"column":66}}]},"6":{"line":50,"type":"binary-expr","locations":[{"start":{"line":50,"column":21},"end":{"line":50,"column":49}},{"start":{"line":50,"column":53},"end":{"line":50,"column":72}}]},"7":{"line":64,"type":"switch","locations":[{"start":{"line":69,"column":4},"end":{"line":70,"column":14}},{"start":{"line":75,"column":4},"end":{"line":76,"column":14}}]},"8":{"line":85,"type":"switch","locations":[{"start":{"line":90,"column":4},"end":{"line":105,"column":14}},{"start":{"line":111,"column":4},"end":{"line":193,"column":14},"skip":true}]},"9":{"line":91,"type":"binary-expr","locations":[{"start":{"line":91,"column":42},"end":{"line":91,"column":73}},{"start":{"line":91,"column":77},"end":{"line":99,"column":9}}]},"10":{"line":102,"type":"binary-expr","locations":[{"start":{"line":102,"column":18},"end":{"line":102,"column":32}},{"start":{"line":103,"column":12},"end":{"line":103,"column":53}},{"start":{"line":104,"column":12},"end":{"line":104,"column":61}}]},"11":{"line":112,"type":"binary-expr","locations":[{"start":{"line":112,"column":45},"end":{"line":112,"column":79},"skip":true},{"start":{"line":112,"column":83},"end":{"line":121,"column":9},"skip":true}]},"12":{"line":123,"type":"binary-expr","locations":[{"start":{"line":123,"column":42},"end":{"line":123,"column":73},"skip":true},{"start":{"line":123,"column":77},"end":{"line":136,"column":9},"skip":true}]},"13":{"line":138,"type":"binary-expr","locations":[{"start":{"line":138,"column":48},"end":{"line":138,"column":85},"skip":true},{"start":{"line":139,"column":12},"end":{"line":145,"column":13},"skip":true}]},"14":{"line":147,"type":"binary-expr","locations":[{"start":{"line":147,"column":42},"end":{"line":147,"column":73},"skip":true},{"start":{"line":147,"column":77},"end":{"line":156,"column":9},"skip":true}]},"15":{"line":158,"type":"binary-expr","locations":[{"start":{"line":158,"column":45},"end":{"line":158,"column":79},"skip":true},{"start":{"line":158,"column":83},"end":{"line":167,"column":9},"skip":true}]},"16":{"line":169,"type":"binary-expr","locations":[{"start":{"line":169,"column":43},"end":{"line":169,"column":75},"skip":true},{"start":{"line":169,"column":79},"end":{"line":178,"column":9},"skip":true}]},"17":{"line":180,"type":"binary-expr","locations":[{"start":{"line":180,"column":41},"end":{"line":180,"column":71},"skip":true},{"start":{"line":180,"column":75},"end":{"line":189,"column":9},"skip":true}]}},"code":["/* istanbul instrument in package npmtest_gh */","/*jslint","    bitwise: true,","    browser: true,","    maxerr: 8,","    maxlen: 96,","    node: true,","    nomen: true,","    regexp: true,","    stupid: true","*/","(function () {","    'use strict';","    var local;","","","","    // run shared js-env code - pre-init","    (function () {","        // init local","        local = {};","        // init modeJs","        local.modeJs = (function () {","            try {","                return typeof navigator.userAgent === 'string' &&","                    typeof document.querySelector('body') === 'object' &&","                    typeof XMLHttpRequest.prototype.open === 'function' &&","                    'browser';","            } catch (errorCaughtBrowser) {","                return module.exports &&","                    typeof process.versions.node === 'string' &&","                    typeof require('http').createServer === 'function' &&","                    'node';","            }","        }());","        // init global","        local.global = local.modeJs === 'browser'","            ? window","            : global;","        switch (local.modeJs) {","        // re-init local from window.local","        case 'browser':","            local = local.global.utility2.objectSetDefault(","                local.global.utility2_rollup || local.global.local,","                local.global.utility2","            );","            break;","        // re-init local from example.js","        case 'node':","            local = (local.global.utility2_rollup || require('utility2'))","                .requireExampleJsFromReadme();","            break;","        }","        // export local","        local.global.local = local;","    }());","","","","    // run shared js-env code - function","    (function () {","        return;","    }());","    switch (local.modeJs) {","","","","    // run browser js-env code - function","    case 'browser':","        break;","","","","    // run node js-env code - function","    case 'node':","        break;","    }","","","","    // run shared js-env code - post-init","    (function () {","        return;","    }());","    switch (local.modeJs) {","","","","    // run browser js-env code - post-init","    case 'browser':","        local.testCase_browser_nullCase = local.testCase_browser_nullCase || function (","            options,","            onError","        ) {","        /*","         * this function will test browsers's null-case handling-behavior-behavior","         */","            onError(null, options);","        };","","        // run tests","        local.nop(local.modeTest &&","            document.querySelector('#testRunButton1') &&","            document.querySelector('#testRunButton1').click());","        break;","","","","    // run node js-env code - post-init","    /* istanbul ignore next */","    case 'node':","        local.testCase_buildApidoc_default = local.testCase_buildApidoc_default || function (","            options,","            onError","        ) {","        /*","         * this function will test buildApidoc's default handling-behavior-behavior","         */","            options = { modulePathList: module.paths };","            local.buildApidoc(options, onError);","        };","","        local.testCase_buildApp_default = local.testCase_buildApp_default || function (","            options,","            onError","        ) {","        /*","         * this function will test buildApp's default handling-behavior-behavior","         */","            local.testCase_buildReadme_default(options, local.onErrorThrow);","            local.testCase_buildLib_default(options, local.onErrorThrow);","            local.testCase_buildTest_default(options, local.onErrorThrow);","            local.testCase_buildCustomOrg_default(options, local.onErrorThrow);","            options = [];","            local.buildApp(options, onError);","        };","","        local.testCase_buildCustomOrg_default = local.testCase_buildCustomOrg_default ||","            function (options, onError) {","            /*","             * this function will test buildCustomOrg's default handling-behavior","             */","                options = {};","                local.buildCustomOrg(options, onError);","            };","","        local.testCase_buildLib_default = local.testCase_buildLib_default || function (","            options,","            onError","        ) {","        /*","         * this function will test buildLib's default handling-behavior","         */","            options = {};","            local.buildLib(options, onError);","        };","","        local.testCase_buildReadme_default = local.testCase_buildReadme_default || function (","            options,","            onError","        ) {","        /*","         * this function will test buildReadme's default handling-behavior-behavior","         */","            options = {};","            local.buildReadme(options, onError);","        };","","        local.testCase_buildTest_default = local.testCase_buildTest_default || function (","            options,","            onError","        ) {","        /*","         * this function will test buildTest's default handling-behavior","         */","            options = {};","            local.buildTest(options, onError);","        };","","        local.testCase_webpage_default = local.testCase_webpage_default || function (","            options,","            onError","        ) {","        /*","         * this function will test webpage's default handling-behavior","         */","            options = { modeCoverageMerge: true, url: local.serverLocalHost + '?modeTest=1' };","            local.browserTest(options, onError);","        };","","        // run test-server","        local.testRunServer(local);","        break;","    }","}());",""],"l":{"12":2,"14":2,"19":2,"21":2,"23":2,"24":2,"25":2,"30":1,"37":2,"40":2,"43":1,"47":1,"50":1,"52":1,"55":2,"61":2,"62":2,"64":2,"70":1,"76":1,"82":2,"83":2,"85":2,"91":1,"98":1,"102":1,"105":1,"112":1,"119":1,"120":1,"123":1,"130":1,"131":1,"132":1,"133":1,"134":1,"135":1,"138":1,"143":2,"144":2,"147":1,"154":2,"155":2,"158":1,"165":2,"166":2,"169":1,"176":2,"177":2,"180":1,"187":1,"188":1,"192":1,"193":1}},"/home/travis/build/npmtest/node-npmtest-gh/lib.npmtest_gh.js":{"path":"/home/travis/build/npmtest/node-npmtest-gh/lib.npmtest_gh.js","s":{"1":2,"2":2,"3":2,"4":2,"5":2,"6":2,"7":2,"8":1,"9":2,"10":2,"11":2,"12":2,"13":1,"14":1,"15":1,"16":1},"b":{"1":[2,1,1,1],"2":[1,1,1,1],"3":[1,1],"4":[2,2],"5":[1,1]},"f":{"1":2,"2":2,"3":2},"fnMap":{"1":{"name":"(anonymous_1)","line":12,"loc":{"start":{"line":12,"column":1},"end":{"line":12,"column":13}}},"2":{"name":"(anonymous_2)","line":19,"loc":{"start":{"line":19,"column":5},"end":{"line":19,"column":17}}},"3":{"name":"(anonymous_3)","line":23,"loc":{"start":{"line":23,"column":24},"end":{"line":23,"column":36}}}},"statementMap":{"1":{"start":{"line":12,"column":0},"end":{"line":53,"column":5}},"2":{"start":{"line":14,"column":4},"end":{"line":14,"column":14}},"3":{"start":{"line":19,"column":4},"end":{"line":52,"column":9}},"4":{"start":{"line":21,"column":8},"end":{"line":21,"column":19}},"5":{"start":{"line":23,"column":8},"end":{"line":35,"column":13}},"6":{"start":{"line":24,"column":12},"end":{"line":34,"column":13}},"7":{"start":{"line":25,"column":16},"end":{"line":28,"column":30}},"8":{"start":{"line":30,"column":16},"end":{"line":33,"column":27}},"9":{"start":{"line":37,"column":8},"end":{"line":39,"column":21}},"10":{"start":{"line":41,"column":8},"end":{"line":41,"column":54}},"11":{"start":{"line":43,"column":8},"end":{"line":43,"column":47}},"12":{"start":{"line":45,"column":8},"end":{"line":51,"column":9}},"13":{"start":{"line":46,"column":12},"end":{"line":46,"column":53}},"14":{"start":{"line":48,"column":12},"end":{"line":48,"column":35}},"15":{"start":{"line":49,"column":12},"end":{"line":49,"column":49}},"16":{"start":{"line":50,"column":12},"end":{"line":50,"column":43}}},"branchMap":{"1":{"line":25,"type":"binary-expr","locations":[{"start":{"line":25,"column":23},"end":{"line":25,"column":62}},{"start":{"line":26,"column":20},"end":{"line":26,"column":70}},{"start":{"line":27,"column":20},"end":{"line":27,"column":71}},{"start":{"line":28,"column":20},"end":{"line":28,"column":29}}]},"2":{"line":30,"type":"binary-expr","locations":[{"start":{"line":30,"column":23},"end":{"line":30,"column":37}},{"start":{"line":31,"column":20},"end":{"line":31,"column":61}},{"start":{"line":32,"column":20},"end":{"line":32,"column":70}},{"start":{"line":33,"column":20},"end":{"line":33,"column":26}}]},"3":{"line":37,"type":"cond-expr","locations":[{"start":{"line":38,"column":14},"end":{"line":38,"column":20}},{"start":{"line":39,"column":14},"end":{"line":39,"column":20}}]},"4":{"line":41,"type":"binary-expr","locations":[{"start":{"line":41,"column":16},"end":{"line":41,"column":44}},{"start":{"line":41,"column":48},"end":{"line":41,"column":53}}]},"5":{"line":45,"type":"if","locations":[{"start":{"line":45,"column":8},"end":{"line":45,"column":8}},{"start":{"line":45,"column":8},"end":{"line":45,"column":8}}]}},"code":["/* istanbul instrument in package npmtest_gh */","/*jslint","    bitwise: true,","    browser: true,","    maxerr: 8,","    maxlen: 96,","    node: true,","    nomen: true,","    regexp: true,","    stupid: true","*/","(function () {","    'use strict';","    var local;","","","","    // run shared js-env code - pre-init","    (function () {","        // init local","        local = {};","        // init modeJs","        local.modeJs = (function () {","            try {","                return typeof navigator.userAgent === 'string' &&","                    typeof document.querySelector('body') === 'object' &&","                    typeof XMLHttpRequest.prototype.open === 'function' &&","                    'browser';","            } catch (errorCaughtBrowser) {","                return module.exports &&","                    typeof process.versions.node === 'string' &&","                    typeof require('http').createServer === 'function' &&","                    'node';","            }","        }());","        // init global","        local.global = local.modeJs === 'browser'","            ? window","            : global;","        // init utility2_rollup","        local = local.global.utility2_rollup || local;","        // init lib","        local.local = local.npmtest_gh = local;","        // init exports","        if (local.modeJs === 'browser') {","            local.global.utility2_npmtest_gh = local;","        } else {","            module.exports = local;","            module.exports.__dirname = __dirname;","            module.exports.module = module;","        }","    }());","}());",""],"l":{"12":2,"14":2,"19":2,"21":2,"23":2,"24":2,"25":2,"30":1,"37":2,"41":2,"43":2,"45":2,"46":1,"48":1,"49":1,"50":1}},"/home/travis/build/npmtest/node-npmtest-gh/example.js":{"path":"/home/travis/build/npmtest/node-npmtest-gh/example.js","s":{"1":2,"2":2,"3":2,"4":2,"5":2,"6":2,"7":2,"8":1,"9":2,"10":2,"11":2,"12":2,"13":1,"14":2,"15":2,"16":2,"17":2,"18":2,"19":0,"20":2,"21":1,"22":1,"23":1,"24":1,"25":1,"26":0,"27":0,"28":1,"29":1,"30":2,"31":0,"32":0,"33":0,"34":1,"35":2,"36":2,"37":3,"38":3,"39":3,"40":3,"41":0,"42":3,"43":3,"44":3,"45":1,"46":3,"47":1,"48":1,"49":1,"50":1,"51":1,"52":1,"53":1,"54":1,"55":1,"56":1,"57":0,"58":1,"59":6,"60":6,"61":1,"62":2,"63":0,"64":2,"65":1,"66":1,"67":0,"68":0,"69":0,"70":0,"71":0,"72":0,"73":0,"74":0,"75":0,"76":0,"77":0,"78":0,"79":0,"80":0,"81":0,"82":0,"83":0},"b":{"1":[2,1,1,1],"2":[1,1,1,1],"3":[1,1],"4":[2,2],"5":[1,1],"6":[1,1],"7":[2,0],"8":[2,1,1,1,1,1],"9":[0,2,0],"10":[1,1],"11":[2,1,1],"12":[1,0],"13":[0,2],"14":[2,0,0,0,0,0,0],"15":[0,3],"16":[3,0],"17":[1,1],"18":[0,1],"19":[1,2,0,2],"20":[1,0],"21":[1,1],"22":[0,0],"23":[0,0],"24":[0,0],"25":[0,0],"26":[0,0],"27":[0,0],"28":[0,0]},"f":{"1":2,"2":2,"3":2,"4":2,"5":2,"6":2,"7":3,"8":3,"9":3,"10":1,"11":6,"12":0},"fnMap":{"1":{"name":"(anonymous_1)","line":26,"loc":{"start":{"line":26,"column":1},"end":{"line":26,"column":13}}},"2":{"name":"(anonymous_2)","line":33,"loc":{"start":{"line":33,"column":5},"end":{"line":33,"column":17}}},"3":{"name":"(anonymous_3)","line":37,"loc":{"start":{"line":37,"column":24},"end":{"line":37,"column":36}}},"4":{"name":"(anonymous_4)","line":69,"loc":{"start":{"line":69,"column":31},"end":{"line":69,"column":48}},"skip":true},"5":{"name":"(anonymous_5)","line":78,"loc":{"start":{"line":78,"column":26},"end":{"line":78,"column":45}},"skip":true},"6":{"name":"(anonymous_6)","line":123,"loc":{"start":{"line":123,"column":33},"end":{"line":123,"column":48}},"skip":true},"7":{"name":"(anonymous_7)","line":125,"loc":{"start":{"line":125,"column":27},"end":{"line":125,"column":39}},"skip":true},"8":{"name":"(anonymous_8)","line":133,"loc":{"start":{"line":133,"column":59},"end":{"line":133,"column":74}},"skip":true},"9":{"name":"(anonymous_9)","line":143,"loc":{"start":{"line":143,"column":45},"end":{"line":143,"column":62}},"skip":true},"10":{"name":"(anonymous_10)","line":144,"loc":{"start":{"line":144,"column":73},"end":{"line":144,"column":92}},"skip":true},"11":{"name":"(anonymous_11)","line":272,"loc":{"start":{"line":272,"column":51},"end":{"line":272,"column":77}},"skip":true},"12":{"name":"(anonymous_12)","line":315,"loc":{"start":{"line":315,"column":32},"end":{"line":315,"column":61}},"skip":true}},"statementMap":{"1":{"start":{"line":26,"column":0},"end":{"line":326,"column":5}},"2":{"start":{"line":28,"column":4},"end":{"line":28,"column":14}},"3":{"start":{"line":33,"column":4},"end":{"line":60,"column":9}},"4":{"start":{"line":35,"column":8},"end":{"line":35,"column":19}},"5":{"start":{"line":37,"column":8},"end":{"line":49,"column":13}},"6":{"start":{"line":38,"column":12},"end":{"line":48,"column":13}},"7":{"start":{"line":39,"column":16},"end":{"line":42,"column":30}},"8":{"start":{"line":44,"column":16},"end":{"line":47,"column":27}},"9":{"start":{"line":51,"column":8},"end":{"line":53,"column":21}},"10":{"start":{"line":55,"column":8},"end":{"line":57,"column":45}},"11":{"start":{"line":59,"column":8},"end":{"line":59,"column":35}},"12":{"start":{"line":61,"column":4},"end":{"line":325,"column":5}},"13":{"start":{"line":69,"column":8},"end":{"line":121,"column":10},"skip":true},"14":{"start":{"line":70,"column":12},"end":{"line":88,"column":13},"skip":true},"15":{"start":{"line":76,"column":16},"end":{"line":87,"column":19},"skip":true},"16":{"start":{"line":79,"column":20},"end":{"line":86,"column":21},"skip":true},"17":{"start":{"line":82,"column":24},"end":{"line":82,"column":43},"skip":true},"18":{"start":{"line":83,"column":24},"end":{"line":83,"column":30},"skip":true},"19":{"start":{"line":85,"column":24},"end":{"line":85,"column":49},"skip":true},"20":{"start":{"line":89,"column":12},"end":{"line":107,"column":13},"skip":true},"21":{"start":{"line":92,"column":16},"end":{"line":102,"column":17},"skip":true},"22":{"start":{"line":93,"column":20},"end":{"line":93,"column":86},"skip":true},"23":{"start":{"line":94,"column":20},"end":{"line":95,"column":45},"skip":true},"24":{"start":{"line":96,"column":20},"end":{"line":96,"column":42},"skip":true},"25":{"start":{"line":97,"column":20},"end":{"line":97,"column":48},"skip":true},"26":{"start":{"line":100,"column":20},"end":{"line":100,"column":85},"skip":true},"27":{"start":{"line":101,"column":20},"end":{"line":101,"column":96},"skip":true},"28":{"start":{"line":103,"column":16},"end":{"line":103,"column":22},"skip":true},"29":{"start":{"line":106,"column":16},"end":{"line":106,"column":22},"skip":true},"30":{"start":{"line":108,"column":12},"end":{"line":120,"column":13},"skip":true},"31":{"start":{"line":114,"column":16},"end":{"line":119,"column":17},"skip":true},"32":{"start":{"line":116,"column":20},"end":{"line":116,"column":78},"skip":true},"33":{"start":{"line":118,"column":20},"end":{"line":118,"column":47},"skip":true},"34":{"start":{"line":123,"column":8},"end":{"line":141,"column":11},"skip":true},"35":{"start":{"line":124,"column":12},"end":{"line":124,"column":54},"skip":true},"36":{"start":{"line":125,"column":12},"end":{"line":140,"column":14},"skip":true},"37":{"start":{"line":126,"column":16},"end":{"line":126,"column":28},"skip":true},"38":{"start":{"line":127,"column":16},"end":{"line":127,"column":69},"skip":true},"39":{"start":{"line":128,"column":16},"end":{"line":128,"column":75},"skip":true},"40":{"start":{"line":129,"column":16},"end":{"line":131,"column":17},"skip":true},"41":{"start":{"line":130,"column":20},"end":{"line":130,"column":27},"skip":true},"42":{"start":{"line":133,"column":16},"end":{"line":137,"column":36},"skip":true},"43":{"start":{"line":134,"column":20},"end":{"line":136,"column":55},"skip":true},"44":{"start":{"line":139,"column":16},"end":{"line":139,"column":57},"skip":true},"45":{"start":{"line":143,"column":8},"end":{"line":147,"column":11},"skip":true},"46":{"start":{"line":144,"column":12},"end":{"line":146,"column":15},"skip":true},"47":{"start":{"line":145,"column":16},"end":{"line":145,"column":70},"skip":true},"48":{"start":{"line":149,"column":8},"end":{"line":149,"column":31},"skip":true},"49":{"start":{"line":150,"column":8},"end":{"line":150,"column":14},"skip":true},"50":{"start":{"line":158,"column":8},"end":{"line":158,"column":31},"skip":true},"51":{"start":{"line":160,"column":8},"end":{"line":160,"column":33},"skip":true},"52":{"start":{"line":161,"column":8},"end":{"line":161,"column":37},"skip":true},"53":{"start":{"line":162,"column":8},"end":{"line":162,"column":35},"skip":true},"54":{"start":{"line":164,"column":8},"end":{"line":164,"column":50},"skip":true},"55":{"start":{"line":166,"column":8},"end":{"line":256,"column":2},"skip":true},"56":{"start":{"line":258,"column":8},"end":{"line":286,"column":9},"skip":true},"57":{"start":{"line":259,"column":12},"end":{"line":269,"column":14},"skip":true},"58":{"start":{"line":271,"column":12},"end":{"line":285,"column":19},"skip":true},"59":{"start":{"line":274,"column":20},"end":{"line":274,"column":35},"skip":true},"60":{"start":{"line":275,"column":20},"end":{"line":284,"column":21},"skip":true},"61":{"start":{"line":277,"column":24},"end":{"line":277,"column":64},"skip":true},"62":{"start":{"line":279,"column":24},"end":{"line":279,"column":40},"skip":true},"63":{"start":{"line":281,"column":24},"end":{"line":281,"column":40},"skip":true},"64":{"start":{"line":283,"column":24},"end":{"line":283,"column":39},"skip":true},"65":{"start":{"line":288,"column":8},"end":{"line":290,"column":9},"skip":true},"66":{"start":{"line":289,"column":12},"end":{"line":289,"column":18},"skip":true},"67":{"start":{"line":291,"column":8},"end":{"line":293,"column":54},"skip":true},"68":{"start":{"line":296,"column":8},"end":{"line":301,"column":37},"skip":true},"69":{"start":{"line":303,"column":8},"end":{"line":303,"column":82},"skip":true},"70":{"start":{"line":306,"column":8},"end":{"line":308,"column":9},"skip":true},"71":{"start":{"line":307,"column":12},"end":{"line":307,"column":82},"skip":true},"72":{"start":{"line":310,"column":8},"end":{"line":312,"column":9},"skip":true},"73":{"start":{"line":311,"column":12},"end":{"line":311,"column":18},"skip":true},"74":{"start":{"line":313,"column":8},"end":{"line":313,"column":54},"skip":true},"75":{"start":{"line":314,"column":8},"end":{"line":314,"column":69},"skip":true},"76":{"start":{"line":315,"column":8},"end":{"line":323,"column":36},"skip":true},"77":{"start":{"line":316,"column":12},"end":{"line":316,"column":61},"skip":true},"78":{"start":{"line":317,"column":12},"end":{"line":320,"column":13},"skip":true},"79":{"start":{"line":318,"column":16},"end":{"line":318,"column":75},"skip":true},"80":{"start":{"line":319,"column":16},"end":{"line":319,"column":23},"skip":true},"81":{"start":{"line":321,"column":12},"end":{"line":321,"column":38},"skip":true},"82":{"start":{"line":322,"column":12},"end":{"line":322,"column":27},"skip":true},"83":{"start":{"line":324,"column":8},"end":{"line":324,"column":14},"skip":true}},"branchMap":{"1":{"line":39,"type":"binary-expr","locations":[{"start":{"line":39,"column":23},"end":{"line":39,"column":62}},{"start":{"line":40,"column":20},"end":{"line":40,"column":70}},{"start":{"line":41,"column":20},"end":{"line":41,"column":71}},{"start":{"line":42,"column":20},"end":{"line":42,"column":29}}]},"2":{"line":44,"type":"binary-expr","locations":[{"start":{"line":44,"column":23},"end":{"line":44,"column":37}},{"start":{"line":45,"column":20},"end":{"line":45,"column":61}},{"start":{"line":46,"column":20},"end":{"line":46,"column":70}},{"start":{"line":47,"column":20},"end":{"line":47,"column":26}}]},"3":{"line":51,"type":"cond-expr","locations":[{"start":{"line":52,"column":14},"end":{"line":52,"column":20}},{"start":{"line":53,"column":14},"end":{"line":53,"column":20}}]},"4":{"line":55,"type":"binary-expr","locations":[{"start":{"line":55,"column":16},"end":{"line":55,"column":44}},{"start":{"line":55,"column":49},"end":{"line":57,"column":43}}]},"5":{"line":55,"type":"cond-expr","locations":[{"start":{"line":56,"column":14},"end":{"line":56,"column":46}},{"start":{"line":57,"column":14},"end":{"line":57,"column":43}}]},"6":{"line":61,"type":"switch","locations":[{"start":{"line":68,"column":4},"end":{"line":150,"column":14},"skip":true},{"start":{"line":156,"column":4},"end":{"line":324,"column":14},"skip":true}]},"7":{"line":70,"type":"if","locations":[{"start":{"line":70,"column":12},"end":{"line":70,"column":12},"skip":true},{"start":{"line":70,"column":12},"end":{"line":70,"column":12},"skip":true}]},"8":{"line":70,"type":"binary-expr","locations":[{"start":{"line":70,"column":16},"end":{"line":70,"column":22},"skip":true},{"start":{"line":70,"column":27},"end":{"line":70,"column":32},"skip":true},{"start":{"line":71,"column":20},"end":{"line":71,"column":39},"skip":true},{"start":{"line":72,"column":20},"end":{"line":72,"column":49},"skip":true},{"start":{"line":73,"column":20},"end":{"line":73,"column":58},"skip":true},{"start":{"line":74,"column":20},"end":{"line":74,"column":69},"skip":true}]},"9":{"line":79,"type":"switch","locations":[{"start":{"line":80,"column":20},"end":{"line":80,"column":33},"skip":true},{"start":{"line":81,"column":20},"end":{"line":83,"column":30},"skip":true},{"start":{"line":84,"column":20},"end":{"line":85,"column":49},"skip":true}]},"10":{"line":89,"type":"switch","locations":[{"start":{"line":90,"column":12},"end":{"line":103,"column":22},"skip":true},{"start":{"line":105,"column":12},"end":{"line":106,"column":22},"skip":true}]},"11":{"line":89,"type":"binary-expr","locations":[{"start":{"line":89,"column":20},"end":{"line":89,"column":25},"skip":true},{"start":{"line":89,"column":29},"end":{"line":89,"column":48},"skip":true},{"start":{"line":89,"column":52},"end":{"line":89,"column":74},"skip":true}]},"12":{"line":92,"type":"if","locations":[{"start":{"line":92,"column":16},"end":{"line":92,"column":16},"skip":true},{"start":{"line":92,"column":16},"end":{"line":92,"column":16},"skip":true}]},"13":{"line":108,"type":"if","locations":[{"start":{"line":108,"column":12},"end":{"line":108,"column":12},"skip":true},{"start":{"line":108,"column":12},"end":{"line":108,"column":12},"skip":true}]},"14":{"line":108,"type":"binary-expr","locations":[{"start":{"line":108,"column":16},"end":{"line":108,"column":61},"skip":true},{"start":{"line":108,"column":66},"end":{"line":108,"column":72},"skip":true},{"start":{"line":108,"column":77},"end":{"line":108,"column":82},"skip":true},{"start":{"line":109,"column":20},"end":{"line":109,"column":39},"skip":true},{"start":{"line":110,"column":20},"end":{"line":110,"column":49},"skip":true},{"start":{"line":111,"column":20},"end":{"line":111,"column":58},"skip":true},{"start":{"line":112,"column":20},"end":{"line":112,"column":68},"skip":true}]},"15":{"line":129,"type":"if","locations":[{"start":{"line":129,"column":16},"end":{"line":129,"column":16},"skip":true},{"start":{"line":129,"column":16},"end":{"line":129,"column":16},"skip":true}]},"16":{"line":134,"type":"cond-expr","locations":[{"start":{"line":135,"column":26},"end":{"line":135,"column":29},"skip":true},{"start":{"line":136,"column":26},"end":{"line":136,"column":54},"skip":true}]},"17":{"line":164,"type":"binary-expr","locations":[{"start":{"line":164,"column":27},"end":{"line":164,"column":43},"skip":true},{"start":{"line":164,"column":47},"end":{"line":164,"column":49},"skip":true}]},"18":{"line":258,"type":"if","locations":[{"start":{"line":258,"column":8},"end":{"line":258,"column":8},"skip":true},{"start":{"line":258,"column":8},"end":{"line":258,"column":8},"skip":true}]},"19":{"line":275,"type":"switch","locations":[{"start":{"line":276,"column":20},"end":{"line":277,"column":64},"skip":true},{"start":{"line":278,"column":20},"end":{"line":279,"column":40},"skip":true},{"start":{"line":280,"column":20},"end":{"line":281,"column":40},"skip":true},{"start":{"line":282,"column":20},"end":{"line":283,"column":39},"skip":true}]},"20":{"line":288,"type":"if","locations":[{"start":{"line":288,"column":8},"end":{"line":288,"column":8},"skip":true},{"start":{"line":288,"column":8},"end":{"line":288,"column":8},"skip":true}]},"21":{"line":288,"type":"binary-expr","locations":[{"start":{"line":288,"column":12},"end":{"line":288,"column":40},"skip":true},{"start":{"line":288,"column":44},"end":{"line":288,"column":67},"skip":true}]},"22":{"line":292,"type":"binary-expr","locations":[{"start":{"line":292,"column":12},"end":{"line":292,"column":50},"skip":true},{"start":{"line":293,"column":12},"end":{"line":293,"column":53},"skip":true}]},"23":{"line":297,"type":"binary-expr","locations":[{"start":{"line":297,"column":12},"end":{"line":297,"column":60},"skip":true},{"start":{"line":298,"column":12},"end":{"line":301,"column":36},"skip":true}]},"24":{"line":303,"type":"binary-expr","locations":[{"start":{"line":303,"column":43},"end":{"line":303,"column":75},"skip":true},{"start":{"line":303,"column":79},"end":{"line":303,"column":81},"skip":true}]},"25":{"line":306,"type":"if","locations":[{"start":{"line":306,"column":8},"end":{"line":306,"column":8},"skip":true},{"start":{"line":306,"column":8},"end":{"line":306,"column":8},"skip":true}]},"26":{"line":310,"type":"if","locations":[{"start":{"line":310,"column":8},"end":{"line":310,"column":8},"skip":true},{"start":{"line":310,"column":8},"end":{"line":310,"column":8},"skip":true}]},"27":{"line":313,"type":"binary-expr","locations":[{"start":{"line":313,"column":27},"end":{"line":313,"column":43},"skip":true},{"start":{"line":313,"column":47},"end":{"line":313,"column":53},"skip":true}]},"28":{"line":317,"type":"if","locations":[{"start":{"line":317,"column":12},"end":{"line":317,"column":12},"skip":true},{"start":{"line":317,"column":12},"end":{"line":317,"column":12},"skip":true}]}},"code":["/*","example.js","","quickstart example","","instruction","    1. save this script as example.js","    2. run the shell command:","        $ npm install npmtest-gh && PORT=8081 node example.js","    3. play with the browser-demo on http://127.0.0.1:8081","*/","","","","/* istanbul instrument in package npmtest_gh */","/*jslint","    bitwise: true,","    browser: true,","    maxerr: 8,","    maxlen: 96,","    node: true,","    nomen: true,","    regexp: true,","    stupid: true","*/","(function () {","    'use strict';","    var local;","","","","    // run shared js-env code - pre-init","    (function () {","        // init local","        local = {};","        // init modeJs","        local.modeJs = (function () {","            try {","                return typeof navigator.userAgent === 'string' &&","                    typeof document.querySelector('body') === 'object' &&","                    typeof XMLHttpRequest.prototype.open === 'function' &&","                    'browser';","            } catch (errorCaughtBrowser) {","                return module.exports &&","                    typeof process.versions.node === 'string' &&","                    typeof require('http').createServer === 'function' &&","                    'node';","            }","        }());","        // init global","        local.global = local.modeJs === 'browser'","            ? window","            : global;","        // init utility2_rollup","        local = local.global.utility2_rollup || (local.modeJs === 'browser'","            ? local.global.utility2_npmtest_gh","            : global.utility2_moduleExports);","        // export local","        local.global.local = local;","    }());","    switch (local.modeJs) {","","","","    // post-init","    // run browser js-env code - post-init","    /* istanbul ignore next */","    case 'browser':","        local.testRunBrowser = function (event) {","            if (!event || (event &&","                    event.currentTarget &&","                    event.currentTarget.className &&","                    event.currentTarget.className.includes &&","                    event.currentTarget.className.includes('onreset'))) {","                // reset output","                Array.from(","                    document.querySelectorAll('body > .resettable')","                ).forEach(function (element) {","                    switch (element.tagName) {","                    case 'INPUT':","                    case 'TEXTAREA':","                        element.value = '';","                        break;","                    default:","                        element.textContent = '';","                    }","                });","            }","            switch (event && event.currentTarget && event.currentTarget.id) {","            case 'testRunButton1':","                // show tests","                if (document.querySelector('#testReportDiv1').style.display === 'none') {","                    document.querySelector('#testReportDiv1').style.display = 'block';","                    document.querySelector('#testRunButton1').textContent =","                        'hide internal test';","                    local.modeTest = true;","                    local.testRunDefault(local);","                // hide tests","                } else {","                    document.querySelector('#testReportDiv1').style.display = 'none';","                    document.querySelector('#testRunButton1').textContent = 'run internal test';","                }","                break;","            // custom-case","            default:","                break;","            }","            if (document.querySelector('#inputTextareaEval1') && (!event || (event &&","                    event.currentTarget &&","                    event.currentTarget.className &&","                    event.currentTarget.className.includes &&","                    event.currentTarget.className.includes('oneval')))) {","                // try to eval input-code","                try {","                    /*jslint evil: true*/","                    eval(document.querySelector('#inputTextareaEval1').value);","                } catch (errorCaught) {","                    console.error(errorCaught);","                }","            }","        };","        // log stderr and stdout to #outputTextareaStdout1","        ['error', 'log'].forEach(function (key) {","            console[key + '_original'] = console[key];","            console[key] = function () {","                var element;","                console[key + '_original'].apply(console, arguments);","                element = document.querySelector('#outputTextareaStdout1');","                if (!element) {","                    return;","                }","                // append text to #outputTextareaStdout1","                element.value += Array.from(arguments).map(function (arg) {","                    return typeof arg === 'string'","                        ? arg","                        : JSON.stringify(arg, null, 4);","                }).join(' ') + '\\n';","                // scroll textarea to bottom","                element.scrollTop = element.scrollHeight;","            };","        });","        // init event-handling","        ['change', 'click', 'keyup'].forEach(function (event) {","            Array.from(document.querySelectorAll('.on' + event)).forEach(function (element) {","                element.addEventListener(event, local.testRunBrowser);","            });","        });","        // run tests","        local.testRunBrowser();","        break;","","","","    // run node js-env code - post-init","    /* istanbul ignore next */","    case 'node':","        // export local","        module.exports = local;","        // require modules","        local.fs = require('fs');","        local.http = require('http');","        local.url = require('url');","        // init assets","        local.assetsDict = local.assetsDict || {};","        /* jslint-ignore-begin */","        local.assetsDict['/assets.index.template.html'] = '\\","<!doctype html>\\n\\","<html lang=\"en\">\\n\\","<head>\\n\\","<meta charset=\"UTF-8\">\\n\\","<meta name=\"viewport\" content=\"width=device-width, initial-scale=1\">\\n\\","<title>{{env.npm_package_name}} (v{{env.npm_package_version}})</title>\\n\\","<style>\\n\\","/*csslint\\n\\","    box-sizing: false,\\n\\","    universal-selector: false\\n\\","*/\\n\\","* {\\n\\","    box-sizing: border-box;\\n\\","}\\n\\","body {\\n\\","    background: #dde;\\n\\","    font-family: Arial, Helvetica, sans-serif;\\n\\","    margin: 2rem;\\n\\","}\\n\\","body > * {\\n\\","    margin-bottom: 1rem;\\n\\","}\\n\\",".utility2FooterDiv {\\n\\","    margin-top: 20px;\\n\\","    text-align: center;\\n\\","}\\n\\","</style>\\n\\","<style>\\n\\","/*csslint\\n\\","*/\\n\\","textarea {\\n\\","    font-family: monospace;\\n\\","    height: 10rem;\\n\\","    width: 100%;\\n\\","}\\n\\","textarea[readonly] {\\n\\","    background: #ddd;\\n\\","}\\n\\","</style>\\n\\","</head>\\n\\","<body>\\n\\","<!-- utility2-comment\\n\\","<div id=\"ajaxProgressDiv1\" style=\"background: #d00; height: 2px; left: 0; margin: 0; padding: 0; position: fixed; top: 0; transition: background 0.5s, width 1.5s; width: 25%;\"></div>\\n\\","utility2-comment -->\\n\\","<h1>\\n\\","<!-- utility2-comment\\n\\","    <a\\n\\","        {{#if env.npm_package_homepage}}\\n\\","        href=\"{{env.npm_package_homepage}}\"\\n\\","        {{/if env.npm_package_homepage}}\\n\\","        target=\"_blank\"\\n\\","    >\\n\\","utility2-comment -->\\n\\","        {{env.npm_package_name}} (v{{env.npm_package_version}})\\n\\","<!-- utility2-comment\\n\\","    </a>\\n\\","utility2-comment -->\\n\\","</h1>\\n\\","<h3>{{env.npm_package_description}}</h3>\\n\\","<!-- utility2-comment\\n\\","<h4><a download href=\"assets.app.js\">download standalone app</a></h4>\\n\\","<button class=\"onclick onreset\" id=\"testRunButton1\">run internal test</button><br>\\n\\","<div id=\"testReportDiv1\" style=\"display: none;\"></div>\\n\\","utility2-comment -->\\n\\","\\n\\","\\n\\","\\n\\","<label>stderr and stdout</label>\\n\\","<textarea class=\"resettable\" id=\"outputTextareaStdout1\" readonly></textarea>\\n\\","<!-- utility2-comment\\n\\","{{#if isRollup}}\\n\\","<script src=\"assets.app.js\"></script>\\n\\","{{#unless isRollup}}\\n\\","utility2-comment -->\\n\\","<script src=\"assets.utility2.rollup.js\"></script>\\n\\","<script src=\"jsonp.utility2._stateInit?callback=window.utility2._stateInit\"></script>\\n\\","<script src=\"assets.npmtest_gh.rollup.js\"></script>\\n\\","<script src=\"assets.example.js\"></script>\\n\\","<script src=\"assets.test.js\"></script>\\n\\","<!-- utility2-comment\\n\\","{{/if isRollup}}\\n\\","utility2-comment -->\\n\\","<div class=\"utility2FooterDiv\">\\n\\","    [ this app was created with\\n\\","    <a href=\"https://github.com/kaizhu256/node-utility2\" target=\"_blank\">utility2</a>\\n\\","    ]\\n\\","</div>\\n\\","</body>\\n\\","</html>\\n\\","';","        /* jslint-ignore-end */","        if (local.templateRender) {","            local.assetsDict['/'] = local.templateRender(","                local.assetsDict['/assets.index.template.html'],","                {","                    env: local.objectSetDefault(local.env, {","                        npm_package_description: 'the greatest app in the world!',","                        npm_package_name: 'my-app',","                        npm_package_nameAlias: 'my_app',","                        npm_package_version: '0.0.1'","                    })","                }","            );","        } else {","            local.assetsDict['/'] = local.assetsDict['/assets.index.template.html']","                .replace((/\\{\\{env\\.(\\w+?)\\}\\}/g), function (match0, match1) {","                    // jslint-hack","                    String(match0);","                    switch (match1) {","                    case 'npm_package_description':","                        return 'the greatest app in the world!';","                    case 'npm_package_name':","                        return 'my-app';","                    case 'npm_package_nameAlias':","                        return 'my_app';","                    case 'npm_package_version':","                        return '0.0.1';","                    }","                });","        }","        // run the cli","        if (local.global.utility2_rollup || module !== require.main) {","            break;","        }","        local.assetsDict['/assets.example.js'] =","            local.assetsDict['/assets.example.js'] ||","            local.fs.readFileSync(__filename, 'utf8');","        // bug-workaround - long $npm_package_buildCustomOrg","        /* jslint-ignore-begin */","        local.assetsDict['/assets.npmtest_gh.rollup.js'] =","            local.assetsDict['/assets.npmtest_gh.rollup.js'] ||","            local.fs.readFileSync(","                local.npmtest_gh.__dirname + '/lib.npmtest_gh.js',","                'utf8'","            ).replace((/^#!/), '//');","        /* jslint-ignore-end */","        local.assetsDict['/favicon.ico'] = local.assetsDict['/favicon.ico'] || '';","        // if $npm_config_timeout_exit exists,","        // then exit this process after $npm_config_timeout_exit ms","        if (Number(process.env.npm_config_timeout_exit)) {","            setTimeout(process.exit, Number(process.env.npm_config_timeout_exit));","        }","        // start server","        if (local.global.utility2_serverHttp1) {","            break;","        }","        process.env.PORT = process.env.PORT || '8081';","        console.error('server starting on port ' + process.env.PORT);","        local.http.createServer(function (request, response) {","            request.urlParsed = local.url.parse(request.url);","            if (local.assetsDict[request.urlParsed.pathname] !== undefined) {","                response.end(local.assetsDict[request.urlParsed.pathname]);","                return;","            }","            response.statusCode = 404;","            response.end();","        }).listen(process.env.PORT);","        break;","    }","}());",""],"l":{"26":2,"28":2,"33":2,"35":2,"37":2,"38":2,"39":2,"44":1,"51":2,"55":2,"59":2,"61":2,"69":1,"70":2,"76":2,"79":2,"82":2,"83":2,"85":1,"89":2,"92":1,"93":1,"94":1,"96":1,"97":1,"100":1,"101":1,"103":1,"106":1,"108":2,"114":1,"116":1,"118":1,"123":1,"124":2,"125":2,"126":3,"127":3,"128":3,"129":3,"130":1,"133":3,"134":3,"139":3,"143":1,"144":3,"145":1,"149":1,"150":1,"158":1,"160":1,"161":1,"162":1,"164":1,"166":1,"258":1,"259":1,"271":1,"274":6,"275":6,"277":1,"279":2,"281":1,"283":2,"288":1,"289":1,"291":1,"296":1,"303":1,"306":1,"307":1,"310":1,"311":1,"313":1,"314":1,"315":1,"316":1,"317":1,"318":1,"319":1,"321":1,"322":1,"324":1}},"/home/travis/build/npmtest/node-npmtest-gh/node_modules/gh/gulpfile.js":{"path":"/home/travis/build/npmtest/node-npmtest-gh/node_modules/gh/gulpfile.js","s":{"1":2,"2":0,"3":1,"4":0,"5":1,"6":0,"7":1,"8":0,"9":1,"10":0,"11":1,"12":0,"13":1,"14":0,"15":1,"16":0,"17":1,"18":0,"19":1,"20":0,"21":1,"22":0,"23":0,"24":0,"25":0,"26":0,"27":1,"28":0,"29":0,"30":0,"31":0,"32":0,"33":1,"34":0,"35":1,"36":0,"37":0,"38":0,"39":0,"40":0,"41":0,"42":0,"43":0,"44":0,"45":0,"46":0,"47":0,"48":0,"49":0,"50":0},"b":{"1":[0,0],"2":[0,0]},"f":{"1":0,"2":0,"3":0,"4":0,"5":0,"6":0,"7":0,"8":0,"9":0,"10":0,"11":0,"12":0,"13":0},"fnMap":{"1":{"name":"lintTask","line":31,"loc":{"start":{"line":31,"column":0},"end":{"line":31,"column":20}}},"2":{"name":"platoTask","line":39,"loc":{"start":{"line":39,"column":0},"end":{"line":39,"column":21}}},"3":{"name":"complexityTask","line":56,"loc":{"start":{"line":56,"column":0},"end":{"line":56,"column":26}}},"4":{"name":"coverTask","line":64,"loc":{"start":{"line":64,"column":0},"end":{"line":64,"column":21}}},"5":{"name":"mochaTest","line":70,"loc":{"start":{"line":70,"column":0},"end":{"line":70,"column":21}}},"6":{"name":"unitTask","line":75,"loc":{"start":{"line":75,"column":0},"end":{"line":75,"column":20}}},"7":{"name":"unitCiTask","line":83,"loc":{"start":{"line":83,"column":0},"end":{"line":83,"column":22}}},"8":{"name":"testTask","line":90,"loc":{"start":{"line":90,"column":0},"end":{"line":90,"column":24}}},"9":{"name":"ciTask","line":101,"loc":{"start":{"line":101,"column":0},"end":{"line":101,"column":22}}},"10":{"name":"coverageReportTask","line":111,"loc":{"start":{"line":111,"column":0},"end":{"line":111,"column":30}}},"11":{"name":"platoReportTask","line":122,"loc":{"start":{"line":122,"column":0},"end":{"line":122,"column":27}}},"12":{"name":"watchTask","line":133,"loc":{"start":{"line":133,"column":0},"end":{"line":133,"column":21}}},"13":{"name":"ciReportsTask","line":137,"loc":{"start":{"line":137,"column":0},"end":{"line":137,"column":25}}}},"statementMap":{"1":{"start":{"line":3,"column":0},"end":{"line":14,"column":33}},"2":{"start":{"line":16,"column":0},"end":{"line":29,"column":2}},"3":{"start":{"line":31,"column":0},"end":{"line":37,"column":1}},"4":{"start":{"line":32,"column":4},"end":{"line":36,"column":22}},"5":{"start":{"line":39,"column":0},"end":{"line":54,"column":1}},"6":{"start":{"line":40,"column":4},"end":{"line":53,"column":7}},"7":{"start":{"line":56,"column":0},"end":{"line":62,"column":1}},"8":{"start":{"line":57,"column":4},"end":{"line":61,"column":12}},"9":{"start":{"line":64,"column":0},"end":{"line":68,"column":1}},"10":{"start":{"line":65,"column":4},"end":{"line":67,"column":38}},"11":{"start":{"line":70,"column":0},"end":{"line":73,"column":1}},"12":{"start":{"line":71,"column":4},"end":{"line":72,"column":23}},"13":{"start":{"line":75,"column":0},"end":{"line":81,"column":1}},"14":{"start":{"line":76,"column":4},"end":{"line":80,"column":12}},"15":{"start":{"line":83,"column":0},"end":{"line":88,"column":1}},"16":{"start":{"line":84,"column":4},"end":{"line":87,"column":12}},"17":{"start":{"line":90,"column":0},"end":{"line":99,"column":1}},"18":{"start":{"line":91,"column":4},"end":{"line":98,"column":6}},"19":{"start":{"line":101,"column":0},"end":{"line":109,"column":1}},"20":{"start":{"line":102,"column":4},"end":{"line":108,"column":6}},"21":{"start":{"line":111,"column":0},"end":{"line":120,"column":1}},"22":{"start":{"line":112,"column":4},"end":{"line":112,"column":40}},"23":{"start":{"line":114,"column":4},"end":{"line":117,"column":5}},"24":{"start":{"line":115,"column":8},"end":{"line":115,"column":46}},"25":{"start":{"line":116,"column":8},"end":{"line":116,"column":15}},"26":{"start":{"line":119,"column":4},"end":{"line":119,"column":15}},"27":{"start":{"line":122,"column":0},"end":{"line":131,"column":1}},"28":{"start":{"line":123,"column":4},"end":{"line":123,"column":37}},"29":{"start":{"line":125,"column":4},"end":{"line":128,"column":5}},"30":{"start":{"line":126,"column":8},"end":{"line":126,"column":46}},"31":{"start":{"line":127,"column":8},"end":{"line":127,"column":15}},"32":{"start":{"line":130,"column":4},"end":{"line":130,"column":15}},"33":{"start":{"line":133,"column":0},"end":{"line":135,"column":1}},"34":{"start":{"line":134,"column":4},"end":{"line":134,"column":45}},"35":{"start":{"line":137,"column":0},"end":{"line":139,"column":1}},"36":{"start":{"line":138,"column":4},"end":{"line":138,"column":47}},"37":{"start":{"line":141,"column":0},"end":{"line":141,"column":27}},"38":{"start":{"line":142,"column":0},"end":{"line":142,"column":24}},"39":{"start":{"line":143,"column":0},"end":{"line":143,"column":28}},"40":{"start":{"line":144,"column":0},"end":{"line":144,"column":30}},"41":{"start":{"line":145,"column":0},"end":{"line":145,"column":40}},"42":{"start":{"line":146,"column":0},"end":{"line":146,"column":35}},"43":{"start":{"line":147,"column":0},"end":{"line":147,"column":44}},"44":{"start":{"line":148,"column":0},"end":{"line":148,"column":49}},"45":{"start":{"line":149,"column":0},"end":{"line":149,"column":28}},"46":{"start":{"line":150,"column":0},"end":{"line":150,"column":24}},"47":{"start":{"line":151,"column":0},"end":{"line":151,"column":49}},"48":{"start":{"line":152,"column":0},"end":{"line":152,"column":43}},"49":{"start":{"line":153,"column":0},"end":{"line":153,"column":30}},"50":{"start":{"line":154,"column":0},"end":{"line":154,"column":39}}},"branchMap":{"1":{"line":114,"type":"if","locations":[{"start":{"line":114,"column":4},"end":{"line":114,"column":4}},{"start":{"line":114,"column":4},"end":{"line":114,"column":4}}]},"2":{"line":125,"type":"if","locations":[{"start":{"line":125,"column":4},"end":{"line":125,"column":4}},{"start":{"line":125,"column":4},"end":{"line":125,"column":4}}]}},"code":["'use strict';","","var paths,","    fs = require('fs'),","    gulp = require('gulp'),","    jshint = require('gulp-jshint'),","    jscs = require('gulp-jscs'),","    mocha = require('gulp-mocha'),","    istanbul = require('gulp-istanbul'),","    complexity = require('gulp-complexity'),","    runSequence = require('run-sequence'),","    open = require('open'),","    help = require('./tasks/help'),","    exec = require('./lib/exec');","","paths = {","    lint: [","        'lib/**/*.js', 'test/**/*.js', 'bin/**/*.js', 'tasks/**/*.js', '*.js'","    ],","    complexity: ['lib/**/*.js', 'test/**/*.js', 'tasks/**/*.js', '*.js'],","    plato: 'lib',","    cover: ['lib/**/*.js'],","    unit: ['test/**/*.js', '!test/fixture/*.js'],","    watch: ['lib/**/*.js'],","    'coverage-report-directory': 'reports/coverage',","    'coverage-report': 'reports/coverage/lcov-report/index.html',","    'plato-report-directory': 'reports/complexity',","    'plato-report': 'reports/complexity/index.html'","};","","function lintTask() {","    return gulp.src(paths.lint)","        .pipe(jshint())","        .pipe(jshint.reporter('jshint-stylish'))","        .pipe(jshint.reporter('fail'))","        .pipe(jscs());","}","","function platoTask() {","    exec.spawnSyncStream('node_modules/plato/bin/plato', [","        '--dir',","        paths['plato-report-directory'],","        '--recurse',","        '--title',","        'Node GH',","        '--jshint',","        'test/.jshintrc',","        'lib',","        'test',","        'bin',","        'tasks',","        'gulpfile.js'","    ]);","}","","function complexityTask() {","    return gulp.src(paths.complexity)","        .pipe(complexity({","            halstead: 29,","            cyclomatic: 17","        }));","}","","function coverTask() {","    return gulp.src(paths.cover)","        .pipe(istanbul({includeUntested: true}))","        .pipe(istanbul.hookRequire());","}","","function mochaTest() {","    return gulp.src(paths.unit)","        .pipe(mocha());","}","","function unitTask() {","    return mochaTest()","        .pipe(istanbul.writeReports({","            reporters: ['lcov', 'json'],","            dir: paths['coverage-report-directory']","        }));","}","","function unitCiTask() {","    return mochaTest()","        .pipe(istanbul.writeReports({","            dir: paths['coverage-report-directory']","        }));","}","","function testTask(done) {","    return runSequence(","        'lint',","        // plato and gulp-complexity currently doesn't support ES6","        // 'plato',","        // 'complexity',","        'unit',","        done","    );","}","","function ciTask(done) {","    return runSequence(","        'lint',","        // 'plato',","        // 'complexity',","        'unit-ci',","        done","    );","}","","function coverageReportTask() {","    var file = paths['coverage-report'];","","    if (!fs.existsSync(file)) {","        console.error('Run gulp test first.');","        return;","    }","","    open(file);","}","","function platoReportTask() {","    var file = paths['plato-report'];","","    if (!fs.existsSync(file)) {","        console.error('Run gulp test first.');","        return;","    }","","    open(file);","}","","function watchTask() {","    return gulp.watch(paths.watch, ['test']);","}","","function ciReportsTask() {","    open('https://node-gh.github.io/reports/');","}","","gulp.task('default', help);","gulp.task('help', help);","gulp.task('lint', lintTask);","gulp.task('plato', platoTask);","gulp.task('complexity', complexityTask);","gulp.task('test-cover', coverTask);","gulp.task('unit', ['test-cover'], unitTask);","gulp.task('unit-ci', ['test-cover'], unitCiTask);","gulp.task('test', testTask);","gulp.task('ci', ciTask);","gulp.task('coverage-report', coverageReportTask);","gulp.task('plato-report', platoReportTask);","gulp.task('watch', watchTask);","gulp.task('ci-reports', ciReportsTask);",""],"l":{"3":2,"16":0,"31":1,"32":0,"39":1,"40":0,"56":1,"57":0,"64":1,"65":0,"70":1,"71":0,"75":1,"76":0,"83":1,"84":0,"90":1,"91":0,"101":1,"102":0,"111":1,"112":0,"114":0,"115":0,"116":0,"119":0,"122":1,"123":0,"125":0,"126":0,"127":0,"130":0,"133":1,"134":0,"137":1,"138":0,"141":0,"142":0,"143":0,"144":0,"145":0,"146":0,"147":0,"148":0,"149":0,"150":0,"151":0,"152":0,"153":0,"154":0}},"/home/travis/build/npmtest/node-npmtest-gh/node_modules/gh/lib/base.js":{"path":"/home/travis/build/npmtest/node-npmtest-gh/node_modules/gh/lib/base.js","s":{"1":1,"2":1,"3":0,"4":1,"5":0,"6":0,"7":1,"8":1,"9":0,"10":0,"11":0,"12":0,"13":0,"14":0,"15":1,"16":0,"17":0,"18":0,"19":0,"20":0,"21":0,"22":1,"23":0,"24":1,"25":0,"26":0,"27":0,"28":0,"29":0,"30":1,"31":0,"32":0,"33":1,"34":0,"35":1,"36":1},"b":{"1":[0,0],"2":[0,0],"3":[0,0],"4":[0,0],"5":[0,0],"6":[0,0],"7":[0,0]},"f":{"1":0,"2":0,"3":0,"4":0,"5":0,"6":0,"7":0,"8":0,"9":0,"10":0,"11":0},"fnMap":{"1":{"name":"(anonymous_1)","line":21,"loc":{"start":{"line":21,"column":16},"end":{"line":21,"column":29}}},"2":{"name":"(anonymous_2)","line":27,"loc":{"start":{"line":27,"column":15},"end":{"line":27,"column":27}}},"3":{"name":"(anonymous_3)","line":39,"loc":{"start":{"line":39,"column":28},"end":{"line":39,"column":48}}},"4":{"name":"async","line":40,"loc":{"start":{"line":40,"column":4},"end":{"line":40,"column":30}}},"5":{"name":"(anonymous_5)","line":50,"loc":{"start":{"line":50,"column":33},"end":{"line":50,"column":51}}},"6":{"name":"(anonymous_6)","line":56,"loc":{"start":{"line":56,"column":24},"end":{"line":56,"column":39}}},"7":{"name":"(anonymous_7)","line":72,"loc":{"start":{"line":72,"column":23},"end":{"line":72,"column":35}}},"8":{"name":"(anonymous_8)","line":76,"loc":{"start":{"line":76,"column":24},"end":{"line":76,"column":43}}},"9":{"name":"(anonymous_9)","line":86,"loc":{"start":{"line":86,"column":15},"end":{"line":86,"column":48}}},"10":{"name":"(anonymous_10)","line":87,"loc":{"start":{"line":87,"column":43},"end":{"line":87,"column":59}}},"11":{"name":"(anonymous_11)","line":92,"loc":{"start":{"line":92,"column":18},"end":{"line":92,"column":30}}}},"statementMap":{"1":{"start":{"line":12,"column":0},"end":{"line":17,"column":48}},"2":{"start":{"line":21,"column":0},"end":{"line":23,"column":2}},"3":{"start":{"line":22,"column":4},"end":{"line":22,"column":41}},"4":{"start":{"line":27,"column":0},"end":{"line":37,"column":2}},"5":{"start":{"line":28,"column":4},"end":{"line":28,"column":37}},"6":{"start":{"line":30,"column":4},"end":{"line":36,"column":7}},"7":{"start":{"line":39,"column":0},"end":{"line":54,"column":2}},"8":{"start":{"line":40,"column":4},"end":{"line":46,"column":5}},"9":{"start":{"line":41,"column":8},"end":{"line":43,"column":9}},"10":{"start":{"line":42,"column":12},"end":{"line":42,"column":22}},"11":{"start":{"line":45,"column":8},"end":{"line":45,"column":35}},"12":{"start":{"line":48,"column":4},"end":{"line":48,"column":67}},"13":{"start":{"line":50,"column":4},"end":{"line":53,"column":7}},"14":{"start":{"line":51,"column":8},"end":{"line":52,"column":80}},"15":{"start":{"line":56,"column":0},"end":{"line":70,"column":2}},"16":{"start":{"line":57,"column":4},"end":{"line":59,"column":26}},"17":{"start":{"line":61,"column":4},"end":{"line":69,"column":5}},"18":{"start":{"line":62,"column":8},"end":{"line":62,"column":33}},"19":{"start":{"line":64,"column":8},"end":{"line":64,"column":79}},"20":{"start":{"line":66,"column":8},"end":{"line":66,"column":29}},"21":{"start":{"line":68,"column":8},"end":{"line":68,"column":26}},"22":{"start":{"line":72,"column":0},"end":{"line":74,"column":2}},"23":{"start":{"line":73,"column":4},"end":{"line":73,"column":53}},"24":{"start":{"line":76,"column":0},"end":{"line":84,"column":2}},"25":{"start":{"line":77,"column":4},"end":{"line":77,"column":37}},"26":{"start":{"line":79,"column":4},"end":{"line":83,"column":5}},"27":{"start":{"line":80,"column":8},"end":{"line":80,"column":63}},"28":{"start":{"line":81,"column":8},"end":{"line":81,"column":72}},"29":{"start":{"line":82,"column":8},"end":{"line":82,"column":66}},"30":{"start":{"line":86,"column":0},"end":{"line":90,"column":2}},"31":{"start":{"line":87,"column":4},"end":{"line":89,"column":7}},"32":{"start":{"line":88,"column":8},"end":{"line":88,"column":48}},"33":{"start":{"line":92,"column":0},"end":{"line":94,"column":2}},"34":{"start":{"line":93,"column":4},"end":{"line":93,"column":43}},"35":{"start":{"line":97,"column":0},"end":{"line":97,"column":38}},"36":{"start":{"line":98,"column":0},"end":{"line":98,"column":54}}},"branchMap":{"1":{"line":41,"type":"if","locations":[{"start":{"line":41,"column":8},"end":{"line":41,"column":8}},{"start":{"line":41,"column":8},"end":{"line":41,"column":8}}]},"2":{"line":61,"type":"if","locations":[{"start":{"line":61,"column":4},"end":{"line":61,"column":4}},{"start":{"line":61,"column":4},"end":{"line":61,"column":4}}]},"3":{"line":79,"type":"if","locations":[{"start":{"line":79,"column":4},"end":{"line":79,"column":4}},{"start":{"line":79,"column":4},"end":{"line":79,"column":4}}]},"4":{"line":80,"type":"binary-expr","locations":[{"start":{"line":80,"column":22},"end":{"line":80,"column":47}},{"start":{"line":80,"column":51},"end":{"line":80,"column":62}}]},"5":{"line":81,"type":"binary-expr","locations":[{"start":{"line":81,"column":25},"end":{"line":81,"column":53}},{"start":{"line":81,"column":57},"end":{"line":81,"column":71}}]},"6":{"line":82,"type":"binary-expr","locations":[{"start":{"line":82,"column":23},"end":{"line":82,"column":49}},{"start":{"line":82,"column":53},"end":{"line":82,"column":65}}]},"7":{"line":88,"type":"binary-expr","locations":[{"start":{"line":88,"column":16},"end":{"line":88,"column":27}},{"start":{"line":88,"column":31},"end":{"line":88,"column":35}}]}},"code":["/*"," * Copyright 2013-2015, All Rights Reserved."," *"," * Code licensed under the BSD License:"," * https://github.com/node-gh/gh/blob/master/LICENSE.md"," *"," * @author Eduardo Lundgren <edu@rdo.io>"," */","","'use strict';","","var configs = require('./configs'),","    fs = require('fs'),","    Github = require('github'),","    path = require('path'),","    tracker = require('./tracker'),","    updateNotifier = require('update-notifier');","","// -- Config -------------------------------------------------------------------","","exports.clone = function (o) {","    return JSON.parse(JSON.stringify(o));","};","","// -- Utils --------------------------------------------------------------------","","exports.load = function () {","    var config = configs.getConfig();","","    exports.github = new Github({","        debug: false,","        host: config.api.host,","        protocol: config.api.protocol,","        version: config.api.version,","        pathPrefix: config.api.pathPrefix","    });","};","","exports.asyncReadPackages = function (callback) {","    function async(err, data) {","        if (err) {","            throw err;","        }","","        callback(JSON.parse(data));","    }","","    fs.readFile(path.join(__dirname, '..', 'package.json'), async);","","    configs.getPlugins().forEach(function (plugin) {","        fs.readFile(path.join(","            configs.getNodeModulesGlobalPath(), plugin, 'package.json'), async);","    });","};","","exports.notifyVersion = function (pkg) {","    var notifier = updateNotifier({pkg: pkg}),","        update,","        track = 'notify/';","","    if (notifier.update) {","        update = notifier.update;","","        track += update.name + '/' + update.latest + '/from/' + update.current;","","        tracker.track(track);","","        notifier.notify();","    }","};","","exports.checkVersion = function () {","    exports.asyncReadPackages(exports.notifyVersion);","};","","exports.expandAliases = function (options) {","    var config = configs.getConfig();","","    if (config.alias) {","        options.fwd = config.alias[options.fwd] || options.fwd;","        options.submit = config.alias[options.submit] || options.submit;","        options.user = config.alias[options.user] || options.user;","    }","};","","exports.find = function (filepath, opt_pattern) {","    return fs.readdirSync(filepath).filter(function (file) {","        return (opt_pattern || /.*/).test(file);","    });","};","","exports.getUser = function () {","    return configs.getConfig().github_user;","};","","// Export some config methods to allow plugins to access them","exports.getConfig = configs.getConfig;","exports.writeGlobalConfig = configs.writeGlobalConfig;",""],"l":{"12":1,"21":1,"22":0,"27":1,"28":0,"30":0,"39":1,"40":1,"41":0,"42":0,"45":0,"48":0,"50":0,"51":0,"56":1,"57":0,"61":0,"62":0,"64":0,"66":0,"68":0,"72":1,"73":0,"76":1,"77":0,"79":0,"80":0,"81":0,"82":0,"86":1,"87":0,"88":0,"92":1,"93":0,"97":1,"98":1}},"/home/travis/build/npmtest/node-npmtest-gh/node_modules/gh/lib/configs.js":{"path":"/home/travis/build/npmtest/node-npmtest-gh/node_modules/gh/lib/configs.js","s":{"1":1,"2":1,"3":1,"4":1,"5":0,"6":0,"7":0,"8":0,"9":0,"10":1,"11":1,"12":2,"13":1,"14":2,"15":2,"16":2,"17":0,"18":0,"19":0,"20":0,"21":0,"22":2,"23":2,"24":0,"25":2,"26":1,"27":4,"28":4,"29":2,"30":2,"31":4,"32":4,"33":2,"34":4,"35":2,"36":4,"37":1,"38":2,"39":2,"40":2,"41":0,"42":2,"43":2,"44":2,"45":30,"46":2,"47":1,"48":0,"49":2,"50":1,"51":2,"52":1,"53":2,"54":1,"55":0,"56":0,"57":0,"58":0,"59":1,"60":0,"61":0,"62":1,"63":0,"64":0,"65":0,"66":0,"67":0,"68":0,"69":0,"70":0,"71":1,"72":0,"73":0,"74":1,"75":0,"76":0,"77":0,"78":0,"79":1,"80":0,"81":0,"82":0,"83":0,"84":0,"85":0,"86":0,"87":0,"88":0,"89":0,"90":1,"91":1,"92":1,"93":0,"94":1,"95":1,"96":1,"97":0,"98":0,"99":1,"100":1,"101":1,"102":1,"103":1,"104":1,"105":0,"106":0,"107":1,"108":0,"109":1,"110":0,"111":1,"112":0,"113":0,"114":0,"115":1},"b":{"1":[0,1],"2":[0,0],"3":[0,2],"4":[2,2],"5":[2,2],"6":[2,2],"7":[0,2],"8":[2,2],"9":[0,2],"10":[0,2],"11":[1,1],"12":[0,0],"13":[0,0],"14":[0,0],"15":[0,0],"16":[0,0],"17":[0,1],"18":[1,0],"19":[0,0],"20":[0,0]},"f":{"1":1,"2":2,"3":2,"4":0,"5":0,"6":4,"7":2,"8":30,"9":0,"10":2,"11":2,"12":0,"13":0,"14":0,"15":0,"16":0,"17":0,"18":0,"19":1,"20":1,"21":1,"22":0,"23":0,"24":0,"25":0},"fnMap":{"1":{"name":"(anonymous_1)","line":24,"loc":{"start":{"line":24,"column":35},"end":{"line":24,"column":47}}},"2":{"name":"(anonymous_2)","line":43,"loc":{"start":{"line":43,"column":26},"end":{"line":43,"column":38}}},"3":{"name":"getConfig","line":47,"loc":{"start":{"line":47,"column":0},"end":{"line":47,"column":31}}},"4":{"name":"(anonymous_4)","line":55,"loc":{"start":{"line":55,"column":42},"end":{"line":55,"column":57}}},"5":{"name":"(anonymous_5)","line":59,"loc":{"start":{"line":59,"column":43},"end":{"line":59,"column":58}}},"6":{"name":"(anonymous_6)","line":76,"loc":{"start":{"line":76,"column":20},"end":{"line":76,"column":42}}},"7":{"name":"(anonymous_7)","line":97,"loc":{"start":{"line":97,"column":26},"end":{"line":97,"column":48}}},"8":{"name":"(anonymous_8)","line":111,"loc":{"start":{"line":111,"column":36},"end":{"line":111,"column":51}}},"9":{"name":"(anonymous_9)","line":116,"loc":{"start":{"line":116,"column":37},"end":{"line":116,"column":55}}},"10":{"name":"(anonymous_10)","line":124,"loc":{"start":{"line":124,"column":30},"end":{"line":124,"column":42}}},"11":{"name":"(anonymous_11)","line":128,"loc":{"start":{"line":128,"column":31},"end":{"line":128,"column":43}}},"12":{"name":"(anonymous_12)","line":132,"loc":{"start":{"line":132,"column":29},"end":{"line":132,"column":44}}},"13":{"name":"(anonymous_13)","line":141,"loc":{"start":{"line":141,"column":29},"end":{"line":141,"column":41}}},"14":{"name":"(anonymous_14)","line":148,"loc":{"start":{"line":148,"column":28},"end":{"line":148,"column":55}}},"15":{"name":"(anonymous_15)","line":167,"loc":{"start":{"line":167,"column":25},"end":{"line":167,"column":49}}},"16":{"name":"(anonymous_16)","line":175,"loc":{"start":{"line":175,"column":39},"end":{"line":175,"column":62}}},"17":{"name":"(anonymous_17)","line":185,"loc":{"start":{"line":185,"column":26},"end":{"line":185,"column":52}}},"18":{"name":"(anonymous_18)","line":200,"loc":{"start":{"line":200,"column":40},"end":{"line":200,"column":55}}},"19":{"name":"getPlugins","line":213,"loc":{"start":{"line":213,"column":0},"end":{"line":213,"column":22}}},"20":{"name":"(anonymous_20)","line":221,"loc":{"start":{"line":221,"column":53},"end":{"line":221,"column":71}}},"21":{"name":"(anonymous_21)","line":234,"loc":{"start":{"line":234,"column":21},"end":{"line":234,"column":33}}},"22":{"name":"(anonymous_22)","line":242,"loc":{"start":{"line":242,"column":20},"end":{"line":242,"column":38}}},"23":{"name":"(anonymous_23)","line":248,"loc":{"start":{"line":248,"column":24},"end":{"line":248,"column":42}}},"24":{"name":"(anonymous_24)","line":252,"loc":{"start":{"line":252,"column":28},"end":{"line":252,"column":46}}},"25":{"name":"(anonymous_25)","line":256,"loc":{"start":{"line":256,"column":26},"end":{"line":256,"column":44}}}},"statementMap":{"1":{"start":{"line":12,"column":0},"end":{"line":20,"column":38}},"2":{"start":{"line":24,"column":0},"end":{"line":41,"column":2}},"3":{"start":{"line":25,"column":4},"end":{"line":26,"column":53}},"4":{"start":{"line":28,"column":4},"end":{"line":38,"column":5}},"5":{"start":{"line":29,"column":8},"end":{"line":29,"column":55}},"6":{"start":{"line":31,"column":8},"end":{"line":37,"column":9}},"7":{"start":{"line":32,"column":12},"end":{"line":32,"column":33}},"8":{"start":{"line":33,"column":12},"end":{"line":33,"column":62}},"9":{"start":{"line":36,"column":12},"end":{"line":36,"column":66}},"10":{"start":{"line":40,"column":4},"end":{"line":40,"column":16}},"11":{"start":{"line":43,"column":0},"end":{"line":45,"column":2}},"12":{"start":{"line":44,"column":4},"end":{"line":44,"column":32}},"13":{"start":{"line":47,"column":0},"end":{"line":74,"column":1}},"14":{"start":{"line":48,"column":4},"end":{"line":50,"column":20}},"15":{"start":{"line":52,"column":4},"end":{"line":73,"column":5}},"16":{"start":{"line":53,"column":8},"end":{"line":53,"column":84}},"17":{"start":{"line":55,"column":8},"end":{"line":57,"column":11}},"18":{"start":{"line":56,"column":12},"end":{"line":56,"column":44}},"19":{"start":{"line":59,"column":8},"end":{"line":61,"column":11}},"20":{"start":{"line":60,"column":12},"end":{"line":60,"column":45}},"21":{"start":{"line":63,"column":8},"end":{"line":63,"column":22}},"22":{"start":{"line":66,"column":8},"end":{"line":66,"column":32}},"23":{"start":{"line":68,"column":8},"end":{"line":70,"column":9}},"24":{"start":{"line":69,"column":12},"end":{"line":69,"column":20}},"25":{"start":{"line":72,"column":8},"end":{"line":72,"column":28}},"26":{"start":{"line":76,"column":0},"end":{"line":95,"column":2}},"27":{"start":{"line":77,"column":4},"end":{"line":77,"column":35}},"28":{"start":{"line":79,"column":4},"end":{"line":82,"column":5}},"29":{"start":{"line":80,"column":8},"end":{"line":80,"column":39}},"30":{"start":{"line":81,"column":8},"end":{"line":81,"column":35}},"31":{"start":{"line":84,"column":4},"end":{"line":85,"column":63}},"32":{"start":{"line":87,"column":4},"end":{"line":89,"column":5}},"33":{"start":{"line":88,"column":8},"end":{"line":88,"column":95}},"34":{"start":{"line":90,"column":4},"end":{"line":92,"column":5}},"35":{"start":{"line":91,"column":8},"end":{"line":91,"column":115}},"36":{"start":{"line":94,"column":4},"end":{"line":94,"column":18}},"37":{"start":{"line":97,"column":0},"end":{"line":122,"column":2}},"38":{"start":{"line":98,"column":4},"end":{"line":100,"column":19}},"39":{"start":{"line":102,"column":4},"end":{"line":102,"column":43}},"40":{"start":{"line":104,"column":4},"end":{"line":106,"column":5}},"41":{"start":{"line":105,"column":8},"end":{"line":105,"column":37}},"42":{"start":{"line":108,"column":4},"end":{"line":108,"column":72}},"43":{"start":{"line":109,"column":4},"end":{"line":109,"column":57}},"44":{"start":{"line":111,"column":4},"end":{"line":113,"column":7}},"45":{"start":{"line":112,"column":8},"end":{"line":112,"column":38}},"46":{"start":{"line":115,"column":4},"end":{"line":119,"column":5}},"47":{"start":{"line":116,"column":8},"end":{"line":118,"column":11}},"48":{"start":{"line":117,"column":12},"end":{"line":117,"column":52}},"49":{"start":{"line":121,"column":4},"end":{"line":121,"column":18}},"50":{"start":{"line":124,"column":0},"end":{"line":126,"column":2}},"51":{"start":{"line":125,"column":4},"end":{"line":125,"column":58}},"52":{"start":{"line":128,"column":0},"end":{"line":130,"column":2}},"53":{"start":{"line":129,"column":4},"end":{"line":129,"column":48}},"54":{"start":{"line":132,"column":0},"end":{"line":139,"column":2}},"55":{"start":{"line":133,"column":4},"end":{"line":133,"column":43}},"56":{"start":{"line":135,"column":4},"end":{"line":135,"column":23}},"57":{"start":{"line":137,"column":4},"end":{"line":137,"column":62}},"58":{"start":{"line":138,"column":4},"end":{"line":138,"column":15}},"59":{"start":{"line":141,"column":0},"end":{"line":146,"column":2}},"60":{"start":{"line":142,"column":4},"end":{"line":144,"column":6}},"61":{"start":{"line":145,"column":4},"end":{"line":145,"column":15}},"62":{"start":{"line":148,"column":0},"end":{"line":165,"column":2}},"63":{"start":{"line":149,"column":4},"end":{"line":153,"column":16}},"64":{"start":{"line":155,"column":4},"end":{"line":155,"column":31}},"65":{"start":{"line":156,"column":4},"end":{"line":156,"column":20}},"66":{"start":{"line":158,"column":4},"end":{"line":161,"column":5}},"67":{"start":{"line":159,"column":8},"end":{"line":159,"column":78}},"68":{"start":{"line":160,"column":8},"end":{"line":160,"column":33}},"69":{"start":{"line":163,"column":4},"end":{"line":163,"column":62}},"70":{"start":{"line":164,"column":4},"end":{"line":164,"column":15}},"71":{"start":{"line":167,"column":0},"end":{"line":173,"column":2}},"72":{"start":{"line":168,"column":4},"end":{"line":170,"column":6}},"73":{"start":{"line":172,"column":4},"end":{"line":172,"column":69}},"74":{"start":{"line":175,"column":0},"end":{"line":181,"column":2}},"75":{"start":{"line":176,"column":4},"end":{"line":176,"column":47}},"76":{"start":{"line":178,"column":4},"end":{"line":178,"column":51}},"77":{"start":{"line":179,"column":4},"end":{"line":179,"column":53}},"78":{"start":{"line":180,"column":4},"end":{"line":180,"column":56}},"79":{"start":{"line":185,"column":0},"end":{"line":211,"column":2}},"80":{"start":{"line":186,"column":4},"end":{"line":187,"column":19}},"81":{"start":{"line":189,"column":4},"end":{"line":210,"column":5}},"82":{"start":{"line":192,"column":8},"end":{"line":192,"column":80}},"83":{"start":{"line":194,"column":8},"end":{"line":195,"column":83}},"84":{"start":{"line":198,"column":8},"end":{"line":198,"column":50}},"85":{"start":{"line":200,"column":8},"end":{"line":202,"column":11}},"86":{"start":{"line":201,"column":12},"end":{"line":201,"column":48}},"87":{"start":{"line":204,"column":8},"end":{"line":204,"column":46}},"88":{"start":{"line":207,"column":8},"end":{"line":209,"column":9}},"89":{"start":{"line":208,"column":12},"end":{"line":208,"column":20}},"90":{"start":{"line":213,"column":0},"end":{"line":232,"column":1}},"91":{"start":{"line":214,"column":4},"end":{"line":214,"column":57}},"92":{"start":{"line":216,"column":4},"end":{"line":218,"column":5}},"93":{"start":{"line":217,"column":8},"end":{"line":217,"column":18}},"94":{"start":{"line":220,"column":4},"end":{"line":231,"column":5}},"95":{"start":{"line":221,"column":8},"end":{"line":223,"column":11}},"96":{"start":{"line":222,"column":12},"end":{"line":222,"column":52}},"97":{"start":{"line":226,"column":8},"end":{"line":226,"column":21}},"98":{"start":{"line":227,"column":8},"end":{"line":227,"column":54}},"99":{"start":{"line":230,"column":8},"end":{"line":230,"column":23}},"100":{"start":{"line":234,"column":0},"end":{"line":240,"column":2}},"101":{"start":{"line":235,"column":4},"end":{"line":237,"column":5}},"102":{"start":{"line":236,"column":8},"end":{"line":236,"column":31}},"103":{"start":{"line":239,"column":4},"end":{"line":239,"column":19}},"104":{"start":{"line":242,"column":0},"end":{"line":246,"column":2}},"105":{"start":{"line":243,"column":4},"end":{"line":243,"column":47}},"106":{"start":{"line":245,"column":4},"end":{"line":245,"column":58}
[...]
g) {","                pluginHooks = pluginHooks.concat(","                    exports.getHooksArrayFromPath_(path, pluginConfig));","            }","        }","    });","","    return hooks.concat(pluginHooks);","};","","exports.invoke = function (path, scope, opt_callback) {","    var after = exports.getHooksFromPath(path + '.after'),","        before = exports.getHooksFromPath(path + '.before'),","        beforeOperations,","        afterOperations,","        options = scope.options,","        context;","","    if (options.hooks === false || process.env.NODEGH_HOOK_IS_LOCKED) {","        opt_callback && opt_callback();","        return;","    }","","    context = exports.createContext(scope);","","    beforeOperations = [","","        function (callback) {","            exports.setupPlugins_(context, 'setupBeforeHooks', callback);","        }","    ];","","    before.forEach(function (cmd) {","        beforeOperations.push(exports.wrapCommand_(cmd, context, 'before'));","    });","","    afterOperations = [","","        function (callback) {","            exports.setupPlugins_(context, 'setupAfterHooks', callback);","        }","    ];","","    after.forEach(function (cmd) {","        afterOperations.push(exports.wrapCommand_(cmd, context, 'after'));","    });","","    afterOperations.push(function (callback) {","        process.env.NODEGH_HOOK_IS_LOCKED = false;","        callback();","    });","","    process.env.NODEGH_HOOK_IS_LOCKED = true;","","    async.series(beforeOperations, function () {","        opt_callback && opt_callback(function () {","            async.series(afterOperations);","        });","    });","};","","exports.setupPlugins_ = function (context, setupFn, opt_callback) {","    var plugins = configs.getPlugins(),","        operations = [];","","    plugins.forEach(function (plugin) {","        try {","            plugin = configs.getPlugin(plugin);","        }","        catch(e) {","            logger.warn('Can\\'t get ' + plugin + ' plugin.');","        }","","        if (plugin && plugin[setupFn]) {","            operations.push(function (callback) {","                plugin[setupFn](context, callback);","            });","        }","    });","","    async.series(operations, function () {","        opt_callback && opt_callback();","    });","};","","exports.wrapCommand_ = function (cmd, context, when) {","    return function (callback) {","        var raw = logger.compileTemplate(cmd, context);","","        if (!raw) {","            callback && callback();","            return;","        }","","        logger.log(logger.colors.cyan('[hook]'), truncate(raw.trim(), 120));","","        try {","            exec.execSyncInteractiveStream(raw, {cwd: process.cwd()});","        } catch(e) {","            logger.debug('[' + when + ' hook failure]');","        } finally {","            logger.debug(logger.colors.cyan('[end of ' + when + ' hook]'));","        }","","        callback && callback();","    };","};",""],"l":{"12":1,"19":1,"20":0,"26":1,"27":0,"31":0,"33":0,"35":0,"36":0,"37":0,"40":0,"43":1,"44":0,"49":0,"53":0,"54":0,"56":0,"58":0,"59":0,"61":0,"62":0,"68":0,"71":1,"72":0,"79":0,"80":0,"81":0,"84":0,"86":0,"89":0,"93":0,"94":0,"97":0,"100":0,"104":0,"105":0,"108":0,"109":0,"110":0,"113":0,"115":0,"116":0,"117":0,"122":1,"123":0,"126":0,"127":0,"128":0,"131":0,"134":0,"135":0,"136":0,"141":0,"142":0,"146":1,"147":0,"148":0,"150":0,"151":0,"152":0,"155":0,"157":0,"158":0,"160":0,"162":0,"165":0}},"/home/travis/build/npmtest/node-npmtest-gh/node_modules/gh/lib/rest-api-client.js":{"path":"/home/travis/build/npmtest/node-npmtest-gh/node_modules/gh/lib/rest-api-client.js","s":{"1":1,"2":0,"3":0,"4":1,"5":1,"6":1,"7":1,"8":1,"9":1,"10":1,"11":0,"12":0,"13":0,"14":1,"15":0,"16":1,"17":0,"18":0,"19":0,"20":1,"21":0,"22":0,"23":0,"24":0,"25":0,"26":0,"27":1,"28":0,"29":0,"30":0,"31":0,"32":0,"33":0,"34":0,"35":0,"36":0,"37":0,"38":0,"39":0,"40":0,"41":0,"42":0,"43":0,"44":0,"45":0,"46":0,"47":0,"48":0,"49":0,"50":0,"51":0,"52":0,"53":0,"54":0,"55":0,"56":0,"57":1,"58":0,"59":1,"60":0,"61":1,"62":0,"63":1,"64":0,"65":1,"66":1,"67":1},"b":{"1":[0,0],"2":[0,0],"3":[0,0],"4":[0,0],"5":[0,0],"6":[0,0],"7":[0,0],"8":[0,0],"9":[0,0],"10":[0,0]},"f":{"1":0,"2":1,"3":0,"4":0,"5":0,"6":0,"7":0,"8":0,"9":0,"10":0,"11":0,"12":0,"13":0},"fnMap":{"1":{"name":"_classCallCheck","line":3,"loc":{"start":{"line":3,"column":0},"end":{"line":3,"column":48}}},"2":{"name":"(anonymous_2)","line":11,"loc":{"start":{"line":11,"column":21},"end":{"line":11,"column":33}}},"3":{"name":"RestApiClient","line":12,"loc":{"start":{"line":12,"column":4},"end":{"line":12,"column":36}}},"4":{"name":"encode","line":19,"loc":{"start":{"line":19,"column":37},"end":{"line":19,"column":55}}},"5":{"name":"url","line":23,"loc":{"start":{"line":23,"column":34},"end":{"line":23,"column":64}}},"6":{"name":"authorize","line":36,"loc":{"start":{"line":36,"column":40},"end":{"line":36,"column":62}}},"7":{"name":"request","line":52,"loc":{"start":{"line":52,"column":38},"end":{"line":52,"column":77}}},"8":{"name":"(anonymous_8)","line":78,"loc":{"start":{"line":78,"column":27},"end":{"line":78,"column":54}}},"9":{"name":"(anonymous_9)","line":81,"loc":{"start":{"line":81,"column":24},"end":{"line":81,"column":51}}},"10":{"name":"get","line":112,"loc":{"start":{"line":112,"column":34},"end":{"line":112,"column":49}}},"11":{"name":"post","line":116,"loc":{"start":{"line":116,"column":35},"end":{"line":116,"column":51}}},"12":{"name":"put","line":120,"loc":{"start":{"line":120,"column":34},"end":{"line":120,"column":49}}},"13":{"name":"_delete","line":124,"loc":{"start":{"line":124,"column":40},"end":{"line":124,"column":59}}}},"statementMap":{"1":{"start":{"line":3,"column":0},"end":{"line":3,"column":153}},"2":{"start":{"line":3,"column":50},"end":{"line":3,"column":151}},"3":{"start":{"line":3,"column":92},"end":{"line":3,"column":149}},"4":{"start":{"line":5,"column":0},"end":{"line":5,"column":34}},"5":{"start":{"line":6,"column":0},"end":{"line":6,"column":27}},"6":{"start":{"line":7,"column":0},"end":{"line":7,"column":26}},"7":{"start":{"line":8,"column":0},"end":{"line":8,"column":31}},"8":{"start":{"line":9,"column":0},"end":{"line":9,"column":33}},"9":{"start":{"line":11,"column":0},"end":{"line":129,"column":5}},"10":{"start":{"line":12,"column":4},"end":{"line":17,"column":5}},"11":{"start":{"line":13,"column":8},"end":{"line":13,"column":45}},"12":{"start":{"line":15,"column":8},"end":{"line":15,"column":61}},"13":{"start":{"line":16,"column":8},"end":{"line":16,"column":31}},"14":{"start":{"line":19,"column":4},"end":{"line":21,"column":6}},"15":{"start":{"line":20,"column":8},"end":{"line":20,"column":57}},"16":{"start":{"line":23,"column":4},"end":{"line":34,"column":6}},"17":{"start":{"line":24,"column":8},"end":{"line":24,"column":35}},"18":{"start":{"line":25,"column":8},"end":{"line":31,"column":11}},"19":{"start":{"line":33,"column":8},"end":{"line":33,"column":39}},"20":{"start":{"line":36,"column":4},"end":{"line":50,"column":6}},"21":{"start":{"line":37,"column":8},"end":{"line":37,"column":35}},"22":{"start":{"line":39,"column":8},"end":{"line":42,"column":9}},"23":{"start":{"line":40,"column":12},"end":{"line":40,"column":36}},"24":{"start":{"line":41,"column":12},"end":{"line":41,"column":19}},"25":{"start":{"line":44,"column":8},"end":{"line":49,"column":9}},"26":{"start":{"line":45,"column":12},"end":{"line":48,"column":14}},"27":{"start":{"line":52,"column":4},"end":{"line":110,"column":6}},"28":{"start":{"line":53,"column":8},"end":{"line":57,"column":9}},"29":{"start":{"line":54,"column":12},"end":{"line":54,"column":40}},"30":{"start":{"line":55,"column":12},"end":{"line":55,"column":33}},"31":{"start":{"line":56,"column":12},"end":{"line":56,"column":50}},"32":{"start":{"line":59,"column":8},"end":{"line":59,"column":35}},"33":{"start":{"line":61,"column":8},"end":{"line":67,"column":10}},"34":{"start":{"line":69,"column":8},"end":{"line":71,"column":9}},"35":{"start":{"line":70,"column":12},"end":{"line":70,"column":40}},"36":{"start":{"line":73,"column":8},"end":{"line":73,"column":26}},"37":{"start":{"line":75,"column":8},"end":{"line":75,"column":54}},"38":{"start":{"line":76,"column":8},"end":{"line":76,"column":41}},"39":{"start":{"line":78,"column":8},"end":{"line":109,"column":11}},"40":{"start":{"line":79,"column":12},"end":{"line":79,"column":103}},"41":{"start":{"line":80,"column":12},"end":{"line":80,"column":29}},"42":{"start":{"line":81,"column":12},"end":{"line":108,"column":15}},"43":{"start":{"line":82,"column":16},"end":{"line":82,"column":47}},"44":{"start":{"line":83,"column":16},"end":{"line":83,"column":160}},"45":{"start":{"line":85,"column":16},"end":{"line":90,"column":17}},"46":{"start":{"line":86,"column":20},"end":{"line":86,"column":55}},"47":{"start":{"line":87,"column":20},"end":{"line":87,"column":52}},"48":{"start":{"line":88,"column":20},"end":{"line":88,"column":50}},"49":{"start":{"line":89,"column":20},"end":{"line":89,"column":48}},"50":{"start":{"line":92,"column":16},"end":{"line":95,"column":17}},"51":{"start":{"line":93,"column":20},"end":{"line":93,"column":34}},"52":{"start":{"line":94,"column":20},"end":{"line":94,"column":27}},"53":{"start":{"line":97,"column":16},"end":{"line":105,"column":17}},"54":{"start":{"line":98,"column":20},"end":{"line":103,"column":23}},"55":{"start":{"line":104,"column":20},"end":{"line":104,"column":27}},"56":{"start":{"line":107,"column":16},"end":{"line":107,"column":34}},"57":{"start":{"line":112,"column":4},"end":{"line":114,"column":6}},"58":{"start":{"line":113,"column":8},"end":{"line":113,"column":46}},"59":{"start":{"line":116,"column":4},"end":{"line":118,"column":6}},"60":{"start":{"line":117,"column":8},"end":{"line":117,"column":47}},"61":{"start":{"line":120,"column":4},"end":{"line":122,"column":6}},"62":{"start":{"line":121,"column":8},"end":{"line":121,"column":46}},"63":{"start":{"line":124,"column":4},"end":{"line":126,"column":6}},"64":{"start":{"line":125,"column":8},"end":{"line":125,"column":49}},"65":{"start":{"line":128,"column":4},"end":{"line":128,"column":25}},"66":{"start":{"line":131,"column":0},"end":{"line":140,"column":2}},"67":{"start":{"line":142,"column":0},"end":{"line":142,"column":31}}},"branchMap":{"1":{"line":3,"type":"if","locations":[{"start":{"line":3,"column":50},"end":{"line":3,"column":50}},{"start":{"line":3,"column":50},"end":{"line":3,"column":50}}]},"2":{"line":39,"type":"if","locations":[{"start":{"line":39,"column":8},"end":{"line":39,"column":8}},{"start":{"line":39,"column":8},"end":{"line":39,"column":8}}]},"3":{"line":44,"type":"if","locations":[{"start":{"line":44,"column":8},"end":{"line":44,"column":8}},{"start":{"line":44,"column":8},"end":{"line":44,"column":8}}]},"4":{"line":53,"type":"if","locations":[{"start":{"line":53,"column":8},"end":{"line":53,"column":8}},{"start":{"line":53,"column":8},"end":{"line":53,"column":8}}]},"5":{"line":69,"type":"if","locations":[{"start":{"line":69,"column":8},"end":{"line":69,"column":8}},{"start":{"line":69,"column":8},"end":{"line":69,"column":8}}]},"6":{"line":83,"type":"binary-expr","locations":[{"start":{"line":83,"column":126},"end":{"line":83,"column":134}},{"start":{"line":83,"column":138},"end":{"line":83,"column":157}}]},"7":{"line":85,"type":"if","locations":[{"start":{"line":85,"column":16},"end":{"line":85,"column":16}},{"start":{"line":85,"column":16},"end":{"line":85,"column":16}}]},"8":{"line":92,"type":"if","locations":[{"start":{"line":92,"column":16},"end":{"line":92,"column":16}},{"start":{"line":92,"column":16},"end":{"line":92,"column":16}}]},"9":{"line":97,"type":"if","locations":[{"start":{"line":97,"column":16},"end":{"line":97,"column":16}},{"start":{"line":97,"column":16},"end":{"line":97,"column":16}}]},"10":{"line":97,"type":"binary-expr","locations":[{"start":{"line":97,"column":20},"end":{"line":97,"column":45}},{"start":{"line":97,"column":49},"end":{"line":97,"column":74}}]}},"code":["'use strict';","","function _classCallCheck(instance, Constructor) { if (!(instance instanceof Constructor)) { throw new TypeError('Cannot call a class as a function'); } }","","var _request = require('request');","var http = require('http');","var _url = require('url');","var lodash = require('lodash');","var logger = require('./logger');","","var RestApiClient = (function () {","    function RestApiClient(options) {","        _classCallCheck(this, RestApiClient);","","        options = lodash.merge(this.DEFAULT_CONFIG, options);","        this.options = options;","    }","","    RestApiClient.prototype.encode = function encode() {","        return encodeURIComponent.apply(this, arguments);","    };","","    RestApiClient.prototype.url = function url(pathname, query) {","        var options = this.options;","        var uri = _url.format({","            protocol: options.protocol,","            hostname: options.host,","            port: options.port,","            pathname: options.base + pathname,","            query: query","        });","","        return decodeURIComponent(uri);","    };","","    RestApiClient.prototype.authorize = function authorize(p) {","        var options = this.options;","","        if (p.oauth) {","            p.oauth = options.oauth;","            return;","        }","","        if (typeof options.user === 'string') {","            p.auth = {","                'user': options.user,","                'pass': options.password","            };","        }","    };","","    RestApiClient.prototype.request = function request(method, path, params) {","        if (typeof path === 'object') {","            var args = Array.from(path);","            args.unshift(method);","            return this.request.apply(this, args);","        }","","        var options = this.options;","","        var p = {","            strictSSL: options.strictSSL,","            method: method,","            uri: this.url(path),","            json: true,","            followAllRedirects: true","        };","","        if (params) {","            p = lodash.merge(p, params);","        }","","        this.authorize(p);","","        var id = Math.floor(Math.random() * 10000000);","        var begin = new Date().getTime();","","        return new Promise(function (resolve, reject) {","            logger.debug('New request #' + id + ' started at ' + begin + ':\\n' + method + ' ' + p.uri);","            logger.insane(p);","            _request(p, function (error, response) {","                var end = new Date().getTime();","                logger.debug('End of request #' + id + ' at ' + end + ' (' + (end - begin) + 'ms)' + ' with status code: ' + (response && response.statusCode));","","                if (response) {","                    logger.insane('Response headers:');","                    logger.insane(response.headers);","                    logger.debug('Response body');","                    logger.debug(response.body);","                }","","                if (error) {","                    reject(error);","                    return;","                }","","                if (response.statusCode < 200 || response.statusCode > 399) {","                    reject({","                        error: response.statusCode + ' ' + http.STATUS_CODES[response.statusCode],","                        code: response.statusCode,","                        msg: http.STATUS_CODES[response.statusCode],","                        response: response","                    });","                    return;","                }","","                resolve(response);","            });","        });","    };","","    RestApiClient.prototype.get = function get() {","        return this.request('GET', arguments);","    };","","    RestApiClient.prototype.post = function post() {","        return this.request('POST', arguments);","    };","","    RestApiClient.prototype.put = function put() {","        return this.request('PUT', arguments);","    };","","    RestApiClient.prototype['delete'] = function _delete() {","        return this.request('DELETE', arguments);","    };","","    return RestApiClient;","})();","","RestApiClient.prototype.DEFAULT_CONFIG = {","    protocol: 'https',","    host: 'localhost',","    port: '443',","    user: 'user',","    password: 'password',","    base: '',","    // oauth: undefined,","    strictSSL: true","};","","module.exports = RestApiClient;",""],"l":{"3":1,"5":1,"6":1,"7":1,"8":1,"9":1,"11":1,"12":1,"13":0,"15":0,"16":0,"19":1,"20":0,"23":1,"24":0,"25":0,"33":0,"36":1,"37":0,"39":0,"40":0,"41":0,"44":0,"45":0,"52":1,"53":0,"54":0,"55":0,"56":0,"59":0,"61":0,"69":0,"70":0,"73":0,"75":0,"76":0,"78":0,"79":0,"80":0,"81":0,"82":0,"83":0,"85":0,"86":0,"87":0,"88":0,"89":0,"92":0,"93":0,"94":0,"97":0,"98":0,"104":0,"107":0,"112":1,"113":0,"116":1,"117":0,"120":1,"121":0,"124":1,"125":0,"128":1,"131":1,"142":1}},"/home/travis/build/npmtest/node-npmtest-gh/node_modules/gh/tasks/help.js":{"path":"/home/travis/build/npmtest/node-npmtest-gh/node_modules/gh/tasks/help.js","s":{"1":1,"2":1,"3":1,"4":1,"5":0,"6":0,"7":0,"8":0,"9":0,"10":0,"11":0,"12":0,"13":1},"b":{"1":[0,0]},"f":{"1":0,"2":0,"3":0},"fnMap":{"1":{"name":"help","line":22,"loc":{"start":{"line":22,"column":0},"end":{"line":22,"column":16}}},"2":{"name":"(anonymous_2)","line":29,"loc":{"start":{"line":29,"column":20},"end":{"line":29,"column":36}}},"3":{"name":"(anonymous_3)","line":35,"loc":{"start":{"line":35,"column":20},"end":{"line":35,"column":36}}}},"statementMap":{"1":{"start":{"line":3,"column":0},"end":{"line":5,"column":12}},"2":{"start":{"line":7,"column":0},"end":{"line":8,"column":43}},"3":{"start":{"line":10,"column":0},"end":{"line":20,"column":2}},"4":{"start":{"line":22,"column":0},"end":{"line":42,"column":1}},"5":{"start":{"line":23,"column":4},"end":{"line":25,"column":16}},"6":{"start":{"line":27,"column":4},"end":{"line":27,"column":35}},"7":{"start":{"line":29,"column":4},"end":{"line":33,"column":7}},"8":{"start":{"line":30,"column":8},"end":{"line":32,"column":9}},"9":{"start":{"line":31,"column":12},"end":{"line":31,"column":38}},"10":{"start":{"line":35,"column":4},"end":{"line":39,"column":7}},"11":{"start":{"line":36,"column":8},"end":{"line":38,"column":33}},"12":{"start":{"line":41,"column":4},"end":{"line":41,"column":45}},"13":{"start":{"line":44,"column":0},"end":{"line":44,"column":22}}},"branchMap":{"1":{"line":30,"type":"if","locations":[{"start":{"line":30,"column":8},"end":{"line":30,"column":8}},{"start":{"line":30,"column":8},"end":{"line":30,"column":8}}]}},"code":["'use strict';","","var colors = require('colors'),","    header,","    content;","","header = '\\nusage: gulp <command>\\n\\n' +","    'The most commonly used gh tasks are:';","","content = {","    'lint': 'Lint code',","    'complexity': 'Show code complexity analysis summary',","    'plato': 'Create advanced code complexity static analysis in HTML',","    'unit': 'Run unit tests and create code coverage report in HTML',","    'test': 'Run all code quality tools',","    'coverage-report': 'Open code coverage report',","    'plato-report': 'Open code complexity and static analysis report',","    'watch': 'Watch for any changes and run linting and tests',","    'ci-reports': 'Open CI reports page'","};","","function help() {","    var output = '',","        spacing = 0,","        methods;","","    methods = Object.keys(content);","","    methods.forEach(function (item) {","        if (spacing < item.length) {","            spacing = item.length + 1;","        }","    });","","    methods.forEach(function (item) {","        output += '  ' + colors.cyan(item) +","            new Array(spacing - item.length + 2).join(' ') +","            content[item] + '\\n';","    });","","    console.log([header, output].join('\\n'));","}","","module.exports = help;",""],"l":{"3":1,"7":1,"10":1,"22":1,"23":0,"27":0,"29":0,"30":0,"31":0,"35":0,"36":0,"41":0,"44":1}}}